[2018-05-26 11:51:58.621422] INFO: jiekou: 当前模块 requests封装
[2018-05-26 11:51:58.622422] INFO: jiekou: 全部args参数参数信息 , ()
[2018-05-26 11:51:58.623422] INFO: jiekou: 全部kwargs参数信息 , {}
[2018-05-26 11:51:58.638422] INFO: jiekou: 当前模块 解析测试用例文件
[2018-05-26 11:51:58.639422] INFO: jiekou: 全部args参数参数信息 , ('E:\\接口测试\\jiekou-python3-master\\test_case_data\\case1.xlsx',)
[2018-05-26 11:51:58.639422] INFO: jiekou: 全部kwargs参数信息 , {}
[2018-05-26 11:51:58.662422] INFO: jiekou: 当前模块 解析测试用例文件
[2018-05-26 11:51:58.662422] INFO: jiekou: 全部args参数参数信息 , ('E:\\接口测试\\jiekou-python3-master\\test_case_data\\case1.xlsx',)
[2018-05-26 11:51:58.663422] INFO: jiekou: 全部kwargs参数信息 , {}
[2018-05-26 11:51:58.676422] INFO: jiekou: 当前模块 测试
[2018-05-26 11:51:58.677422] INFO: jiekou: 全部args参数参数信息 , ()
[2018-05-26 11:51:58.677422] INFO: jiekou: 全部kwargs参数信息 , {}
[2018-05-26 11:51:58.717422] INFO: jiekou: inputdata> 参数:, url:http://sp.ejw.cn/msg/v1/msgtemplates ,返回:{'result': 403, 'code': 0, 'result_act': '{"error_code":99999,"message":"没有权限访问此接口"}\n'},预期:code=403
[2018-05-26 11:51:58.719422] INFO: jiekou: 当前模块 断言测试结果
[2018-05-26 11:51:58.721422] INFO: jiekou: 全部args参数参数信息 , ()
[2018-05-26 11:51:58.723422] INFO: jiekou: 全部kwargs参数信息 , {'asserqiwang': 'code=403', 'fanhuijson': {'result': 403, 'code': 0, 'result_act': '{"error_code":99999,"message":"没有权限访问此接口"}\n'}}
[2018-05-26 11:51:58.762422] INFO: jiekou: inputdata> 参数:, url:http://sp.ejw.cn/msg/v1/sendmessage/1msgId1 ,返回:{'result': 403, 'code': 0, 'result_act': '{"error_code":99999,"message":"没有权限访问此接口"}\n'},预期:code=403
[2018-05-26 11:51:58.764422] INFO: jiekou: 当前模块 断言测试结果
[2018-05-26 11:51:58.767422] INFO: jiekou: 全部args参数参数信息 , ()
[2018-05-26 11:51:58.768422] INFO: jiekou: 全部kwargs参数信息 , {'asserqiwang': 'code=403', 'fanhuijson': {'result': 403, 'code': 0, 'result_act': '{"error_code":99999,"message":"没有权限访问此接口"}\n'}}
[2018-05-26 11:51:58.799422] INFO: jiekou: inputdata> 参数:, url:http://sp.ejw.cn/msg/v1/msgtemplate/1tempId1/status ,返回:{'result': 403, 'code': 0, 'result_act': '{"error_code":99999,"message":"没有权限访问此接口"}\n'},预期:code=403
[2018-05-26 11:51:58.800422] INFO: jiekou: 当前模块 断言测试结果
[2018-05-26 11:51:58.802422] INFO: jiekou: 全部args参数参数信息 , ()
[2018-05-26 11:51:58.803422] INFO: jiekou: 全部kwargs参数信息 , {'asserqiwang': 'code=403', 'fanhuijson': {'result': 403, 'code': 0, 'result_act': '{"error_code":99999,"message":"没有权限访问此接口"}\n'}}
[2018-05-26 11:51:58.847422] INFO: jiekou: inputdata> 参数:, url:http://sp.ejw.cn/msg/v1/user/sendmessage ,返回:{'result': 404, 'code': 0, 'result_act': '{\n\t"code":"404",\n\t"message":"资源不存在",\n\t"errors":{}\n}'},预期:code=403
[2018-05-26 11:51:58.849422] INFO: jiekou: 当前模块 断言测试结果
[2018-05-26 11:51:58.850422] INFO: jiekou: 全部args参数参数信息 , ()
[2018-05-26 11:51:58.852422] INFO: jiekou: 全部kwargs参数信息 , {'asserqiwang': 'code=403', 'fanhuijson': {'result': 404, 'code': 0, 'result_act': '{\n\t"code":"404",\n\t"message":"资源不存在",\n\t"errors":{}\n}'}}
[2018-05-26 11:51:58.897422] INFO: jiekou: inputdata> 参数:, url:http://sp.ejw.cn/msg/v1/msgtemplate ,返回:{'result': 403, 'code': 0, 'result_act': '{"error_code":99999,"message":"没有权限访问此接口"}\n'},预期:code=403
[2018-05-26 11:51:58.898422] INFO: jiekou: 当前模块 断言测试结果
[2018-05-26 11:51:58.900422] INFO: jiekou: 全部args参数参数信息 , ()
[2018-05-26 11:51:58.901422] INFO: jiekou: 全部kwargs参数信息 , {'asserqiwang': 'code=403', 'fanhuijson': {'result': 403, 'code': 0, 'result_act': '{"error_code":99999,"message":"没有权限访问此接口"}\n'}}
[2018-05-26 11:51:58.942422] INFO: jiekou: inputdata> 参数:, url:http://sp.ejw.cn/msg/v1/msgtemplate-default/1defaultId1 ,返回:{'result': 403, 'code': 0, 'result_act': '{"error_code":99999,"message":"没有权限访问此接口"}\n'},预期:code=403
[2018-05-26 11:51:58.944422] INFO: jiekou: 当前模块 断言测试结果
[2018-05-26 11:51:58.945422] INFO: jiekou: 全部args参数参数信息 , ()
[2018-05-26 11:51:58.947422] INFO: jiekou: 全部kwargs参数信息 , {'asserqiwang': 'code=403', 'fanhuijson': {'result': 403, 'code': 0, 'result_act': '{"error_code":99999,"message":"没有权限访问此接口"}\n'}}
[2018-05-26 11:51:58.998422] INFO: jiekou: inputdata> 参数:, url:http://sp.ejw.cn/msg/v1/msgtemplate/1tempId1 ,返回:{'result': 500, 'code': 0, 'result_act': '{\n\t"code":"500",\n\t"message":"服务器异常",\n\t"errors":{}\n}'},预期:code=403
[2018-05-26 11:51:59.000422] INFO: jiekou: 当前模块 断言测试结果
[2018-05-26 11:51:59.002422] INFO: jiekou: 全部args参数参数信息 , ()
[2018-05-26 11:51:59.004422] INFO: jiekou: 全部kwargs参数信息 , {'asserqiwang': 'code=403', 'fanhuijson': {'result': 500, 'code': 0, 'result_act': '{\n\t"code":"500",\n\t"message":"服务器异常",\n\t"errors":{}\n}'}}
[2018-05-26 11:51:59.060422] INFO: jiekou: inputdata> 参数:, url:http://sp.ejw.cn/msg/v1/msgtemplate/1tempId1 ,返回:{'result': 200, 'code': 0, 'result_act': '0'},预期:code=403
[2018-05-26 11:51:59.062422] INFO: jiekou: 当前模块 断言测试结果
[2018-05-26 11:51:59.063422] INFO: jiekou: 全部args参数参数信息 , ()
[2018-05-26 11:51:59.064422] INFO: jiekou: 全部kwargs参数信息 , {'asserqiwang': 'code=403', 'fanhuijson': {'result': 200, 'code': 0, 'result_act': '0'}}
[2018-05-26 11:51:59.107422] INFO: jiekou: inputdata> 参数:, url:http://sp.ejw.cn/msg/v1/msgtemplate/1tempId1 ,返回:{'result': 403, 'code': 0, 'result_act': '{"error_code":99999,"message":"没有权限访问此接口"}\n'},预期:code=403
[2018-05-26 11:51:59.108422] INFO: jiekou: 当前模块 断言测试结果
[2018-05-26 11:51:59.110422] INFO: jiekou: 全部args参数参数信息 , ()
[2018-05-26 11:51:59.111422] INFO: jiekou: 全部kwargs参数信息 , {'asserqiwang': 'code=403', 'fanhuijson': {'result': 403, 'code': 0, 'result_act': '{"error_code":99999,"message":"没有权限访问此接口"}\n'}}
[2018-05-26 11:51:59.148422] INFO: jiekou: inputdata> 参数:, url:http://sp.ejw.cn/msg/v1/sendmessages ,返回:{'result': 403, 'code': 0, 'result_act': '{"error_code":99999,"message":"没有权限访问此接口"}\n'},预期:code=403
[2018-05-26 11:51:59.150422] INFO: jiekou: 当前模块 断言测试结果
[2018-05-26 11:51:59.151422] INFO: jiekou: 全部args参数参数信息 , ()
[2018-05-26 11:51:59.152422] INFO: jiekou: 全部kwargs参数信息 , {'asserqiwang': 'code=403', 'fanhuijson': {'result': 403, 'code': 0, 'result_act': '{"error_code":99999,"message":"没有权限访问此接口"}\n'}}
[2018-05-26 11:51:59.291422] INFO: jiekou: inputdata> 参数:, url:http://sp.ejw.cn/msg/v1/sendmessages ,返回:{'result': 400, 'code': 0, 'result_act': '{\n\t"code":400,\n\t"message":"参数异常",\n\t"errors":[]\n}'},预期:code=403
[2018-05-26 11:51:59.293422] INFO: jiekou: 当前模块 断言测试结果
[2018-05-26 11:51:59.295422] INFO: jiekou: 全部args参数参数信息 , ()
[2018-05-26 11:51:59.296422] INFO: jiekou: 全部kwargs参数信息 , {'asserqiwang': 'code=403', 'fanhuijson': {'result': 400, 'code': 0, 'result_act': '{\n\t"code":400,\n\t"message":"参数异常",\n\t"errors":[]\n}'}}
[2018-05-26 11:51:59.448422] INFO: jiekou: inputdata> 参数:, url:http://sp.ejw.cn/msg/v1/messages/count ,返回:{'result': 200, 'code': 0, 'result_act': '{\n\t"userCount":0,\n\t"count":1,\n\t"sysCount":0,\n\t"platformCount":1\n}'},预期:code=403
[2018-05-26 11:51:59.451422] INFO: jiekou: 当前模块 断言测试结果
[2018-05-26 11:51:59.453422] INFO: jiekou: 全部args参数参数信息 , ()
[2018-05-26 11:51:59.454422] INFO: jiekou: 全部kwargs参数信息 , {'asserqiwang': 'code=403', 'fanhuijson': {'result': 200, 'code': 0, 'result_act': '{\n\t"userCount":0,\n\t"count":1,\n\t"sysCount":0,\n\t"platformCount":1\n}'}}
[2018-05-26 11:51:59.641422] INFO: jiekou: inputdata> 参数:, url:http://sp.ejw.cn/msg/v1/messages ,返回:{'result': 200, 'code': 0, 'result_act': '{\n\t"data":[\n\t\t{\n\t\t\t"gmtSend":"2018-05-21T12:49:01+08:00",\n\t\t\t"msgContent":"",\n\t\t\t"msgId":424,\n\t\t\t"msgLevel":0,\n\t\t\t"msgNo":"1526878141794",\n\t\t\t"msgTitle":"邮件测试",\n\t\t\t"msgType":1,\n\t\t\t"receiverId":233,\n\t\t\t"receiverName":"us_20180519115816l3",\n\t\t\t"receiverType":1,\n\t\t\t"recordId":71367,\n\t\t\t"sendType":1,\n\t\t\t"senderId":0,\n\t\t\t"senderName":"智平台",\n\t\t\t"status":0\n\t\t}\n\t],\n\t"page":{\n\t\t"endRow":1,\n\t\t"firstPage":true,\n\t\t"hasNextPage":false,\n\t\t"hasPrePage":false,\n\t\t"lastPage":true,\n\t\t"limit":10,\n\t\t"nextPage":1,\n\t\t"offset":0,\n\t\t"page":1,\n\t\t"prePage":1,\n\t\t"startRow":1,\n\t\t"totalCount":1,\n\t\t"totalPages":1\n\t}\n}'},预期:code=403
[2018-05-26 11:51:59.643422] INFO: jiekou: 当前模块 断言测试结果
[2018-05-26 11:51:59.644422] INFO: jiekou: 全部args参数参数信息 , ()
[2018-05-26 11:51:59.646422] INFO: jiekou: 全部kwargs参数信息 , {'asserqiwang': 'code=403', 'fanhuijson': {'result': 200, 'code': 0, 'result_act': '{\n\t"data":[\n\t\t{\n\t\t\t"gmtSend":"2018-05-21T12:49:01+08:00",\n\t\t\t"msgContent":"",\n\t\t\t"msgId":424,\n\t\t\t"msgLevel":0,\n\t\t\t"msgNo":"1526878141794",\n\t\t\t"msgTitle":"邮件测试",\n\t\t\t"msgType":1,\n\t\t\t"receiverId":233,\n\t\t\t"receiverName":"us_20180519115816l3",\n\t\t\t"receiverType":1,\n\t\t\t"recordId":71367,\n\t\t\t"sendType":1,\n\t\t\t"senderId":0,\n\t\t\t"senderName":"智平台",\n\t\t\t"status":0\n\t\t}\n\t],\n\t"page":{\n\t\t"endRow":1,\n\t\t"firstPage":true,\n\t\t"hasNextPage":false,\n\t\t"hasPrePage":false,\n\t\t"lastPage":true,\n\t\t"limit":10,\n\t\t"nextPage":1,\n\t\t"offset":0,\n\t\t"page":1,\n\t\t"prePage":1,\n\t\t"startRow":1,\n\t\t"totalCount":1,\n\t\t"totalPages":1\n\t}\n}'}}
[2018-05-26 11:51:59.776422] INFO: jiekou: inputdata> 参数:, url:http://sp.ejw.cn/msg/v1/messages ,返回:{'result': 400, 'code': 0, 'result_act': '{\n\t"code":400,\n\t"message":"请求参数异常",\n\t"errors":[]\n}'},预期:code=403
[2018-05-26 11:51:59.778422] INFO: jiekou: 当前模块 断言测试结果
[2018-05-26 11:51:59.780422] INFO: jiekou: 全部args参数参数信息 , ()
[2018-05-26 11:51:59.782422] INFO: jiekou: 全部kwargs参数信息 , {'asserqiwang': 'code=403', 'fanhuijson': {'result': 400, 'code': 0, 'result_act': '{\n\t"code":400,\n\t"message":"请求参数异常",\n\t"errors":[]\n}'}}
[2018-05-26 11:51:59.833422] INFO: jiekou: inputdata> 参数:, url:http://sp.ejw.cn/msg/v1/messages ,返回:{'result': 400, 'code': 0, 'result_act': '{"msg":"参数错误","code":"400","errors":[{"msg":"instance type (string) does not match any allowed primitive type (allowed: [array])","field":"\\"\\"","description":""}]}'},预期:code=403
[2018-05-26 11:51:59.835422] INFO: jiekou: 当前模块 断言测试结果
[2018-05-26 11:51:59.837422] INFO: jiekou: 全部args参数参数信息 , ()
[2018-05-26 11:51:59.839422] INFO: jiekou: 全部kwargs参数信息 , {'asserqiwang': 'code=403', 'fanhuijson': {'result': 400, 'code': 0, 'result_act': '{"msg":"参数错误","code":"400","errors":[{"msg":"instance type (string) does not match any allowed primitive type (allowed: [array])","field":"\\"\\"","description":""}]}'}}
[2018-05-26 11:51:59.869422] INFO: jiekou: inputdata> 参数:, url:http://sp.ejw.cn/msg/v1/platform/sendmessage ,返回:{'result': 403, 'code': 0, 'result_act': '{"error_code":99999,"message":"没有权限访问此接口"}\n'},预期:code=403
[2018-05-26 11:51:59.871422] INFO: jiekou: 当前模块 断言测试结果
[2018-05-26 11:51:59.873422] INFO: jiekou: 全部args参数参数信息 , ()
[2018-05-26 11:51:59.875422] INFO: jiekou: 全部kwargs参数信息 , {'asserqiwang': 'code=403', 'fanhuijson': {'result': 403, 'code': 0, 'result_act': '{"error_code":99999,"message":"没有权限访问此接口"}\n'}}
[2018-05-26 11:51:59.907422] INFO: jiekou: inputdata> 参数:, url:http://sp.ejw.cn/msg/v1/message/1recordId1 ,返回:{'result': 400, 'code': 0, 'result_act': '{\n\t"code":400,\n\t"message":"请求参数异常",\n\t"errors":[]\n}'},预期:code=403
[2018-05-26 11:51:59.908422] INFO: jiekou: 当前模块 断言测试结果
[2018-05-26 11:51:59.909422] INFO: jiekou: 全部args参数参数信息 , ()
[2018-05-26 11:51:59.909422] INFO: jiekou: 全部kwargs参数信息 , {'asserqiwang': 'code=403', 'fanhuijson': {'result': 400, 'code': 0, 'result_act': '{\n\t"code":400,\n\t"message":"请求参数异常",\n\t"errors":[]\n}'}}
[2018-05-26 11:51:59.957422] INFO: jiekou: inputdata> 参数:, url:http://sp.ejw.cn/msg/v1/system/sendmessage ,返回:{'result': 400, 'code': 0, 'result_act': '{"msg":"参数错误","code":"400","errors":[{"msg":"instance type (string) does not match any allowed primitive type (allowed: [object])","field":"\\"\\"","description":""}]}'},预期:code=403
[2018-05-26 11:51:59.958422] INFO: jiekou: 当前模块 断言测试结果
[2018-05-26 11:51:59.958422] INFO: jiekou: 全部args参数参数信息 , ()
[2018-05-26 11:51:59.959422] INFO: jiekou: 全部kwargs参数信息 , {'asserqiwang': 'code=403', 'fanhuijson': {'result': 400, 'code': 0, 'result_act': '{"msg":"参数错误","code":"400","errors":[{"msg":"instance type (string) does not match any allowed primitive type (allowed: [object])","field":"\\"\\"","description":""}]}'}}
