[2018-05-23 08:53:34.299000] INFO: jiekou: 当前模块 requests封装
[2018-05-23 08:53:34.302000] INFO: jiekou: 全部args参数参数信息 , ()
[2018-05-23 08:53:34.303000] INFO: jiekou: 全部kwargs参数信息 , {}
[2018-05-23 08:53:34.326000] INFO: jiekou: 当前模块 解析测试用例文件
[2018-05-23 08:53:34.326000] INFO: jiekou: 全部args参数参数信息 , ('E:\\接口测试\\jiekou-python3-master\\test_case_data\\case.xlsx',)
[2018-05-23 08:53:34.327000] INFO: jiekou: 全部kwargs参数信息 , {}
[2018-05-23 08:53:34.341000] INFO: jiekou: 当前模块 解析测试用例文件
[2018-05-23 08:53:34.341000] INFO: jiekou: 全部args参数参数信息 , ('E:\\接口测试\\jiekou-python3-master\\test_case_data\\case.xlsx',)
[2018-05-23 08:53:34.342000] INFO: jiekou: 全部kwargs参数信息 , {}
[2018-05-23 08:53:34.346000] INFO: jiekou: 当前模块 测试
[2018-05-23 08:53:34.347000] INFO: jiekou: 全部args参数参数信息 , ()
[2018-05-23 08:53:34.347000] INFO: jiekou: 全部kwargs参数信息 , {}
[2018-05-23 08:53:35.420000] INFO: jiekou: inputdata> 参数:, url:http://admin.ejw.cn/platform/v1/productverifies?pageNo=1&pageSize=10&sort=%7B%22gmtCreate%22%3A%22desc%22%7D&productName=xxx&curEmpId=5  ,返回:{'code': 0, 'result': 200},预期:code=200
[2018-05-23 08:53:35.422000] INFO: jiekou: 当前模块 断言测试结果
[2018-05-23 08:53:35.425000] INFO: jiekou: 全部args参数参数信息 , ()
[2018-05-23 08:53:35.426000] INFO: jiekou: 全部kwargs参数信息 , {'asserqiwang': 'code=200', 'fanhuijson': {'code': 0, 'result': 200}}
[2018-05-23 08:53:35.553000] INFO: jiekou: inputdata> 参数:, url:http://admin.ejw.cn/portal/v1/partners?sort=%7B%22gmtCreate%22%3A%22desc%22%7D&status=0&partnerName=xxxx&pageNo=1&pageSize=10 ,返回:{'code': 0, 'result': 200},预期:code=403
[2018-05-23 08:53:35.554000] INFO: jiekou: 当前模块 断言测试结果
[2018-05-23 08:53:35.555000] INFO: jiekou: 全部args参数参数信息 , ()
[2018-05-23 08:53:35.555000] INFO: jiekou: 全部kwargs参数信息 , {'asserqiwang': 'code=403', 'fanhuijson': {'code': 0, 'result': 200}}
[2018-05-23 08:53:35.692000] INFO: jiekou: inputdata> 参数:, url:http://www.ejw.cn/sp/v1/cp/1/favorites ,返回:{'code': 0, 'result': 404},预期:code=403
[2018-05-23 08:53:35.693000] INFO: jiekou: 当前模块 断言测试结果
[2018-05-23 08:53:35.694000] INFO: jiekou: 全部args参数参数信息 , ()
[2018-05-23 08:53:35.694000] INFO: jiekou: 全部kwargs参数信息 , {'asserqiwang': 'code=403', 'fanhuijson': {'code': 0, 'result': 404}}
[2018-05-23 08:53:35.755000] INFO: jiekou: inputdata> 参数:, url:http://www.ejw.cn/sp/v1/cp/products ,返回:{'code': 0, 'result': 404},预期:code=403
[2018-05-23 08:53:35.756000] INFO: jiekou: 当前模块 断言测试结果
[2018-05-23 08:53:35.757000] INFO: jiekou: 全部args参数参数信息 , ()
[2018-05-23 08:53:35.758000] INFO: jiekou: 全部kwargs参数信息 , {'asserqiwang': 'code=403', 'fanhuijson': {'code': 0, 'result': 404}}
[2018-05-23 08:53:35.818000] INFO: jiekou: inputdata> 参数:, url:http://www.ejw.cn/sp/v1/partners/cp ,返回:{'code': 0, 'result': 404},预期:code=403
[2018-05-23 08:53:35.818000] INFO: jiekou: 当前模块 断言测试结果
[2018-05-23 08:53:35.819000] INFO: jiekou: 全部args参数参数信息 , ()
[2018-05-23 08:53:35.819000] INFO: jiekou: 全部kwargs参数信息 , {'asserqiwang': 'code=403', 'fanhuijson': {'code': 0, 'result': 404}}
[2018-05-23 08:53:35.883000] INFO: jiekou: inputdata> 参数:, url:http://www.ejw.cn/sp/v1/partner/1/employees ,返回:{'code': 0, 'result': 404},预期:code=403
[2018-05-23 08:53:35.885000] INFO: jiekou: 当前模块 断言测试结果
[2018-05-23 08:53:35.887000] INFO: jiekou: 全部args参数参数信息 , ()
[2018-05-23 08:53:35.889000] INFO: jiekou: 全部kwargs参数信息 , {'asserqiwang': 'code=403', 'fanhuijson': {'code': 0, 'result': 404}}
[2018-05-23 08:53:35.932000] INFO: jiekou: inputdata> 参数:, url:http://www.ejw.cn/sp/v1/product/11 ,返回:{'code': 0, 'result': 200},预期:code=403
[2018-05-23 08:53:35.933000] INFO: jiekou: 当前模块 断言测试结果
[2018-05-23 08:53:35.934000] INFO: jiekou: 全部args参数参数信息 , ()
[2018-05-23 08:53:35.935000] INFO: jiekou: 全部kwargs参数信息 , {'asserqiwang': 'code=403', 'fanhuijson': {'code': 0, 'result': 200}}
[2018-05-23 08:53:36.020000] INFO: jiekou: inputdata> 参数:, url:http://www.ejw.cn/sp/v1/sp/11/products ,返回:{'code': 0, 'result': 404},预期:code=403
[2018-05-23 08:53:36.022000] INFO: jiekou: 当前模块 断言测试结果
[2018-05-23 08:53:36.024000] INFO: jiekou: 全部args参数参数信息 , ()
[2018-05-23 08:53:36.026000] INFO: jiekou: 全部kwargs参数信息 , {'asserqiwang': 'code=403', 'fanhuijson': {'code': 0, 'result': 404}}
[2018-05-23 08:53:36.087000] INFO: jiekou: inputdata> 参数:, url:http://www.ejw.cn/sp/v1/partner/11/employee/{empId} ,返回:{'code': 0, 'result': 404},预期:code=403
[2018-05-23 08:53:36.088000] INFO: jiekou: 当前模块 断言测试结果
[2018-05-23 08:53:36.089000] INFO: jiekou: 全部args参数参数信息 , ()
[2018-05-23 08:53:36.090000] INFO: jiekou: 全部kwargs参数信息 , {'asserqiwang': 'code=403', 'fanhuijson': {'code': 0, 'result': 404}}
[2018-05-23 08:53:36.151000] INFO: jiekou: inputdata> 参数:, url:http://www.ejw.cn/sp/v1/favorites/11/product ,返回:{'code': 0, 'result': 404},预期:code=403
[2018-05-23 08:53:36.152000] INFO: jiekou: 当前模块 断言测试结果
[2018-05-23 08:53:36.153000] INFO: jiekou: 全部args参数参数信息 , ()
[2018-05-23 08:53:36.154000] INFO: jiekou: 全部kwargs参数信息 , {'asserqiwang': 'code=403', 'fanhuijson': {'code': 0, 'result': 404}}
[2018-05-23 08:53:36.191000] INFO: jiekou: inputdata> 参数:, url:http://www.ejw.cn/sp/v1/partner/11/employee/12/status ,返回:{'code': 0, 'result': 200},预期:code=403
[2018-05-23 08:53:36.192000] INFO: jiekou: 当前模块 断言测试结果
[2018-05-23 08:53:36.193000] INFO: jiekou: 全部args参数参数信息 , ()
[2018-05-23 08:53:36.194000] INFO: jiekou: 全部kwargs参数信息 , {'asserqiwang': 'code=403', 'fanhuijson': {'code': 0, 'result': 200}}
