[2018-05-24 13:52:39.701000] INFO: jiekou: 当前模块 requests封装
[2018-05-24 13:52:39.702000] INFO: jiekou: 全部args参数参数信息 , ()
[2018-05-24 13:52:39.703000] INFO: jiekou: 全部kwargs参数信息 , {}
[2018-05-24 13:52:39.729000] INFO: jiekou: 当前模块 解析测试用例文件
[2018-05-24 13:52:39.730000] INFO: jiekou: 全部args参数参数信息 , ('E:\\接口测试\\jiekou-python3-master\\test_case_data\\case.xlsx',)
[2018-05-24 13:52:39.731000] INFO: jiekou: 全部kwargs参数信息 , {}
[2018-05-24 13:52:39.762000] INFO: jiekou: 当前模块 解析测试用例文件
[2018-05-24 13:52:39.763000] INFO: jiekou: 全部args参数参数信息 , ('E:\\接口测试\\jiekou-python3-master\\test_case_data\\case.xlsx',)
[2018-05-24 13:52:39.763000] INFO: jiekou: 全部kwargs参数信息 , {}
[2018-05-24 13:52:39.779000] INFO: jiekou: 当前模块 测试
[2018-05-24 13:52:39.780000] INFO: jiekou: 全部args参数参数信息 , ()
[2018-05-24 13:52:39.780000] INFO: jiekou: 全部kwargs参数信息 , {}
[2018-05-24 13:52:39.811000] INFO: jiekou: inputdata> 参数:, url:http://sp.ejw.cn/cp/v1/partner/11/employees ,返回:{'result': 403, 'code': 0, 'result_act': {'message': '没有权限访问此接口', 'error_code': 99999}},预期:code=403
[2018-05-24 13:52:39.812000] INFO: jiekou: 当前模块 断言测试结果
[2018-05-24 13:52:39.812000] INFO: jiekou: 全部args参数参数信息 , ()
[2018-05-24 13:52:39.812000] INFO: jiekou: 全部kwargs参数信息 , {'fanhuijson': {'result': 403, 'code': 0, 'result_act': {'message': '没有权限访问此接口', 'error_code': 99999}}, 'asserqiwang': 'code=403'}
[2018-05-24 13:52:39.835000] INFO: jiekou: inputdata> 参数:, url:http://sp.ejw.cn/cp/v1/partner/11/product ,返回:{'result': 403, 'code': 0, 'result_act': {'message': '没有权限访问此接口', 'error_code': 99999}},预期:code=403
[2018-05-24 13:52:39.836000] INFO: jiekou: 当前模块 断言测试结果
[2018-05-24 13:52:39.836000] INFO: jiekou: 全部args参数参数信息 , ()
[2018-05-24 13:52:39.837000] INFO: jiekou: 全部kwargs参数信息 , {'fanhuijson': {'result': 403, 'code': 0, 'result_act': {'message': '没有权限访问此接口', 'error_code': 99999}}, 'asserqiwang': 'code=403'}
[2018-05-24 13:52:39.860000] INFO: jiekou: inputdata> 参数:, url:http://sp.ejw.cn/cp/v1/partner/11/product/13/off ,返回:{'result': 403, 'code': 0, 'result_act': {'message': '没有权限访问此接口', 'error_code': 99999}},预期:code=403
[2018-05-24 13:52:39.861000] INFO: jiekou: 当前模块 断言测试结果
[2018-05-24 13:52:39.861000] INFO: jiekou: 全部args参数参数信息 , ()
[2018-05-24 13:52:39.862000] INFO: jiekou: 全部kwargs参数信息 , {'fanhuijson': {'result': 403, 'code': 0, 'result_act': {'message': '没有权限访问此接口', 'error_code': 99999}}, 'asserqiwang': 'code=403'}
[2018-05-24 13:52:39.885000] INFO: jiekou: inputdata> 参数:, url:http://sp.ejw.cn/cp/v1/partner/11/employee/12/status ,返回:{'result': 403, 'code': 0, 'result_act': {'message': '没有权限访问此接口', 'error_code': 99999}},预期:code=403
[2018-05-24 13:52:39.886000] INFO: jiekou: 当前模块 断言测试结果
[2018-05-24 13:52:39.886000] INFO: jiekou: 全部args参数参数信息 , ()
[2018-05-24 13:52:39.887000] INFO: jiekou: 全部kwargs参数信息 , {'fanhuijson': {'result': 403, 'code': 0, 'result_act': {'message': '没有权限访问此接口', 'error_code': 99999}}, 'asserqiwang': 'code=403'}
[2018-05-24 13:52:39.910000] INFO: jiekou: inputdata> 参数:, url:http://sp.ejw.cn/cp/v1/partner/11/product/13 ,返回:{'result': 403, 'code': 0, 'result_act': {'message': '没有权限访问此接口', 'error_code': 99999}},预期:code=403
[2018-05-24 13:52:39.911000] INFO: jiekou: 当前模块 断言测试结果
[2018-05-24 13:52:39.912000] INFO: jiekou: 全部args参数参数信息 , ()
[2018-05-24 13:52:39.912000] INFO: jiekou: 全部kwargs参数信息 , {'fanhuijson': {'result': 403, 'code': 0, 'result_act': {'message': '没有权限访问此接口', 'error_code': 99999}}, 'asserqiwang': 'code=403'}
[2018-05-24 13:52:40.242000] INFO: jiekou: inputdata> 参数:, url:http://sp.ejw.cn/cp/v1/partner/11/products ,返回:{'result': 403, 'code': 0, 'result_act': {'message': '没有权限访问此接口', 'error_code': 99999}},预期:code=403
[2018-05-24 13:52:40.244000] INFO: jiekou: 当前模块 断言测试结果
[2018-05-24 13:52:40.246000] INFO: jiekou: 全部args参数参数信息 , ()
[2018-05-24 13:52:40.248000] INFO: jiekou: 全部kwargs参数信息 , {'fanhuijson': {'result': 403, 'code': 0, 'result_act': {'message': '没有权限访问此接口', 'error_code': 99999}}, 'asserqiwang': 'code=403'}
[2018-05-24 13:52:40.289000] INFO: jiekou: inputdata> 参数:, url:http://sp.ejw.cn/cp/v1/partner/11/employee ,返回:{'result': 400, 'code': 0, 'result_act': {'errors': [{'field': '""', 'msg': 'instance type (string) does not match any allowed primitive type (allowed: [object])', 'description': ''}], 'msg': '参数错误', 'code': '400'}},预期:code=403
[2018-05-24 13:52:40.290000] INFO: jiekou: 当前模块 断言测试结果
[2018-05-24 13:52:40.291000] INFO: jiekou: 全部args参数参数信息 , ()
[2018-05-24 13:52:40.291000] INFO: jiekou: 全部kwargs参数信息 , {'fanhuijson': {'result': 400, 'code': 0, 'result_act': {'errors': [{'field': '""', 'msg': 'instance type (string) does not match any allowed primitive type (allowed: [object])', 'description': ''}], 'msg': '参数错误', 'code': '400'}}, 'asserqiwang': 'code=403'}
[2018-05-24 13:52:40.318000] INFO: jiekou: inputdata> 参数:, url:http://sp.ejw.cn/cp/v1/partner/11/product/13/release ,返回:{'result': 403, 'code': 0, 'result_act': {'message': '没有权限访问此接口', 'error_code': 99999}},预期:code=403
[2018-05-24 13:52:40.319000] INFO: jiekou: 当前模块 断言测试结果
[2018-05-24 13:52:40.319000] INFO: jiekou: 全部args参数参数信息 , ()
[2018-05-24 13:52:40.320000] INFO: jiekou: 全部kwargs参数信息 , {'fanhuijson': {'result': 403, 'code': 0, 'result_act': {'message': '没有权限访问此接口', 'error_code': 99999}}, 'asserqiwang': 'code=403'}
[2018-05-24 13:52:40.381000] INFO: jiekou: inputdata> 参数:, url:http://sp.ejw.cn/cp/v1/partner/11/employee/12 ,返回:{'result': 404, 'code': 0, 'result_act': {'message': '员工资源不存在', 'code': 404, 'errors': []}},预期:code=403
[2018-05-24 13:52:40.383000] INFO: jiekou: 当前模块 断言测试结果
[2018-05-24 13:52:40.384000] INFO: jiekou: 全部args参数参数信息 , ()
[2018-05-24 13:52:40.386000] INFO: jiekou: 全部kwargs参数信息 , {'fanhuijson': {'result': 404, 'code': 0, 'result_act': {'message': '员工资源不存在', 'code': 404, 'errors': []}}, 'asserqiwang': 'code=403'}
[2018-05-24 13:52:40.421000] INFO: jiekou: inputdata> 参数:, url:http://sp.ejw.cn/crm/v1/mkschemes-all ,返回:{'result': 403, 'code': 0, 'result_act': {'message': '没有权限访问此接口', 'error_code': 99999}},预期:code=403
[2018-05-24 13:52:40.422000] INFO: jiekou: 当前模块 断言测试结果
[2018-05-24 13:52:40.423000] INFO: jiekou: 全部args参数参数信息 , ()
[2018-05-24 13:52:40.424000] INFO: jiekou: 全部kwargs参数信息 , {'fanhuijson': {'result': 403, 'code': 0, 'result_act': {'message': '没有权限访问此接口', 'error_code': 99999}}, 'asserqiwang': 'code=403'}
[2018-05-24 13:52:40.451000] INFO: jiekou: inputdata> 参数:, url:http://sp.ejw.cn/crm/v1/partner/11/rule/12/employees ,返回:{'result': 403, 'code': 0, 'result_act': {'message': '没有权限访问此接口', 'error_code': 99999}},预期:code=403
[2018-05-24 13:52:40.452000] INFO: jiekou: 当前模块 断言测试结果
[2018-05-24 13:52:40.452000] INFO: jiekou: 全部args参数参数信息 , ()
[2018-05-24 13:52:40.453000] INFO: jiekou: 全部kwargs参数信息 , {'fanhuijson': {'result': 403, 'code': 0, 'result_act': {'message': '没有权限访问此接口', 'error_code': 99999}}, 'asserqiwang': 'code=403'}
[2018-05-24 13:52:40.483000] INFO: jiekou: inputdata> 参数:, url:http://sp.ejw.cn/crm/v1/partner/11/rule/12/employees ,返回:{'result': 400, 'code': 0, 'result_act': {'errors': [{'field': '""', 'msg': 'instance type (string) does not match any allowed primitive type (allowed: [array])', 'description': '员工id'}], 'msg': '参数错误', 'code': '400'}},预期:code=403
[2018-05-24 13:52:40.484000] INFO: jiekou: 当前模块 断言测试结果
[2018-05-24 13:52:40.485000] INFO: jiekou: 全部args参数参数信息 , ()
[2018-05-24 13:52:40.486000] INFO: jiekou: 全部kwargs参数信息 , {'fanhuijson': {'result': 400, 'code': 0, 'result_act': {'errors': [{'field': '""', 'msg': 'instance type (string) does not match any allowed primitive type (allowed: [array])', 'description': '员工id'}], 'msg': '参数错误', 'code': '400'}}, 'asserqiwang': 'code=403'}
[2018-05-24 13:52:40.512000] INFO: jiekou: inputdata> 参数:, url:http://sp.ejw.cn/crm/v1/mkproject/13/verify ,返回:{'result': 403, 'code': 0, 'result_act': {'message': '没有权限访问此接口', 'error_code': 99999}},预期:code=403
[2018-05-24 13:52:40.513000] INFO: jiekou: 当前模块 断言测试结果
[2018-05-24 13:52:40.513000] INFO: jiekou: 全部args参数参数信息 , ()
[2018-05-24 13:52:40.514000] INFO: jiekou: 全部kwargs参数信息 , {'fanhuijson': {'result': 403, 'code': 0, 'result_act': {'message': '没有权限访问此接口', 'error_code': 99999}}, 'asserqiwang': 'code=403'}
[2018-05-24 13:52:40.540000] INFO: jiekou: inputdata> 参数:, url:http://sp.ejw.cn/crm/v1/slbusioppor/14/shares ,返回:{'result': 403, 'code': 0, 'result_act': {'message': '没有权限访问此接口', 'error_code': 99999}},预期:code=403
[2018-05-24 13:52:40.540000] INFO: jiekou: 当前模块 断言测试结果
[2018-05-24 13:52:40.541000] INFO: jiekou: 全部args参数参数信息 , ()
[2018-05-24 13:52:40.542000] INFO: jiekou: 全部kwargs参数信息 , {'fanhuijson': {'result': 403, 'code': 0, 'result_act': {'message': '没有权限访问此接口', 'error_code': 99999}}, 'asserqiwang': 'code=403'}
[2018-05-24 13:52:40.574000] INFO: jiekou: inputdata> 参数:, url:http://sp.ejw.cn/crm/v1/slbusioppor/14/shares ,返回:{'result': 400, 'code': 0, 'result_act': {'errors': [{'field': '""', 'msg': 'instance type (string) does not match any allowed primitive type (allowed: [object])', 'description': ''}], 'msg': '参数错误', 'code': '400'}},预期:code=403
[2018-05-24 13:52:40.574000] INFO: jiekou: 当前模块 断言测试结果
[2018-05-24 13:52:40.575000] INFO: jiekou: 全部args参数参数信息 , ()
[2018-05-24 13:52:40.575000] INFO: jiekou: 全部kwargs参数信息 , {'fanhuijson': {'result': 400, 'code': 0, 'result_act': {'errors': [{'field': '""', 'msg': 'instance type (string) does not match any allowed primitive type (allowed: [object])', 'description': ''}], 'msg': '参数错误', 'code': '400'}}, 'asserqiwang': 'code=403'}
[2018-05-24 13:52:40.602000] INFO: jiekou: inputdata> 参数:, url:http://sp.ejw.cn/crm/v1/partner/11/project-type/15/use ,返回:{'result': 403, 'code': 0, 'result_act': {'message': '没有权限访问此接口', 'error_code': 99999}},预期:code=403
[2018-05-24 13:52:40.602000] INFO: jiekou: 当前模块 断言测试结果
[2018-05-24 13:52:40.603000] INFO: jiekou: 全部args参数参数信息 , ()
[2018-05-24 13:52:40.603000] INFO: jiekou: 全部kwargs参数信息 , {'fanhuijson': {'result': 403, 'code': 0, 'result_act': {'message': '没有权限访问此接口', 'error_code': 99999}}, 'asserqiwang': 'code=403'}
[2018-05-24 13:52:40.632000] INFO: jiekou: inputdata> 参数:, url:http://sp.ejw.cn/crm/v1/partner/11/process ,返回:{'result': 403, 'code': 0, 'result_act': {'message': '没有权限访问此接口', 'error_code': 99999}},预期:code=403
[2018-05-24 13:52:40.632000] INFO: jiekou: 当前模块 断言测试结果
[2018-05-24 13:52:40.633000] INFO: jiekou: 全部args参数参数信息 , ()
[2018-05-24 13:52:40.633000] INFO: jiekou: 全部kwargs参数信息 , {'fanhuijson': {'result': 403, 'code': 0, 'result_act': {'message': '没有权限访问此接口', 'error_code': 99999}}, 'asserqiwang': 'code=403'}
[2018-05-24 13:52:40.657000] INFO: jiekou: inputdata> 参数:, url:http://sp.ejw.cn/crm/v1/mkproject ,返回:{'result': 403, 'code': 0, 'result_act': {'message': '没有权限访问此接口', 'error_code': 99999}},预期:code=403
[2018-05-24 13:52:40.658000] INFO: jiekou: 当前模块 断言测试结果
[2018-05-24 13:52:40.658000] INFO: jiekou: 全部args参数参数信息 , ()
[2018-05-24 13:52:40.659000] INFO: jiekou: 全部kwargs参数信息 , {'fanhuijson': {'result': 403, 'code': 0, 'result_act': {'message': '没有权限访问此接口', 'error_code': 99999}}, 'asserqiwang': 'code=403'}
[2018-05-24 13:52:40.685000] INFO: jiekou: inputdata> 参数:, url:http://sp.ejw.cn/crm/v1/slclue ,返回:{'result': 403, 'code': 0, 'result_act': {'message': '没有权限访问此接口', 'error_code': 99999}},预期:code=403
[2018-05-24 13:52:40.685000] INFO: jiekou: 当前模块 断言测试结果
[2018-05-24 13:52:40.686000] INFO: jiekou: 全部args参数参数信息 , ()
[2018-05-24 13:52:40.686000] INFO: jiekou: 全部kwargs参数信息 , {'fanhuijson': {'result': 403, 'code': 0, 'result_act': {'message': '没有权限访问此接口', 'error_code': 99999}}, 'asserqiwang': 'code=403'}
[2018-05-24 13:52:40.709000] INFO: jiekou: inputdata> 参数:, url:http://sp.ejw.cn/crm/v1/mkverify ,返回:{'result': 403, 'code': 0, 'result_act': {'message': '没有权限访问此接口', 'error_code': 99999}},预期:code=403
[2018-05-24 13:52:40.710000] INFO: jiekou: 当前模块 断言测试结果
[2018-05-24 13:52:40.710000] INFO: jiekou: 全部args参数参数信息 , ()
[2018-05-24 13:52:40.711000] INFO: jiekou: 全部kwargs参数信息 , {'fanhuijson': {'result': 403, 'code': 0, 'result_act': {'message': '没有权限访问此接口', 'error_code': 99999}}, 'asserqiwang': 'code=403'}
[2018-05-24 13:52:40.737000] INFO: jiekou: inputdata> 参数:, url:http://sp.ejw.cn/crm/v1/slorder/16 ,返回:{'result': 403, 'code': 0, 'result_act': {'message': '没有权限访问此接口', 'error_code': 99999}},预期:code=403
[2018-05-24 13:52:40.737000] INFO: jiekou: 当前模块 断言测试结果
[2018-05-24 13:52:40.738000] INFO: jiekou: 全部args参数参数信息 , ()
[2018-05-24 13:52:40.738000] INFO: jiekou: 全部kwargs参数信息 , {'fanhuijson': {'result': 403, 'code': 0, 'result_act': {'message': '没有权限访问此接口', 'error_code': 99999}}, 'asserqiwang': 'code=403'}
[2018-05-24 13:52:40.761000] INFO: jiekou: inputdata> 参数:, url:http://sp.ejw.cn/crm/v1/slbusioppors ,返回:{'result': 403, 'code': 0, 'result_act': {'message': '没有权限访问此接口', 'error_code': 99999}},预期:code=403
[2018-05-24 13:52:40.762000] INFO: jiekou: 当前模块 断言测试结果
[2018-05-24 13:52:40.762000] INFO: jiekou: 全部args参数参数信息 , ()
[2018-05-24 13:52:40.763000] INFO: jiekou: 全部kwargs参数信息 , {'fanhuijson': {'result': 403, 'code': 0, 'result_act': {'message': '没有权限访问此接口', 'error_code': 99999}}, 'asserqiwang': 'code=403'}
[2018-05-24 13:52:40.791000] INFO: jiekou: inputdata> 参数:, url:http://sp.ejw.cn/crm/v1/marketing/budget ,返回:{'result': 403, 'code': 0, 'result_act': {'message': '没有权限访问此接口', 'error_code': 99999}},预期:code=403
[2018-05-24 13:52:40.792000] INFO: jiekou: 当前模块 断言测试结果
[2018-05-24 13:52:40.793000] INFO: jiekou: 全部args参数参数信息 , ()
[2018-05-24 13:52:40.794000] INFO: jiekou: 全部kwargs参数信息 , {'fanhuijson': {'result': 403, 'code': 0, 'result_act': {'message': '没有权限访问此接口', 'error_code': 99999}}, 'asserqiwang': 'code=403'}
[2018-05-24 13:52:40.828000] INFO: jiekou: inputdata> 参数:, url:http://sp.ejw.cn/crm/v1/partner/11/rule ,返回:{'result': 403, 'code': 0, 'result_act': {'message': '没有权限访问此接口', 'error_code': 99999}},预期:code=403
[2018-05-24 13:52:40.829000] INFO: jiekou: 当前模块 断言测试结果
[2018-05-24 13:52:40.830000] INFO: jiekou: 全部args参数参数信息 , ()
[2018-05-24 13:52:40.831000] INFO: jiekou: 全部kwargs参数信息 , {'fanhuijson': {'result': 403, 'code': 0, 'result_act': {'message': '没有权限访问此接口', 'error_code': 99999}}, 'asserqiwang': 'code=403'}
[2018-05-24 13:52:40.856000] INFO: jiekou: inputdata> 参数:, url:http://sp.ejw.cn/crm/v1/mkscheme/17/status ,返回:{'result': 403, 'code': 0, 'result_act': {'message': '没有权限访问此接口', 'error_code': 99999}},预期:code=403
[2018-05-24 13:52:40.857000] INFO: jiekou: 当前模块 断言测试结果
[2018-05-24 13:52:40.857000] INFO: jiekou: 全部args参数参数信息 , ()
[2018-05-24 13:52:40.858000] INFO: jiekou: 全部kwargs参数信息 , {'fanhuijson': {'result': 403, 'code': 0, 'result_act': {'message': '没有权限访问此接口', 'error_code': 99999}}, 'asserqiwang': 'code=403'}
[2018-05-24 13:52:40.883000] INFO: jiekou: inputdata> 参数:, url:http://sp.ejw.cn/crm/v1/mkprojects ,返回:{'result': 403, 'code': 0, 'result_act': {'message': '没有权限访问此接口', 'error_code': 99999}},预期:code=403
[2018-05-24 13:52:40.883000] INFO: jiekou: 当前模块 断言测试结果
[2018-05-24 13:52:40.884000] INFO: jiekou: 全部args参数参数信息 , ()
[2018-05-24 13:52:40.884000] INFO: jiekou: 全部kwargs参数信息 , {'fanhuijson': {'result': 403, 'code': 0, 'result_act': {'message': '没有权限访问此接口', 'error_code': 99999}}, 'asserqiwang': 'code=403'}
[2018-05-24 13:52:40.908000] INFO: jiekou: inputdata> 参数:, url:http://sp.ejw.cn/crm/v1/slcustomer/validstatus ,返回:{'result': 403, 'code': 0, 'result_act': {'message': '没有权限访问此接口', 'error_code': 99999}},预期:code=403
[2018-05-24 13:52:40.909000] INFO: jiekou: 当前模块 断言测试结果
[2018-05-24 13:52:40.909000] INFO: jiekou: 全部args参数参数信息 , ()
[2018-05-24 13:52:40.910000] INFO: jiekou: 全部kwargs参数信息 , {'fanhuijson': {'result': 403, 'code': 0, 'result_act': {'message': '没有权限访问此接口', 'error_code': 99999}}, 'asserqiwang': 'code=403'}
[2018-05-24 13:52:40.931000] INFO: jiekou: inputdata> 参数:, url:http://sp.ejw.cn/crm/v1/marketing/check ,返回:{'result': 403, 'code': 0, 'result_act': {'message': '没有权限访问此接口', 'error_code': 99999}},预期:code=403
[2018-05-24 13:52:40.932000] INFO: jiekou: 当前模块 断言测试结果
[2018-05-24 13:52:40.932000] INFO: jiekou: 全部args参数参数信息 , ()
[2018-05-24 13:52:40.933000] INFO: jiekou: 全部kwargs参数信息 , {'fanhuijson': {'result': 403, 'code': 0, 'result_act': {'message': '没有权限访问此接口', 'error_code': 99999}}, 'asserqiwang': 'code=403'}
[2018-05-24 13:52:40.961000] INFO: jiekou: inputdata> 参数:, url:http://sp.ejw.cn/crm/v1/mkproject/13 ,返回:{'result': 400, 'code': 0, 'result_act': {'message': '请求参数异常', 'code': '400', 'errors': {}}},预期:code=403
[2018-05-24 13:52:40.961000] INFO: jiekou: 当前模块 断言测试结果
[2018-05-24 13:52:40.962000] INFO: jiekou: 全部args参数参数信息 , ()
[2018-05-24 13:52:40.962000] INFO: jiekou: 全部kwargs参数信息 , {'fanhuijson': {'result': 400, 'code': 0, 'result_act': {'message': '请求参数异常', 'code': '400', 'errors': {}}}, 'asserqiwang': 'code=403'}
[2018-05-24 13:52:40.987000] INFO: jiekou: inputdata> 参数:, url:http://sp.ejw.cn/crm/v1/mkproject/13 ,返回:{'result': 403, 'code': 0, 'result_act': {'message': '没有权限访问此接口', 'error_code': 99999}},预期:code=403
[2018-05-24 13:52:40.988000] INFO: jiekou: 当前模块 断言测试结果
[2018-05-24 13:52:40.988000] INFO: jiekou: 全部args参数参数信息 , ()
[2018-05-24 13:52:40.989000] INFO: jiekou: 全部kwargs参数信息 , {'fanhuijson': {'result': 403, 'code': 0, 'result_act': {'message': '没有权限访问此接口', 'error_code': 99999}}, 'asserqiwang': 'code=403'}
[2018-05-24 13:52:41.022000] INFO: jiekou: inputdata> 参数:, url:http://sp.ejw.cn/crm/v1/mkproject/13/costs ,返回:{'result': 403, 'code': 0, 'result_act': {'message': '没有权限访问此接口', 'error_code': 99999}},预期:code=403
[2018-05-24 13:52:41.022000] INFO: jiekou: 当前模块 断言测试结果
[2018-05-24 13:52:41.023000] INFO: jiekou: 全部args参数参数信息 , ()
[2018-05-24 13:52:41.023000] INFO: jiekou: 全部kwargs参数信息 , {'fanhuijson': {'result': 403, 'code': 0, 'result_act': {'message': '没有权限访问此接口', 'error_code': 99999}}, 'asserqiwang': 'code=403'}
[2018-05-24 13:52:41.048000] INFO: jiekou: inputdata> 参数:, url:http://sp.ejw.cn/crm/v1/mkverifies ,返回:{'result': 403, 'code': 0, 'result_act': {'message': '没有权限访问此接口', 'error_code': 99999}},预期:code=403
[2018-05-24 13:52:41.049000] INFO: jiekou: 当前模块 断言测试结果
[2018-05-24 13:52:41.049000] INFO: jiekou: 全部args参数参数信息 , ()
[2018-05-24 13:52:41.050000] INFO: jiekou: 全部kwargs参数信息 , {'fanhuijson': {'result': 403, 'code': 0, 'result_act': {'message': '没有权限访问此接口', 'error_code': 99999}}, 'asserqiwang': 'code=403'}
[2018-05-24 13:52:41.080000] INFO: jiekou: inputdata> 参数:, url:http://sp.ejw.cn/crm/v1/mkscheme/17 ,返回:{'result': 400, 'code': 0, 'result_act': {'message': '请求参数异常', 'code': '400', 'errors': {}}},预期:code=403
[2018-05-24 13:52:41.080000] INFO: jiekou: 当前模块 断言测试结果
[2018-05-24 13:52:41.081000] INFO: jiekou: 全部args参数参数信息 , ()
[2018-05-24 13:52:41.081000] INFO: jiekou: 全部kwargs参数信息 , {'fanhuijson': {'result': 400, 'code': 0, 'result_act': {'message': '请求参数异常', 'code': '400', 'errors': {}}}, 'asserqiwang': 'code=403'}
[2018-05-24 13:52:41.103000] INFO: jiekou: inputdata> 参数:, url:http://sp.ejw.cn/crm/v1/mkscheme/17 ,返回:{'result': 403, 'code': 0, 'result_act': {'message': '没有权限访问此接口', 'error_code': 99999}},预期:code=403
[2018-05-24 13:52:41.103000] INFO: jiekou: 当前模块 断言测试结果
[2018-05-24 13:52:41.104000] INFO: jiekou: 全部args参数参数信息 , ()
[2018-05-24 13:52:41.104000] INFO: jiekou: 全部kwargs参数信息 , {'fanhuijson': {'result': 403, 'code': 0, 'result_act': {'message': '没有权限访问此接口', 'error_code': 99999}}, 'asserqiwang': 'code=403'}
[2018-05-24 13:52:41.130000] INFO: jiekou: inputdata> 参数:, url:http://sp.ejw.cn/crm/v1/mkplan/18/principal ,返回:{'result': 403, 'code': 0, 'result_act': {'message': '没有权限访问此接口', 'error_code': 99999}},预期:code=403
[2018-05-24 13:52:41.130000] INFO: jiekou: 当前模块 断言测试结果
[2018-05-24 13:52:41.131000] INFO: jiekou: 全部args参数参数信息 , ()
[2018-05-24 13:52:41.131000] INFO: jiekou: 全部kwargs参数信息 , {'fanhuijson': {'result': 403, 'code': 0, 'result_act': {'message': '没有权限访问此接口', 'error_code': 99999}}, 'asserqiwang': 'code=403'}
[2018-05-24 13:52:41.155000] INFO: jiekou: inputdata> 参数:, url:http://sp.ejw.cn/crm/v1/partner/11/roles ,返回:{'result': 403, 'code': 0, 'result_act': {'message': '没有权限访问此接口', 'error_code': 99999}},预期:code=403
[2018-05-24 13:52:41.155000] INFO: jiekou: 当前模块 断言测试结果
[2018-05-24 13:52:41.156000] INFO: jiekou: 全部args参数参数信息 , ()
[2018-05-24 13:52:41.156000] INFO: jiekou: 全部kwargs参数信息 , {'fanhuijson': {'result': 403, 'code': 0, 'result_act': {'message': '没有权限访问此接口', 'error_code': 99999}}, 'asserqiwang': 'code=403'}
[2018-05-24 13:52:41.180000] INFO: jiekou: inputdata> 参数:, url:http://sp.ejw.cn/crm/v1/mkprojects-all ,返回:{'result': 403, 'code': 0, 'result_act': {'message': '没有权限访问此接口', 'error_code': 99999}},预期:code=403
[2018-05-24 13:52:41.180000] INFO: jiekou: 当前模块 断言测试结果
[2018-05-24 13:52:41.181000] INFO: jiekou: 全部args参数参数信息 , ()
[2018-05-24 13:52:41.181000] INFO: jiekou: 全部kwargs参数信息 , {'fanhuijson': {'result': 403, 'code': 0, 'result_act': {'message': '没有权限访问此接口', 'error_code': 99999}}, 'asserqiwang': 'code=403'}
[2018-05-24 13:52:41.206000] INFO: jiekou: inputdata> 参数:, url:http://sp.ejw.cn/crm/v1/mkclue ,返回:{'result': 403, 'code': 0, 'result_act': {'message': '没有权限访问此接口', 'error_code': 99999}},预期:code=403
[2018-05-24 13:52:41.207000] INFO: jiekou: 当前模块 断言测试结果
[2018-05-24 13:52:41.207000] INFO: jiekou: 全部args参数参数信息 , ()
[2018-05-24 13:52:41.208000] INFO: jiekou: 全部kwargs参数信息 , {'fanhuijson': {'result': 403, 'code': 0, 'result_act': {'message': '没有权限访问此接口', 'error_code': 99999}}, 'asserqiwang': 'code=403'}
[2018-05-24 13:52:41.231000] INFO: jiekou: inputdata> 参数:, url:http://sp.ejw.cn/crm/v1/partner/11/targets/employees ,返回:{'result': 403, 'code': 0, 'result_act': {'message': '没有权限访问此接口', 'error_code': 99999}},预期:code=403
[2018-05-24 13:52:41.232000] INFO: jiekou: 当前模块 断言测试结果
[2018-05-24 13:52:41.232000] INFO: jiekou: 全部args参数参数信息 , ()
[2018-05-24 13:52:41.233000] INFO: jiekou: 全部kwargs参数信息 , {'fanhuijson': {'result': 403, 'code': 0, 'result_act': {'message': '没有权限访问此接口', 'error_code': 99999}}, 'asserqiwang': 'code=403'}
[2018-05-24 13:52:41.256000] INFO: jiekou: inputdata> 参数:, url:http://sp.ejw.cn/crm/v1/slvisit ,返回:{'result': 403, 'code': 0, 'result_act': {'message': '没有权限访问此接口', 'error_code': 99999}},预期:code=403
[2018-05-24 13:52:41.257000] INFO: jiekou: 当前模块 断言测试结果
[2018-05-24 13:52:41.257000] INFO: jiekou: 全部args参数参数信息 , ()
[2018-05-24 13:52:41.257000] INFO: jiekou: 全部kwargs参数信息 , {'fanhuijson': {'result': 403, 'code': 0, 'result_act': {'message': '没有权限访问此接口', 'error_code': 99999}}, 'asserqiwang': 'code=403'}
[2018-05-24 13:52:41.284000] INFO: jiekou: inputdata> 参数:, url:http://sp.ejw.cn/crm/v1/slclue/19 ,返回:{'result': 403, 'code': 0, 'result_act': {'message': '没有权限访问此接口', 'error_code': 99999}},预期:code=403
[2018-05-24 13:52:41.284000] INFO: jiekou: 当前模块 断言测试结果
[2018-05-24 13:52:41.285000] INFO: jiekou: 全部args参数参数信息 , ()
[2018-05-24 13:52:41.285000] INFO: jiekou: 全部kwargs参数信息 , {'fanhuijson': {'result': 403, 'code': 0, 'result_act': {'message': '没有权限访问此接口', 'error_code': 99999}}, 'asserqiwang': 'code=403'}
[2018-05-24 13:52:41.309000] INFO: jiekou: inputdata> 参数:, url:http://sp.ejw.cn/crm/v1/slnote ,返回:{'result': 403, 'code': 0, 'result_act': {'message': '没有权限访问此接口', 'error_code': 99999}},预期:code=403
[2018-05-24 13:52:41.310000] INFO: jiekou: 当前模块 断言测试结果
[2018-05-24 13:52:41.311000] INFO: jiekou: 全部args参数参数信息 , ()
[2018-05-24 13:52:41.311000] INFO: jiekou: 全部kwargs参数信息 , {'fanhuijson': {'result': 403, 'code': 0, 'result_act': {'message': '没有权限访问此接口', 'error_code': 99999}}, 'asserqiwang': 'code=403'}
[2018-05-24 13:52:41.337000] INFO: jiekou: inputdata> 参数:, url:http://sp.ejw.cn/crm/v1/slcustomer/20/busioppors ,返回:{'result': 403, 'code': 0, 'result_act': {'message': '没有权限访问此接口', 'error_code': 99999}},预期:code=403
[2018-05-24 13:52:41.338000] INFO: jiekou: 当前模块 断言测试结果
[2018-05-24 13:52:41.338000] INFO: jiekou: 全部args参数参数信息 , ()
[2018-05-24 13:52:41.339000] INFO: jiekou: 全部kwargs参数信息 , {'fanhuijson': {'result': 403, 'code': 0, 'result_act': {'message': '没有权限访问此接口', 'error_code': 99999}}, 'asserqiwang': 'code=403'}
[2018-05-24 13:52:41.362000] INFO: jiekou: inputdata> 参数:, url:http://sp.ejw.cn/crm/v1/slbusioppor/14/end ,返回:{'result': 403, 'code': 0, 'result_act': {'message': '没有权限访问此接口', 'error_code': 99999}},预期:code=403
[2018-05-24 13:52:41.363000] INFO: jiekou: 当前模块 断言测试结果
[2018-05-24 13:52:41.363000] INFO: jiekou: 全部args参数参数信息 , ()
[2018-05-24 13:52:41.364000] INFO: jiekou: 全部kwargs参数信息 , {'fanhuijson': {'result': 403, 'code': 0, 'result_act': {'message': '没有权限访问此接口', 'error_code': 99999}}, 'asserqiwang': 'code=403'}
[2018-05-24 13:52:41.392000] INFO: jiekou: inputdata> 参数:, url:http://sp.ejw.cn/crm/v1/slbusioppor/14/end ,返回:{'result': 400, 'code': 0, 'result_act': {'errors': [{'field': '""', 'msg': 'instance type (string) does not match any allowed primitive type (allowed: [object])', 'description': ''}], 'msg': '参数错误', 'code': '400'}},预期:code=403
[2018-05-24 13:52:41.393000] INFO: jiekou: 当前模块 断言测试结果
[2018-05-24 13:52:41.393000] INFO: jiekou: 全部args参数参数信息 , ()
[2018-05-24 13:52:41.394000] INFO: jiekou: 全部kwargs参数信息 , {'fanhuijson': {'result': 400, 'code': 0, 'result_act': {'errors': [{'field': '""', 'msg': 'instance type (string) does not match any allowed primitive type (allowed: [object])', 'description': ''}], 'msg': '参数错误', 'code': '400'}}, 'asserqiwang': 'code=403'}
[2018-05-24 13:52:41.417000] INFO: jiekou: inputdata> 参数:, url:http://sp.ejw.cn/crm/v1/mkplans-all ,返回:{'result': 403, 'code': 0, 'result_act': {'message': '没有权限访问此接口', 'error_code': 99999}},预期:code=403
[2018-05-24 13:52:41.418000] INFO: jiekou: 当前模块 断言测试结果
[2018-05-24 13:52:41.418000] INFO: jiekou: 全部args参数参数信息 , ()
[2018-05-24 13:52:41.419000] INFO: jiekou: 全部kwargs参数信息 , {'fanhuijson': {'result': 403, 'code': 0, 'result_act': {'message': '没有权限访问此接口', 'error_code': 99999}}, 'asserqiwang': 'code=403'}
[2018-05-24 13:52:41.448000] INFO: jiekou: inputdata> 参数:, url:http://sp.ejw.cn/crm/v1/partner/11/role/21/employees ,返回:{'result': 400, 'code': 0, 'result_act': {'errors': [{'field': '""', 'msg': 'instance type (string) does not match any allowed primitive type (allowed: [array])', 'description': '员工id'}], 'msg': '参数错误', 'code': '400'}},预期:code=403
[2018-05-24 13:52:41.449000] INFO: jiekou: 当前模块 断言测试结果
[2018-05-24 13:52:41.449000] INFO: jiekou: 全部args参数参数信息 , ()
[2018-05-24 13:52:41.450000] INFO: jiekou: 全部kwargs参数信息 , {'fanhuijson': {'result': 400, 'code': 0, 'result_act': {'errors': [{'field': '""', 'msg': 'instance type (string) does not match any allowed primitive type (allowed: [array])', 'description': '员工id'}], 'msg': '参数错误', 'code': '400'}}, 'asserqiwang': 'code=403'}
[2018-05-24 13:52:41.481000] INFO: jiekou: inputdata> 参数:, url:http://sp.ejw.cn/crm/v1/partner/11/role/21/employees ,返回:{'result': 400, 'code': 0, 'result_act': {'message': '请求参数异常', 'code': '400', 'errors': {}}},预期:code=403
[2018-05-24 13:52:41.482000] INFO: jiekou: 当前模块 断言测试结果
[2018-05-24 13:52:41.482000] INFO: jiekou: 全部args参数参数信息 , ()
[2018-05-24 13:52:41.483000] INFO: jiekou: 全部kwargs参数信息 , {'fanhuijson': {'result': 400, 'code': 0, 'result_act': {'message': '请求参数异常', 'code': '400', 'errors': {}}}, 'asserqiwang': 'code=403'}
[2018-05-24 13:52:41.506000] INFO: jiekou: inputdata> 参数:, url:http://sp.ejw.cn/crm/v1/partner/11/role/21/employees ,返回:{'result': 403, 'code': 0, 'result_act': {'message': '没有权限访问此接口', 'error_code': 99999}},预期:code=403
[2018-05-24 13:52:41.506000] INFO: jiekou: 当前模块 断言测试结果
[2018-05-24 13:52:41.507000] INFO: jiekou: 全部args参数参数信息 , ()
[2018-05-24 13:52:41.507000] INFO: jiekou: 全部kwargs参数信息 , {'fanhuijson': {'result': 403, 'code': 0, 'result_act': {'message': '没有权限访问此接口', 'error_code': 99999}}, 'asserqiwang': 'code=403'}
[2018-05-24 13:52:41.549000] INFO: jiekou: inputdata> 参数:, url:http://sp.ejw.cn/crm/v1/slcustomers/pickup ,返回:{'result': 200, 'code': 0, 'result_act': {'maxCount': 20, 'perMax': 10, 'leftCount': 20}},预期:code=403
[2018-05-24 13:52:41.550000] INFO: jiekou: 当前模块 断言测试结果
[2018-05-24 13:52:41.550000] INFO: jiekou: 全部args参数参数信息 , ()
[2018-05-24 13:52:41.551000] INFO: jiekou: 全部kwargs参数信息 , {'fanhuijson': {'result': 200, 'code': 0, 'result_act': {'maxCount': 20, 'perMax': 10, 'leftCount': 20}}, 'asserqiwang': 'code=403'}
[2018-05-24 13:52:41.580000] INFO: jiekou: inputdata> 参数:, url:http://sp.ejw.cn/crm/v1/partner/11/customer-levels ,返回:{'result': 400, 'code': 0, 'result_act': {'errors': [{'field': '""', 'msg': 'instance type (string) does not match any allowed primitive type (allowed: [array])', 'description': '客户级别添加实体'}], 'msg': '参数错误', 'code': '400'}},预期:code=403
[2018-05-24 13:52:41.581000] INFO: jiekou: 当前模块 断言测试结果
[2018-05-24 13:52:41.582000] INFO: jiekou: 全部args参数参数信息 , ()
[2018-05-24 13:52:41.582000] INFO: jiekou: 全部kwargs参数信息 , {'fanhuijson': {'result': 400, 'code': 0, 'result_act': {'errors': [{'field': '""', 'msg': 'instance type (string) does not match any allowed primitive type (allowed: [array])', 'description': '客户级别添加实体'}], 'msg': '参数错误', 'code': '400'}}, 'asserqiwang': 'code=403'}
[2018-05-24 13:52:41.606000] INFO: jiekou: inputdata> 参数:, url:http://sp.ejw.cn/crm/v1/partner/11/customer-levels ,返回:{'result': 403, 'code': 0, 'result_act': {'message': '没有权限访问此接口', 'error_code': 99999}},预期:code=403
[2018-05-24 13:52:41.606000] INFO: jiekou: 当前模块 断言测试结果
[2018-05-24 13:52:41.607000] INFO: jiekou: 全部args参数参数信息 , ()
[2018-05-24 13:52:41.607000] INFO: jiekou: 全部kwargs参数信息 , {'fanhuijson': {'result': 403, 'code': 0, 'result_act': {'message': '没有权限访问此接口', 'error_code': 99999}}, 'asserqiwang': 'code=403'}
[2018-05-24 13:52:41.632000] INFO: jiekou: inputdata> 参数:, url:http://sp.ejw.cn/crm/v1/slbusioppor ,返回:{'result': 403, 'code': 0, 'result_act': {'message': '没有权限访问此接口', 'error_code': 99999}},预期:code=403
[2018-05-24 13:52:41.633000] INFO: jiekou: 当前模块 断言测试结果
[2018-05-24 13:52:41.633000] INFO: jiekou: 全部args参数参数信息 , ()
[2018-05-24 13:52:41.634000] INFO: jiekou: 全部kwargs参数信息 , {'fanhuijson': {'result': 403, 'code': 0, 'result_act': {'message': '没有权限访问此接口', 'error_code': 99999}}, 'asserqiwang': 'code=403'}
[2018-05-24 13:52:41.657000] INFO: jiekou: inputdata> 参数:, url:http://sp.ejw.cn/crm/v1/slcustomer/20/order-statistic ,返回:{'result': 403, 'code': 0, 'result_act': {'message': '没有权限访问此接口', 'error_code': 99999}},预期:code=403
[2018-05-24 13:52:41.657000] INFO: jiekou: 当前模块 断言测试结果
[2018-05-24 13:52:41.658000] INFO: jiekou: 全部args参数参数信息 , ()
[2018-05-24 13:52:41.658000] INFO: jiekou: 全部kwargs参数信息 , {'fanhuijson': {'result': 403, 'code': 0, 'result_act': {'message': '没有权限访问此接口', 'error_code': 99999}}, 'asserqiwang': 'code=403'}
[2018-05-24 13:52:41.682000] INFO: jiekou: inputdata> 参数:, url:http://sp.ejw.cn/crm/v1/mkprojects-schemes ,返回:{'result': 403, 'code': 0, 'result_act': {'message': '没有权限访问此接口', 'error_code': 99999}},预期:code=403
[2018-05-24 13:52:41.683000] INFO: jiekou: 当前模块 断言测试结果
[2018-05-24 13:52:41.683000] INFO: jiekou: 全部args参数参数信息 , ()
[2018-05-24 13:52:41.683000] INFO: jiekou: 全部kwargs参数信息 , {'fanhuijson': {'result': 403, 'code': 0, 'result_act': {'message': '没有权限访问此接口', 'error_code': 99999}}, 'asserqiwang': 'code=403'}
[2018-05-24 13:52:41.712000] INFO: jiekou: inputdata> 参数:, url:http://sp.ejw.cn/crm/v1/slcustomer-clean ,返回:{'result': 403, 'code': 0, 'result_act': {'message': '没有权限访问此接口', 'error_code': 99999}},预期:code=403
[2018-05-24 13:52:41.712000] INFO: jiekou: 当前模块 断言测试结果
[2018-05-24 13:52:41.713000] INFO: jiekou: 全部args参数参数信息 , ()
[2018-05-24 13:52:41.713000] INFO: jiekou: 全部kwargs参数信息 , {'fanhuijson': {'result': 403, 'code': 0, 'result_act': {'message': '没有权限访问此接口', 'error_code': 99999}}, 'asserqiwang': 'code=403'}
[2018-05-24 13:52:41.740000] INFO: jiekou: inputdata> 参数:, url:http://sp.ejw.cn/crm/v1/mkscheme/17/principal ,返回:{'result': 403, 'code': 0, 'result_act': {'message': '没有权限访问此接口', 'error_code': 99999}},预期:code=403
[2018-05-24 13:52:41.740000] INFO: jiekou: 当前模块 断言测试结果
[2018-05-24 13:52:41.741000] INFO: jiekou: 全部args参数参数信息 , ()
[2018-05-24 13:52:41.741000] INFO: jiekou: 全部kwargs参数信息 , {'fanhuijson': {'result': 403, 'code': 0, 'result_act': {'message': '没有权限访问此接口', 'error_code': 99999}}, 'asserqiwang': 'code=403'}
[2018-05-24 13:52:41.765000] INFO: jiekou: inputdata> 参数:, url:http://sp.ejw.cn/crm/v1/partner/11/target ,返回:{'result': 403, 'code': 0, 'result_act': {'message': '没有权限访问此接口', 'error_code': 99999}},预期:code=403
[2018-05-24 13:52:41.765000] INFO: jiekou: 当前模块 断言测试结果
[2018-05-24 13:52:41.766000] INFO: jiekou: 全部args参数参数信息 , ()
[2018-05-24 13:52:41.766000] INFO: jiekou: 全部kwargs参数信息 , {'fanhuijson': {'result': 403, 'code': 0, 'result_act': {'message': '没有权限访问此接口', 'error_code': 99999}}, 'asserqiwang': 'code=403'}
[2018-05-24 13:52:41.795000] INFO: jiekou: inputdata> 参数:, url:http://sp.ejw.cn/crm/v1/partner/11/processes ,返回:{'result': 403, 'code': 0, 'result_act': {'message': '没有权限访问此接口', 'error_code': 99999}},预期:code=403
[2018-05-24 13:52:41.795000] INFO: jiekou: 当前模块 断言测试结果
[2018-05-24 13:52:41.796000] INFO: jiekou: 全部args参数参数信息 , ()
[2018-05-24 13:52:41.796000] INFO: jiekou: 全部kwargs参数信息 , {'fanhuijson': {'result': 403, 'code': 0, 'result_act': {'message': '没有权限访问此接口', 'error_code': 99999}}, 'asserqiwang': 'code=403'}
[2018-05-24 13:52:42.239000] INFO: jiekou: inputdata> 参数:, url:http://sp.ejw.cn/crm/v1/ptcustomers ,返回:{'result': 200, 'code': 0, 'result_act': {'page': {'hasNextPage': True, 'limit': 10, 'endRow': 10, 'firstPage': True, 'totalCount': 98, 'offset': 0, 'hasPrePage': False, 'totalPages': 10, 'page': 1, 'startRow': 1, 'nextPage': 2, 'prePage': 1, 'lastPage': False}, 'data': [{'inviteCount': 0, 'customerId': 1, 'gmtModified': '2018-03-16T10:47:38+08:00', 'phone': '', 'empCreateName': '盛秀玲', 'empCreate': 1450, 'industry': 141, 'customerName': '长沙市金伦投资咨询有限责任公司', 'address': '天心区芙蓉中路二段168号摩天一号二座21楼', 'empModified': 1450, 'empModifiedName': '盛秀玲', 'status': 1, 'channelName': '盛秀玲', 'clueId': 2, 'empPrincipalName': '盛秀玲', 'customerType': 4, 'industryName': '烟煤和无烟煤开采洗选', 'contactName': '15073293785', 'empPrincipal': 1450, 'gmtCreate': '2018-02-02T13:55:23+08:00', 'area': '湖南/长沙', 'osId': 86, 'validStatus': 1, 'partnerId': 190}, {'inviteCount': 0, 'status': 1, 'customerId': 2, 'channelName': '盛秀玲', 'clueId': 3, 'empPrincipalName': '盛秀玲', 'customerType': 4, 'gmtModified': '2018-02-08T11:06:46+08:00', 'contactName': '盛秀玲', 'phone': '', 'empCreateName': '盛秀玲', 'empCreate': 1450, 'gmtCreate': '2018-02-02T13:56:04+08:00', 'customerName': '武汉长福亚太服饰股份有限公司', 'area': '湖北省/武汉市', 'empPrincipal': 1450, 'empModified': 1450, 'validStatus': 1, 'empModifiedName': '盛秀玲', 'partnerId': 190}, {'inviteCount': 0, 'customerId': 3, 'gmtModified': '2018-02-07T15:59:45+08:00', 'phone': '', 'empCreateName': '盛秀玲', 'empCreate': 1450, 'industry': 552, 'customerName': '长沙市永发清洁服务有限公司', 'address': '企业麓谷', 'empModified': 1450, 'empModifiedName': '盛秀玲', 'status': 1, 'channelName': '盛秀玲', 'clueId': 15, 'empPrincipalName': '盛秀玲', 'customerType': 4, 'industryName': '稻谷种植', 'contactName': '盛秀玲11', 'empPrincipal': 1450, 'gmtCreate': '2018-02-02T13:59:02+08:00', 'area': '湖南/长沙', 'validStatus': 1, 'partnerId': 190}, {'inviteCount': 0, 'status': 1, 'customerId': 4, 'channelName': '盛秀玲', 'clueId': 12, 'empPrincipalName': '盛秀玲', 'customerType': 4, 'gmtModified': '2018-02-07T15:55:09+08:00', 'contactName': '盛秀玲8', 'phone': '', 'empCreateName': '盛秀玲', 'empCreate': 1450, 'gmtCreate': '2018-02-02T14:33:28+08:00', 'customerName': '广东信保建设投资管理有限公司', 'area': '湖北省/武汉市', 'empPrincipal': 1450, 'empModified': 1450, 'validStatus': 1, 'empModifiedName': '盛秀玲', 'partnerId': 190}, {'inviteCount': 0, 'customerId': 5, 'gmtModified': '2018-02-08T16:12:53+08:00', 'phone': '', 'empCreateName': '贺志华', 'empCreate': 1453, 'industry': 117, 'customerName': '中国电信股份有限公司', 'address': '雨花区韶山中路44号', 'empModified': 1450, 'empModifiedName': '盛秀玲', 'status': 1, 'channelName': '盛秀玲', 'clueId': 19, 'empPrincipalName': '盛秀玲', 'customerType': 4, 'industryName': '谷物种植', 'contactName': '盛秀玲13', 'empPrincipal': 1450, 'gmtCreate': '2018-02-02T16:20:40+08:00', 'area': '湖南/长沙', 'validStatus': 1, 'partnerId': 190}, {'inviteCount': 2, 'customerId': 8, 'gmtModified': '2018-03-19T09:56:46+08:00', 'phone': '', 'empCreateName': '资质名称211', 'empCreate': 1, 'industry': 117, 'customerName': '中国电信股份有限公司创新业务事业部', 'address': '中国电信股份有限公司湖南互联网与增值业务事业部', 'empModified': 2, 'empModifiedName': '林姝3333334', 'status': 1, 'channelName': '盛秀玲', 'clueId': 17, 'empPrincipalName': '林姝3333334', 'customerType': 4, 'industryName': '谷物种植', 'contactName': '盛秀玲12', 'empPrincipal': 2, 'gmtCreate': '2018-02-03T10:00:06+08:00', 'area': '湖南/长沙', 'validStatus': 1, 'partnerId': 1}, {'inviteCount': 0, 'customerId': 9, 'gmtModified': '2018-03-23T11:36:05+08:00', 'phone': '', 'empCreateName': '林姝3333334', 'empCreate': 2, 'industry': 117, 'customerName': '中国电信股份有限公司公众客户事业部', 'address': '互联网与增值业务事业部测试区域地址最大 测试验证', 'opinion': '客户电话不正确', 'empModified': 4, 'empModifiedName': 'Binc', 'status': 1, 'channelName': '盛秀玲', 'clueId': 18, 'empPrincipalName': 'Binc', 'customerType': 4, 'industryName': '谷物种植', 'contactName': '客户事业部', 'empPrincipal': 4, 'gmtCreate': '2018-02-03T13:51:33+08:00', 'area': '湖南/长沙', 'validStatus': 1, 'partnerId': 2}, {'inviteCount': 0, 'customerId': 10, 'gmtModified': '2018-02-13T00:00:01+08:00', 'phone': '', 'empCreateName': '林姝3333334', 'empCreate': 2, 'industry': 556, 'customerName': '长沙市开福区斯瑞乐教育咨询有限公司', 'address': '企业广场', 'opinion': '测试', 'empModified': 1526, 'empModifiedName': '盛秀玲', 'status': 0, 'channelName': '盛秀玲', 'clueId': 21, 'empPrincipalName': '盛秀玲', 'customerType': 1, 'industryName': '豆类种植', 'contactName': '欧阳琳娜', 'empPrincipal': 1526, 'gmtCreate': '2018-02-03T14:05:39+08:00', 'area': '湖南/湘潭', 'validStatus': 1, 'partnerId': 2}, {'inviteCount': 0, 'status': 0, 'customerId': 11, 'channelName': '盛秀玲', 'clueId': 8, 'customerType': 1, 'gmtModified': '2018-02-14T00:00:01+08:00', 'contactName': '盛秀玲4', 'phone': '', 'empCreateName': '林姝3333334', 'empCreate': 2, 'gmtCreate': '2018-02-03T14:06:22+08:00', 'customerName': '珠海益康建设工程有限公司', 'area': '湖北省/武汉市', 'address': '的风格让她', 'opinion': '客户电话不正确', 'empModified': 2, 'validStatus': 1, 'empModifiedName': '林姝3333334', 'partnerId': 2}, {'inviteCount': 0, 'status': 0, 'customerId': 12, 'channelName': '林姝3333334', 'clueId': 133, 'customerType': 1, 'gmtModified': '2018-02-14T00:00:01+08:00', 'industryName': '稻谷种植', 'contactName': ' 王小姐姐', 'phone': '', 'empCreateName': '林姝3333334', 'empCreate': 2, 'gmtCreate': '2018-02-03T15:14:54+08:00', 'customerName': '长沙市芙蓉区李德缝纫店', 'area': '湖南省/全部', 'validStatus': 1, 'empModified': 2, 'industry': 552, 'empModifiedName': '林姝3333334', 'partnerId': 2}]}},预期:code=403
[2018-05-24 13:52:42.244000] INFO: jiekou: 当前模块 断言测试结果
[2018-05-24 13:52:42.245000] INFO: jiekou: 全部args参数参数信息 , ()
[2018-05-24 13:52:42.246000] INFO: jiekou: 全部kwargs参数信息 , {'fanhuijson': {'result': 200, 'code': 0, 'result_act': {'page': {'hasNextPage': True, 'limit': 10, 'endRow': 10, 'firstPage': True, 'totalCount': 98, 'offset': 0, 'hasPrePage': False, 'totalPages': 10, 'page': 1, 'startRow': 1, 'nextPage': 2, 'prePage': 1, 'lastPage': False}, 'data': [{'inviteCount': 0, 'customerId': 1, 'gmtModified': '2018-03-16T10:47:38+08:00', 'phone': '', 'empCreateName': '盛秀玲', 'empCreate': 1450, 'industry': 141, 'customerName': '长沙市金伦投资咨询有限责任公司', 'address': '天心区芙蓉中路二段168号摩天一号二座21楼', 'empModified': 1450, 'empModifiedName': '盛秀玲', 'status': 1, 'channelName': '盛秀玲', 'clueId': 2, 'empPrincipalName': '盛秀玲', 'customerType': 4, 'industryName': '烟煤和无烟煤开采洗选', 'contactName': '15073293785', 'empPrincipal': 1450, 'gmtCreate': '2018-02-02T13:55:23+08:00', 'area': '湖南/长沙', 'osId': 86, 'validStatus': 1, 'partnerId': 190}, {'inviteCount': 0, 'status': 1, 'customerId': 2, 'channelName': '盛秀玲', 'clueId': 3, 'empPrincipalName': '盛秀玲', 'customerType': 4, 'gmtModified': '2018-02-08T11:06:46+08:00', 'contactName': '盛秀玲', 'phone': '', 'empCreateName': '盛秀玲', 'empCreate': 1450, 'gmtCreate': '2018-02-02T13:56:04+08:00', 'customerName': '武汉长福亚太服饰股份有限公司', 'area': '湖北省/武汉市', 'empPrincipal': 1450, 'empModified': 1450, 'validStatus': 1, 'empModifiedName': '盛秀玲', 'partnerId': 190}, {'inviteCount': 0, 'customerId': 3, 'gmtModified': '2018-02-07T15:59:45+08:00', 'phone': '', 'empCreateName': '盛秀玲', 'empCreate': 1450, 'industry': 552, 'customerName': '长沙市永发清洁服务有限公司', 'address': '企业麓谷', 'empModified': 1450, 'empModifiedName': '盛秀玲', 'status': 1, 'channelName': '盛秀玲', 'clueId': 15, 'empPrincipalName': '盛秀玲', 'customerType': 4, 'industryName': '稻谷种植', 'contactName': '盛秀玲11', 'empPrincipal': 1450, 'gmtCreate': '2018-02-02T13:59:02+08:00', 'area': '湖南/长沙', 'validStatus': 1, 'partnerId': 190}, {'inviteCount': 0, 'status': 1, 'customerId': 4, 'channelName': '盛秀玲', 'clueId': 12, 'empPrincipalName': '盛秀玲', 'customerType': 4, 'gmtModified': '2018-02-07T15:55:09+08:00', 'contactName': '盛秀玲8', 'phone': '', 'empCreateName': '盛秀玲', 'empCreate': 1450, 'gmtCreate': '2018-02-02T14:33:28+08:00', 'customerName': '广东信保建设投资管理有限公司', 'area': '湖北省/武汉市', 'empPrincipal': 1450, 'empModified': 1450, 'validStatus': 1, 'empModifiedName': '盛秀玲', 'partnerId': 190}, {'inviteCount': 0, 'customerId': 5, 'gmtModified': '2018-02-08T16:12:53+08:00', 'phone': '', 'empCreateName': '贺志华', 'empCreate': 1453, 'industry': 117, 'customerName': '中国电信股份有限公司', 'address': '雨花区韶山中路44号', 'empModified': 1450, 'empModifiedName': '盛秀玲', 'status': 1, 'channelName': '盛秀玲', 'clueId': 19, 'empPrincipalName': '盛秀玲', 'customerType': 4, 'industryName': '谷物种植', 'contactName': '盛秀玲13', 'empPrincipal': 1450, 'gmtCreate': '2018-02-02T16:20:40+08:00', 'area': '湖南/长沙', 'validStatus': 1, 'partnerId': 190}, {'inviteCount': 2, 'customerId': 8, 'gmtModified': '2018-03-19T09:56:46+08:00', 'phone': '', 'empCreateName': '资质名称211', 'empCreate': 1, 'industry': 117, 'customerName': '中国电信股份有限公司创新业务事业部', 'address': '中国电信股份有限公司湖南互联网与增值业务事业部', 'empModified': 2, 'empModifiedName': '林姝3333334', 'status': 1, 'channelName': '盛秀玲', 'clueId': 17, 'empPrincipalName': '林姝3333334', 'customerType': 4, 'industryName': '谷物种植', 'contactName': '盛秀玲12', 'empPrincipal': 2, 'gmtCreate': '2018-02-03T10:00:06+08:00', 'area': '湖南/长沙', 'validStatus': 1, 'partnerId': 1}, {'inviteCount': 0, 'customerId': 9, 'gmtModified': '2018-03-23T11:36:05+08:00', 'phone': '', 'empCreateName': '林姝3333334', 'empCreate': 2, 'industry': 117, 'customerName': '中国电信股份有限公司公众客户事业部', 'address': '互联网与增值业务事业部测试区域地址最大 测试验证', 'opinion': '客户电话不正确', 'empModified': 4, 'empModifiedName': 'Binc', 'status': 1, 'channelName': '盛秀玲', 'clueId': 18, 'empPrincipalName': 'Binc', 'customerType': 4, 'industryName': '谷物种植', 'contactName': '客户事业部', 'empPrincipal': 4, 'gmtCreate': '2018-02-03T13:51:33+08:00', 'area': '湖南/长沙', 'validStatus': 1, 'partnerId': 2}, {'inviteCount': 0, 'customerId': 10, 'gmtModified': '2018-02-13T00:00:01+08:00', 'phone': '', 'empCreateName': '林姝3333334', 'empCreate': 2, 'industry': 556, 'customerName': '长沙市开福区斯瑞乐教育咨询有限公司', 'address': '企业广场', 'opinion': '测试', 'empModified': 1526, 'empModifiedName': '盛秀玲', 'status': 0, 'channelName': '盛秀玲', 'clueId': 21, 'empPrincipalName': '盛秀玲', 'customerType': 1, 'industryName': '豆类种植', 'contactName': '欧阳琳娜', 'empPrincipal': 1526, 'gmtCreate': '2018-02-03T14:05:39+08:00', 'area': '湖南/湘潭', 'validStatus': 1, 'partnerId': 2}, {'inviteCount': 0, 'status': 0, 'customerId': 11, 'channelName': '盛秀玲', 'clueId': 8, 'customerType': 1, 'gmtModified': '2018-02-14T00:00:01+08:00', 'contactName': '盛秀玲4', 'phone': '', 'empCreateName': '林姝3333334', 'empCreate': 2, 'gmtCreate': '2018-02-03T14:06:22+08:00', 'customerName': '珠海益康建设工程有限公司', 'area': '湖北省/武汉市', 'address': '的风格让她', 'opinion': '客户电话不正确', 'empModified': 2, 'validStatus': 1, 'empModifiedName': '林姝3333334', 'partnerId': 2}, {'inviteCount': 0, 'status': 0, 'customerId': 12, 'channelName': '林姝3333334', 'clueId': 133, 'customerType': 1, 'gmtModified': '2018-02-14T00:00:01+08:00', 'industryName': '稻谷种植', 'contactName': ' 王小姐姐', 'phone': '', 'empCreateName': '林姝3333334', 'empCreate': 2, 'gmtCreate': '2018-02-03T15:14:54+08:00', 'customerName': '长沙市芙蓉区李德缝纫店', 'area': '湖南省/全部', 'validStatus': 1, 'empModified': 2, 'industry': 552, 'empModifiedName': '林姝3333334', 'partnerId': 2}]}}, 'asserqiwang': 'code=403'}
[2018-05-24 13:52:43.178000] INFO: jiekou: inputdata> 参数:, url:http://sp.ejw.cn/crm/v1/slcustomer/20/contacts ,返回:{'result': 403, 'code': 0, 'result_act': {'message': '没有权限访问此接口', 'error_code': 99999}},预期:code=403
[2018-05-24 13:52:43.180000] INFO: jiekou: 当前模块 断言测试结果
[2018-05-24 13:52:43.182000] INFO: jiekou: 全部args参数参数信息 , ()
[2018-05-24 13:52:43.184000] INFO: jiekou: 全部kwargs参数信息 , {'fanhuijson': {'result': 403, 'code': 0, 'result_act': {'message': '没有权限访问此接口', 'error_code': 99999}}, 'asserqiwang': 'code=403'}
[2018-05-24 13:52:43.219000] INFO: jiekou: inputdata> 参数:, url:http://sp.ejw.cn/crm/v1/slvisits ,返回:{'result': 403, 'code': 0, 'result_act': {'message': '没有权限访问此接口', 'error_code': 99999}},预期:code=403
[2018-05-24 13:52:43.220000] INFO: jiekou: 当前模块 断言测试结果
[2018-05-24 13:52:43.221000] INFO: jiekou: 全部args参数参数信息 , ()
[2018-05-24 13:52:43.221000] INFO: jiekou: 全部kwargs参数信息 , {'fanhuijson': {'result': 403, 'code': 0, 'result_act': {'message': '没有权限访问此接口', 'error_code': 99999}}, 'asserqiwang': 'code=403'}
[2018-05-24 13:52:44.342000] INFO: jiekou: inputdata> 参数:, url:http://sp.ejw.cn/crm/v1/ptcustomer/20 ,返回:{'result': 200, 'code': 0, 'result_act': {'inviteCount': 0, 'customerId': 20, 'gmtModified': '2018-02-08T17:16:03+08:00', 'isSuperior': 0, 'phone': '', 'empCreateName': '盛秀玲', 'empCreate': 1450, 'industry': 612, 'customerName': '苏州仁义诚投资有限公司', 'channelName': '盛秀玲', 'empModified': 1450, 'phoneId': 0, 'empModifiedName': '盛秀玲', 'status': 1, 'address': '火车站路999号33333333333333333333333333333333333333333333333333333333333333333333333333334444444444444444', 'clueId': 5, 'empPrincipalName': '盛秀玲', 'customerType': 4, 'contactId': 18, 'partnerName': '长沙伊特--盛秀玲服务商', 'industryName': '烟煤和无烟煤开采洗选', 'contactName': '盛秀玲1333333', 'customerTypeName': '转商机', 'empPrincipal': 1450, 'gmtCreate': '2018-02-05T13:53:18+08:00', 'area': '湖北/武汉', 'partnerId': 190, 'validStatus': 1, 'isPrincipal': 0}},预期:code=403
[2018-05-24 13:52:44.344000] INFO: jiekou: 当前模块 断言测试结果
[2018-05-24 13:52:44.346000] INFO: jiekou: 全部args参数参数信息 , ()
[2018-05-24 13:52:44.348000] INFO: jiekou: 全部kwargs参数信息 , {'fanhuijson': {'result': 200, 'code': 0, 'result_act': {'inviteCount': 0, 'customerId': 20, 'gmtModified': '2018-02-08T17:16:03+08:00', 'isSuperior': 0, 'phone': '', 'empCreateName': '盛秀玲', 'empCreate': 1450, 'industry': 612, 'customerName': '苏州仁义诚投资有限公司', 'channelName': '盛秀玲', 'empModified': 1450, 'phoneId': 0, 'empModifiedName': '盛秀玲', 'status': 1, 'address': '火车站路999号33333333333333333333333333333333333333333333333333333333333333333333333333334444444444444444', 'clueId': 5, 'empPrincipalName': '盛秀玲', 'customerType': 4, 'contactId': 18, 'partnerName': '长沙伊特--盛秀玲服务商', 'industryName': '烟煤和无烟煤开采洗选', 'contactName': '盛秀玲1333333', 'customerTypeName': '转商机', 'empPrincipal': 1450, 'gmtCreate': '2018-02-05T13:53:18+08:00', 'area': '湖北/武汉', 'partnerId': 190, 'validStatus': 1, 'isPrincipal': 0}}, 'asserqiwang': 'code=403'}
[2018-05-24 13:52:44.378000] INFO: jiekou: inputdata> 参数:, url:http://sp.ejw.cn/crm/v1/mkscheme/17/verify ,返回:{'result': 403, 'code': 0, 'result_act': {'message': '没有权限访问此接口', 'error_code': 99999}},预期:code=403
[2018-05-24 13:52:44.380000] INFO: jiekou: 当前模块 断言测试结果
[2018-05-24 13:52:44.382000] INFO: jiekou: 全部args参数参数信息 , ()
[2018-05-24 13:52:44.384000] INFO: jiekou: 全部kwargs参数信息 , {'fanhuijson': {'result': 403, 'code': 0, 'result_act': {'message': '没有权限访问此接口', 'error_code': 99999}}, 'asserqiwang': 'code=403'}
[2018-05-24 13:52:44.414000] INFO: jiekou: inputdata> 参数:, url:http://sp.ejw.cn/crm/v1/slprotects ,返回:{'result': 403, 'code': 0, 'result_act': {'message': '没有权限访问此接口', 'error_code': 99999}},预期:code=403
[2018-05-24 13:52:44.417000] INFO: jiekou: 当前模块 断言测试结果
[2018-05-24 13:52:44.418000] INFO: jiekou: 全部args参数参数信息 , ()
[2018-05-24 13:52:44.420000] INFO: jiekou: 全部kwargs参数信息 , {'fanhuijson': {'result': 403, 'code': 0, 'result_act': {'message': '没有权限访问此接口', 'error_code': 99999}}, 'asserqiwang': 'code=403'}
[2018-05-24 13:52:44.459000] INFO: jiekou: inputdata> 参数:, url:http://sp.ejw.cn/crm/v1/slcustomers ,返回:{'result': 400, 'code': 0, 'result_act': {'errors': [{'field': '""', 'msg': 'instance type (string) does not match any allowed primitive type (allowed: [array])', 'description': '文件路径'}], 'msg': '参数错误', 'code': '400'}},预期:code=403
[2018-05-24 13:52:44.461000] INFO: jiekou: 当前模块 断言测试结果
[2018-05-24 13:52:44.462000] INFO: jiekou: 全部args参数参数信息 , ()
[2018-05-24 13:52:44.464000] INFO: jiekou: 全部kwargs参数信息 , {'fanhuijson': {'result': 400, 'code': 0, 'result_act': {'errors': [{'field': '""', 'msg': 'instance type (string) does not match any allowed primitive type (allowed: [array])', 'description': '文件路径'}], 'msg': '参数错误', 'code': '400'}}, 'asserqiwang': 'code=403'}
[2018-05-24 13:52:45.516000] INFO: jiekou: inputdata> 参数:, url:http://sp.ejw.cn/crm/v1/slcustomers ,返回:{'result': 403, 'code': 0, 'result_act': {'message': '没有权限访问此接口', 'error_code': 99999}},预期:code=403
[2018-05-24 13:52:45.518000] INFO: jiekou: 当前模块 断言测试结果
[2018-05-24 13:52:45.520000] INFO: jiekou: 全部args参数参数信息 , ()
[2018-05-24 13:52:45.521000] INFO: jiekou: 全部kwargs参数信息 , {'fanhuijson': {'result': 403, 'code': 0, 'result_act': {'message': '没有权限访问此接口', 'error_code': 99999}}, 'asserqiwang': 'code=403'}
[2018-05-24 13:52:45.551000] INFO: jiekou: inputdata> 参数:, url:http://sp.ejw.cn/crm/v1/partner/11/customer-level/22/use ,返回:{'result': 403, 'code': 0, 'result_act': {'message': '没有权限访问此接口', 'error_code': 99999}},预期:code=403
[2018-05-24 13:52:45.551000] INFO: jiekou: 当前模块 断言测试结果
[2018-05-24 13:52:45.552000] INFO: jiekou: 全部args参数参数信息 , ()
[2018-05-24 13:52:45.553000] INFO: jiekou: 全部kwargs参数信息 , {'fanhuijson': {'result': 403, 'code': 0, 'result_act': {'message': '没有权限访问此接口', 'error_code': 99999}}, 'asserqiwang': 'code=403'}
[2018-05-24 13:52:45.615000] INFO: jiekou: inputdata> 参数:, url:http://sp.ejw.cn/crm/v1/slcustomer/20 ,返回:{'result': 500, 'code': 0, 'result_act': {'message': '服务器异常', 'code': '500', 'errors': {}}},预期:code=403
[2018-05-24 13:52:45.617000] INFO: jiekou: 当前模块 断言测试结果
[2018-05-24 13:52:45.618000] INFO: jiekou: 全部args参数参数信息 , ()
[2018-05-24 13:52:45.620000] INFO: jiekou: 全部kwargs参数信息 , {'fanhuijson': {'result': 500, 'code': 0, 'result_act': {'message': '服务器异常', 'code': '500', 'errors': {}}}, 'asserqiwang': 'code=403'}
[2018-05-24 13:52:45.652000] INFO: jiekou: inputdata> 参数:, url:http://sp.ejw.cn/crm/v1/slcustomer/20 ,返回:{'result': 403, 'code': 0, 'result_act': {'message': '没有权限访问此接口', 'error_code': 99999}},预期:code=403
[2018-05-24 13:52:45.654000] INFO: jiekou: 当前模块 断言测试结果
[2018-05-24 13:52:45.656000] INFO: jiekou: 全部args参数参数信息 , ()
[2018-05-24 13:52:45.658000] INFO: jiekou: 全部kwargs参数信息 , {'fanhuijson': {'result': 403, 'code': 0, 'result_act': {'message': '没有权限访问此接口', 'error_code': 99999}}, 'asserqiwang': 'code=403'}
[2018-05-24 13:52:45.687000] INFO: jiekou: inputdata> 参数:, url:http://sp.ejw.cn/crm/v1/mkplan ,返回:{'result': 403, 'code': 0, 'result_act': {'message': '没有权限访问此接口', 'error_code': 99999}},预期:code=403
[2018-05-24 13:52:45.689000] INFO: jiekou: 当前模块 断言测试结果
[2018-05-24 13:52:45.690000] INFO: jiekou: 全部args参数参数信息 , ()
[2018-05-24 13:52:45.691000] INFO: jiekou: 全部kwargs参数信息 , {'fanhuijson': {'result': 403, 'code': 0, 'result_act': {'message': '没有权限访问此接口', 'error_code': 99999}}, 'asserqiwang': 'code=403'}
[2018-05-24 13:52:45.731000] INFO: jiekou: inputdata> 参数:, url:http://sp.ejw.cn/crm/v1/partner/11/process/23/status ,返回:{'result': 405, 'code': 0, 'result_act': {'message': '不支持当前请求方法', 'code': 405, 'errors': []}},预期:code=403
[2018-05-24 13:52:45.732000] INFO: jiekou: 当前模块 断言测试结果
[2018-05-24 13:52:45.733000] INFO: jiekou: 全部args参数参数信息 , ()
[2018-05-24 13:52:45.734000] INFO: jiekou: 全部kwargs参数信息 , {'fanhuijson': {'result': 405, 'code': 0, 'result_act': {'message': '不支持当前请求方法', 'code': 405, 'errors': []}}, 'asserqiwang': 'code=403'}
[2018-05-24 13:52:45.769000] INFO: jiekou: inputdata> 参数:, url:http://sp.ejw.cn/crm/v1/ptclue ,返回:{'result': 400, 'code': 0, 'result_act': {'errors': [{'field': '""', 'msg': 'instance type (string) does not match any allowed primitive type (allowed: [object])', 'description': ''}], 'msg': '参数错误', 'code': '400'}},预期:code=403
[2018-05-24 13:52:45.770000] INFO: jiekou: 当前模块 断言测试结果
[2018-05-24 13:52:45.771000] INFO: jiekou: 全部args参数参数信息 , ()
[2018-05-24 13:52:45.772000] INFO: jiekou: 全部kwargs参数信息 , {'fanhuijson': {'result': 400, 'code': 0, 'result_act': {'errors': [{'field': '""', 'msg': 'instance type (string) does not match any allowed primitive type (allowed: [object])', 'description': ''}], 'msg': '参数错误', 'code': '400'}}, 'asserqiwang': 'code=403'}
[2018-05-24 13:52:45.796000] INFO: jiekou: inputdata> 参数:, url:http://sp.ejw.cn/crm/v1/partner/11/targets/employee/24 ,返回:{'result': 403, 'code': 0, 'result_act': {'message': '没有权限访问此接口', 'error_code': 99999}},预期:code=403
[2018-05-24 13:52:45.797000] INFO: jiekou: 当前模块 断言测试结果
[2018-05-24 13:52:45.797000] INFO: jiekou: 全部args参数参数信息 , ()
[2018-05-24 13:52:45.798000] INFO: jiekou: 全部kwargs参数信息 , {'fanhuijson': {'result': 403, 'code': 0, 'result_act': {'message': '没有权限访问此接口', 'error_code': 99999}}, 'asserqiwang': 'code=403'}
[2018-05-24 13:52:45.822000] INFO: jiekou: inputdata> 参数:, url:http://sp.ejw.cn/crm/v1/slbusioppor/14/stages ,返回:{'result': 403, 'code': 0, 'result_act': {'message': '没有权限访问此接口', 'error_code': 99999}},预期:code=403
[2018-05-24 13:52:45.823000] INFO: jiekou: 当前模块 断言测试结果
[2018-05-24 13:52:45.824000] INFO: jiekou: 全部args参数参数信息 , ()
[2018-05-24 13:52:45.824000] INFO: jiekou: 全部kwargs参数信息 , {'fanhuijson': {'result': 403, 'code': 0, 'result_act': {'message': '没有权限访问此接口', 'error_code': 99999}}, 'asserqiwang': 'code=403'}
[2018-05-24 13:52:45.851000] INFO: jiekou: inputdata> 参数:, url:http://sp.ejw.cn/crm/v1/mkplans ,返回:{'result': 403, 'code': 0, 'result_act': {'message': '没有权限访问此接口', 'error_code': 99999}},预期:code=403
[2018-05-24 13:52:45.852000] INFO: jiekou: 当前模块 断言测试结果
[2018-05-24 13:52:45.853000] INFO: jiekou: 全部args参数参数信息 , ()
[2018-05-24 13:52:45.853000] INFO: jiekou: 全部kwargs参数信息 , {'fanhuijson': {'result': 403, 'code': 0, 'result_act': {'message': '没有权限访问此接口', 'error_code': 99999}}, 'asserqiwang': 'code=403'}
[2018-05-24 13:52:45.881000] INFO: jiekou: inputdata> 参数:, url:http://sp.ejw.cn/crm/v1/slprotects/status ,返回:{'result': 400, 'code': 0, 'result_act': {'errors': [{'field': '""', 'msg': 'instance type (string) does not match any allowed primitive type (allowed: [object])', 'description': ''}], 'msg': '参数错误', 'code': '400'}},预期:code=403
[2018-05-24 13:52:45.882000] INFO: jiekou: 当前模块 断言测试结果
[2018-05-24 13:52:45.882000] INFO: jiekou: 全部args参数参数信息 , ()
[2018-05-24 13:52:45.883000] INFO: jiekou: 全部kwargs参数信息 , {'fanhuijson': {'result': 400, 'code': 0, 'result_act': {'errors': [{'field': '""', 'msg': 'instance type (string) does not match any allowed primitive type (allowed: [object])', 'description': ''}], 'msg': '参数错误', 'code': '400'}}, 'asserqiwang': 'code=403'}
[2018-05-24 13:52:45.909000] INFO: jiekou: inputdata> 参数:, url:http://sp.ejw.cn/crm/v1/slprotect/25/shares ,返回:{'result': 403, 'code': 0, 'result_act': {'message': '没有权限访问此接口', 'error_code': 99999}},预期:code=403
[2018-05-24 13:52:45.910000] INFO: jiekou: 当前模块 断言测试结果
[2018-05-24 13:52:45.911000] INFO: jiekou: 全部args参数参数信息 , ()
[2018-05-24 13:52:45.911000] INFO: jiekou: 全部kwargs参数信息 , {'fanhuijson': {'result': 403, 'code': 0, 'result_act': {'message': '没有权限访问此接口', 'error_code': 99999}}, 'asserqiwang': 'code=403'}
[2018-05-24 13:52:45.936000] INFO: jiekou: inputdata> 参数:, url:http://sp.ejw.cn/crm/v1/slcustomer/20/contact ,返回:{'result': 403, 'code': 0, 'result_act': {'message': '没有权限访问此接口', 'error_code': 99999}},预期:code=403
[2018-05-24 13:52:45.936000] INFO: jiekou: 当前模块 断言测试结果
[2018-05-24 13:52:45.937000] INFO: jiekou: 全部args参数参数信息 , ()
[2018-05-24 13:52:45.937000] INFO: jiekou: 全部kwargs参数信息 , {'fanhuijson': {'result': 403, 'code': 0, 'result_act': {'message': '没有权限访问此接口', 'error_code': 99999}}, 'asserqiwang': 'code=403'}
[2018-05-24 13:52:45.961000] INFO: jiekou: inputdata> 参数:, url:http://sp.ejw.cn/crm/v1/slprotect/25 ,返回:{'result': 403, 'code': 0, 'result_act': {'message': '没有权限访问此接口', 'error_code': 99999}},预期:code=403
[2018-05-24 13:52:45.962000] INFO: jiekou: 当前模块 断言测试结果
[2018-05-24 13:52:45.963000] INFO: jiekou: 全部args参数参数信息 , ()
[2018-05-24 13:52:45.963000] INFO: jiekou: 全部kwargs参数信息 , {'fanhuijson': {'result': 403, 'code': 0, 'result_act': {'message': '没有权限访问此接口', 'error_code': 99999}}, 'asserqiwang': 'code=403'}
[2018-05-24 13:52:45.987000] INFO: jiekou: inputdata> 参数:, url:http://sp.ejw.cn/crm/v1/sldaytasks ,返回:{'result': 403, 'code': 0, 'result_act': {'message': '没有权限访问此接口', 'error_code': 99999}},预期:code=403
[2018-05-24 13:52:45.988000] INFO: jiekou: 当前模块 断言测试结果
[2018-05-24 13:52:45.988000] INFO: jiekou: 全部args参数参数信息 , ()
[2018-05-24 13:52:45.989000] INFO: jiekou: 全部kwargs参数信息 , {'fanhuijson': {'result': 403, 'code': 0, 'result_act': {'message': '没有权限访问此接口', 'error_code': 99999}}, 'asserqiwang': 'code=403'}
[2018-05-24 13:52:46.011000] INFO: jiekou: inputdata> 参数:, url:http://sp.ejw.cn/crm/v1/partner/11/rules/employees ,返回:{'result': 403, 'code': 0, 'result_act': {'message': '没有权限访问此接口', 'error_code': 99999}},预期:code=403
[2018-05-24 13:52:46.012000] INFO: jiekou: 当前模块 断言测试结果
[2018-05-24 13:52:46.012000] INFO: jiekou: 全部args参数参数信息 , ()
[2018-05-24 13:52:46.013000] INFO: jiekou: 全部kwargs参数信息 , {'fanhuijson': {'result': 403, 'code': 0, 'result_act': {'message': '没有权限访问此接口', 'error_code': 99999}}, 'asserqiwang': 'code=403'}
[2018-05-24 13:52:46.039000] INFO: jiekou: inputdata> 参数:, url:http://sp.ejw.cn/crm/v1/slvisit/26 ,返回:{'result': 403, 'code': 0, 'result_act': {'message': '没有权限访问此接口', 'error_code': 99999}},预期:code=403
[2018-05-24 13:52:46.039000] INFO: jiekou: 当前模块 断言测试结果
[2018-05-24 13:52:46.040000] INFO: jiekou: 全部args参数参数信息 , ()
[2018-05-24 13:52:46.040000] INFO: jiekou: 全部kwargs参数信息 , {'fanhuijson': {'result': 403, 'code': 0, 'result_act': {'message': '没有权限访问此接口', 'error_code': 99999}}, 'asserqiwang': 'code=403'}
[2018-05-24 13:52:46.064000] INFO: jiekou: inputdata> 参数:, url:http://sp.ejw.cn/crm/v1/sldaytasks/status ,返回:{'result': 403, 'code': 0, 'result_act': {'message': '没有权限访问此接口', 'error_code': 99999}},预期:code=403
[2018-05-24 13:52:46.064000] INFO: jiekou: 当前模块 断言测试结果
[2018-05-24 13:52:46.065000] INFO: jiekou: 全部args参数参数信息 , ()
[2018-05-24 13:52:46.065000] INFO: jiekou: 全部kwargs参数信息 , {'fanhuijson': {'result': 403, 'code': 0, 'result_act': {'message': '没有权限访问此接口', 'error_code': 99999}}, 'asserqiwang': 'code=403'}
[2018-05-24 13:52:46.087000] INFO: jiekou: inputdata> 参数:, url:http://sp.ejw.cn/crm/v1/mkclues ,返回:{'result': 403, 'code': 0, 'result_act': {'message': '没有权限访问此接口', 'error_code': 99999}},预期:code=403
[2018-05-24 13:52:46.088000] INFO: jiekou: 当前模块 断言测试结果
[2018-05-24 13:52:46.088000] INFO: jiekou: 全部args参数参数信息 , ()
[2018-05-24 13:52:46.088000] INFO: jiekou: 全部kwargs参数信息 , {'fanhuijson': {'result': 403, 'code': 0, 'result_act': {'message': '没有权限访问此接口', 'error_code': 99999}}, 'asserqiwang': 'code=403'}
[2018-05-24 13:52:46.110000] INFO: jiekou: inputdata> 参数:, url:http://sp.ejw.cn/crm/v1/slprotect/25/principal ,返回:{'result': 403, 'code': 0, 'result_act': {'message': '没有权限访问此接口', 'error_code': 99999}},预期:code=403
[2018-05-24 13:52:46.111000] INFO: jiekou: 当前模块 断言测试结果
[2018-05-24 13:52:46.112000] INFO: jiekou: 全部args参数参数信息 , ()
[2018-05-24 13:52:46.112000] INFO: jiekou: 全部kwargs参数信息 , {'fanhuijson': {'result': 403, 'code': 0, 'result_act': {'message': '没有权限访问此接口', 'error_code': 99999}}, 'asserqiwang': 'code=403'}
[2018-05-24 13:52:46.134000] INFO: jiekou: inputdata> 参数:, url:http://sp.ejw.cn/crm/v1/slclues ,返回:{'result': 403, 'code': 0, 'result_act': {'message': '没有权限访问此接口', 'error_code': 99999}},预期:code=403
[2018-05-24 13:52:46.134000] INFO: jiekou: 当前模块 断言测试结果
[2018-05-24 13:52:46.135000] INFO: jiekou: 全部args参数参数信息 , ()
[2018-05-24 13:52:46.136000] INFO: jiekou: 全部kwargs参数信息 , {'fanhuijson': {'result': 403, 'code': 0, 'result_act': {'message': '没有权限访问此接口', 'error_code': 99999}}, 'asserqiwang': 'code=403'}
[2018-05-24 13:52:46.161000] INFO: jiekou: inputdata> 参数:, url:http://sp.ejw.cn/crm/v1/slclues ,返回:{'result': 400, 'code': 0, 'result_act': {'errors': [{'field': '""', 'msg': 'instance type (string) does not match any allowed primitive type (allowed: [array])', 'description': '文件路径'}], 'msg': '参数错误', 'code': '400'}},预期:code=403
[2018-05-24 13:52:46.161000] INFO: jiekou: 当前模块 断言测试结果
[2018-05-24 13:52:46.162000] INFO: jiekou: 全部args参数参数信息 , ()
[2018-05-24 13:52:46.162000] INFO: jiekou: 全部kwargs参数信息 , {'fanhuijson': {'result': 400, 'code': 0, 'result_act': {'errors': [{'field': '""', 'msg': 'instance type (string) does not match any allowed primitive type (allowed: [array])', 'description': '文件路径'}], 'msg': '参数错误', 'code': '400'}}, 'asserqiwang': 'code=403'}
[2018-05-24 13:52:46.192000] INFO: jiekou: inputdata> 参数:, url:http://sp.ejw.cn/crm/v1/slcustomer/20/contact/27 ,返回:{'result': 400, 'code': 0, 'result_act': {'errors': [{'field': '""', 'msg': 'instance type (string) does not match any allowed primitive type (allowed: [object])', 'description': ''}], 'msg': '参数错误', 'code': '400'}},预期:code=403
[2018-05-24 13:52:46.193000] INFO: jiekou: 当前模块 断言测试结果
[2018-05-24 13:52:46.193000] INFO: jiekou: 全部args参数参数信息 , ()
[2018-05-24 13:52:46.194000] INFO: jiekou: 全部kwargs参数信息 , {'fanhuijson': {'result': 400, 'code': 0, 'result_act': {'errors': [{'field': '""', 'msg': 'instance type (string) does not match any allowed primitive type (allowed: [object])', 'description': ''}], 'msg': '参数错误', 'code': '400'}}, 'asserqiwang': 'code=403'}
[2018-05-24 13:52:46.247000] INFO: jiekou: inputdata> 参数:, url:http://sp.ejw.cn/crm/v1/slcustomer/20/contact/27 ,返回:{'result': 400, 'code': 0, 'result_act': {'message': '参数异常', 'code': 400, 'errors': [{'message': '至少保留一个联系人', 'field': 'customerId'}]}},预期:code=403
[2018-05-24 13:52:46.247000] INFO: jiekou: 当前模块 断言测试结果
[2018-05-24 13:52:46.248000] INFO: jiekou: 全部args参数参数信息 , ()
[2018-05-24 13:52:46.248000] INFO: jiekou: 全部kwargs参数信息 , {'fanhuijson': {'result': 400, 'code': 0, 'result_act': {'message': '参数异常', 'code': 400, 'errors': [{'message': '至少保留一个联系人', 'field': 'customerId'}]}}, 'asserqiwang': 'code=403'}
[2018-05-24 13:52:46.282000] INFO: jiekou: inputdata> 参数:, url:http://sp.ejw.cn/crm/v1/slcustomer/20/contact/27 ,返回:{'result': 403, 'code': 0, 'result_act': {'message': '没有权限访问此接口', 'error_code': 99999}},预期:code=403
[2018-05-24 13:52:46.282000] INFO: jiekou: 当前模块 断言测试结果
[2018-05-24 13:52:46.283000] INFO: jiekou: 全部args参数参数信息 , ()
[2018-05-24 13:52:46.283000] INFO: jiekou: 全部kwargs参数信息 , {'fanhuijson': {'result': 403, 'code': 0, 'result_act': {'message': '没有权限访问此接口', 'error_code': 99999}}, 'asserqiwang': 'code=403'}
[2018-05-24 13:52:46.307000] INFO: jiekou: inputdata> 参数:, url:http://sp.ejw.cn/crm/v1/sldaytask/28/principal ,返回:{'result': 403, 'code': 0, 'result_act': {'message': '没有权限访问此接口', 'error_code': 99999}},预期:code=403
[2018-05-24 13:52:46.308000] INFO: jiekou: 当前模块 断言测试结果
[2018-05-24 13:52:46.308000] INFO: jiekou: 全部args参数参数信息 , ()
[2018-05-24 13:52:46.309000] INFO: jiekou: 全部kwargs参数信息 , {'fanhuijson': {'result': 403, 'code': 0, 'result_act': {'message': '没有权限访问此接口', 'error_code': 99999}}, 'asserqiwang': 'code=403'}
[2018-05-24 13:52:46.338000] INFO: jiekou: inputdata> 参数:, url:http://sp.ejw.cn/crm/v1/slcustomer/20/bindos ,返回:{'result': 403, 'code': 0, 'result_act': {'message': '没有权限访问此接口', 'error_code': 99999}},预期:code=403
[2018-05-24 13:52:46.339000] INFO: jiekou: 当前模块 断言测试结果
[2018-05-24 13:52:46.340000] INFO: jiekou: 全部args参数参数信息 , ()
[2018-05-24 13:52:46.341000] INFO: jiekou: 全部kwargs参数信息 , {'fanhuijson': {'result': 403, 'code': 0, 'result_act': {'message': '没有权限访问此接口', 'error_code': 99999}}, 'asserqiwang': 'code=403'}
[2018-05-24 13:52:46.368000] INFO: jiekou: inputdata> 参数:, url:http://sp.ejw.cn/crm/v1/slbusioppors/distrib ,返回:{'result': 403, 'code': 0, 'result_act': {'message': '没有权限访问此接口', 'error_code': 99999}},预期:code=403
[2018-05-24 13:52:46.369000] INFO: jiekou: 当前模块 断言测试结果
[2018-05-24 13:52:46.370000] INFO: jiekou: 全部args参数参数信息 , ()
[2018-05-24 13:52:46.372000] INFO: jiekou: 全部kwargs参数信息 , {'fanhuijson': {'result': 403, 'code': 0, 'result_act': {'message': '没有权限访问此接口', 'error_code': 99999}}, 'asserqiwang': 'code=403'}
[2018-05-24 13:52:47.434000] INFO: jiekou: inputdata> 参数:, url:http://sp.ejw.cn/crm/v1/partner/11/target/29 ,返回:{'result': 403, 'code': 0, 'result_act': {'message': '没有权限访问此接口', 'error_code': 99999}},预期:code=403
[2018-05-24 13:52:47.436000] INFO: jiekou: 当前模块 断言测试结果
[2018-05-24 13:52:47.438000] INFO: jiekou: 全部args参数参数信息 , ()
[2018-05-24 13:52:47.440000] INFO: jiekou: 全部kwargs参数信息 , {'fanhuijson': {'result': 403, 'code': 0, 'result_act': {'message': '没有权限访问此接口', 'error_code': 99999}}, 'asserqiwang': 'code=403'}
[2018-05-24 13:52:47.471000] INFO: jiekou: inputdata> 参数:, url:http://sp.ejw.cn/crm/v1/partner/11/rules ,返回:{'result': 403, 'code': 0, 'result_act': {'message': '没有权限访问此接口', 'error_code': 99999}},预期:code=403
[2018-05-24 13:52:47.473000] INFO: jiekou: 当前模块 断言测试结果
[2018-05-24 13:52:47.474000] INFO: jiekou: 全部args参数参数信息 , ()
[2018-05-24 13:52:47.475000] INFO: jiekou: 全部kwargs参数信息 , {'fanhuijson': {'result': 403, 'code': 0, 'result_act': {'message': '没有权限访问此接口', 'error_code': 99999}}, 'asserqiwang': 'code=403'}
[2018-05-24 13:52:48.543000] INFO: jiekou: inputdata> 参数:, url:http://sp.ejw.cn/crm/v1/partner/11/project-types ,返回:{'result': 400, 'code': 0, 'result_act': {'errors': [{'field': '""', 'msg': 'instance type (string) does not match any allowed primitive type (allowed: [array])', 'description': '活动类型添加实体'}], 'msg': '参数错误', 'code': '400'}},预期:code=403
[2018-05-24 13:52:48.544000] INFO: jiekou: 当前模块 断言测试结果
[2018-05-24 13:52:48.546000] INFO: jiekou: 全部args参数参数信息 , ()
[2018-05-24 13:52:48.547000] INFO: jiekou: 全部kwargs参数信息 , {'fanhuijson': {'result': 400, 'code': 0, 'result_act': {'errors': [{'field': '""', 'msg': 'instance type (string) does not match any allowed primitive type (allowed: [array])', 'description': '活动类型添加实体'}], 'msg': '参数错误', 'code': '400'}}, 'asserqiwang': 'code=403'}
[2018-05-24 13:52:48.577000] INFO: jiekou: inputdata> 参数:, url:http://sp.ejw.cn/crm/v1/partner/11/project-types ,返回:{'result': 403, 'code': 0, 'result_act': {'message': '没有权限访问此接口', 'error_code': 99999}},预期:code=403
[2018-05-24 13:52:48.578000] INFO: jiekou: 当前模块 断言测试结果
[2018-05-24 13:52:48.578000] INFO: jiekou: 全部args参数参数信息 , ()
[2018-05-24 13:52:48.579000] INFO: jiekou: 全部kwargs参数信息 , {'fanhuijson': {'result': 403, 'code': 0, 'result_act': {'message': '没有权限访问此接口', 'error_code': 99999}}, 'asserqiwang': 'code=403'}
[2018-05-24 13:52:48.603000] INFO: jiekou: inputdata> 参数:, url:http://sp.ejw.cn/crm/v1/slbusioppor/14/principal ,返回:{'result': 403, 'code': 0, 'result_act': {'message': '没有权限访问此接口', 'error_code': 99999}},预期:code=403
[2018-05-24 13:52:48.604000] INFO: jiekou: 当前模块 断言测试结果
[2018-05-24 13:52:48.604000] INFO: jiekou: 全部args参数参数信息 , ()
[2018-05-24 13:52:48.605000] INFO: jiekou: 全部kwargs参数信息 , {'fanhuijson': {'result': 403, 'code': 0, 'result_act': {'message': '没有权限访问此接口', 'error_code': 99999}}, 'asserqiwang': 'code=403'}
[2018-05-24 13:52:48.627000] INFO: jiekou: inputdata> 参数:, url:http://sp.ejw.cn/crm/v1/sldaytask/28 ,返回:{'result': 403, 'code': 0, 'result_act': {'message': '没有权限访问此接口', 'error_code': 99999}},预期:code=403
[2018-05-24 13:52:48.627000] INFO: jiekou: 当前模块 断言测试结果
[2018-05-24 13:52:48.628000] INFO: jiekou: 全部args参数参数信息 , ()
[2018-05-24 13:52:48.628000] INFO: jiekou: 全部kwargs参数信息 , {'fanhuijson': {'result': 403, 'code': 0, 'result_act': {'message': '没有权限访问此接口', 'error_code': 99999}}, 'asserqiwang': 'code=403'}
[2018-05-24 13:52:48.658000] INFO: jiekou: inputdata> 参数:, url:http://sp.ejw.cn/crm/v1/mkproject/13/status ,返回:{'result': 403, 'code': 0, 'result_act': {'message': '没有权限访问此接口', 'error_code': 99999}},预期:code=403
[2018-05-24 13:52:48.659000] INFO: jiekou: 当前模块 断言测试结果
[2018-05-24 13:52:48.659000] INFO: jiekou: 全部args参数参数信息 , ()
[2018-05-24 13:52:48.660000] INFO: jiekou: 全部kwargs参数信息 , {'fanhuijson': {'result': 403, 'code': 0, 'result_act': {'message': '没有权限访问此接口', 'error_code': 99999}}, 'asserqiwang': 'code=403'}
[2018-05-24 13:52:48.682000] INFO: jiekou: inputdata> 参数:, url:http://sp.ejw.cn/crm/v1/slclue/19/lock ,返回:{'result': 403, 'code': 0, 'result_act': {'message': '没有权限访问此接口', 'error_code': 99999}},预期:code=403
[2018-05-24 13:52:48.682000] INFO: jiekou: 当前模块 断言测试结果
[2018-05-24 13:52:48.683000] INFO: jiekou: 全部args参数参数信息 , ()
[2018-05-24 13:52:48.683000] INFO: jiekou: 全部kwargs参数信息 , {'fanhuijson': {'result': 403, 'code': 0, 'result_act': {'message': '没有权限访问此接口', 'error_code': 99999}}, 'asserqiwang': 'code=403'}
[2018-05-24 13:52:48.719000] INFO: jiekou: inputdata> 参数:, url:http://sp.ejw.cn/crm/v1/mkverify/30 ,返回:{'result': 200, 'code': 0, 'result_act': {'empCreate': 1380, 'verifyTime': '2017-12-22T11:30:49+08:00', 'gmtCreate': '2017-12-22T11:30:08+08:00', 'empVerify': 1380, 'opinion': '333333', 'gmtModified': '2017-12-22T11:30:33+08:00', 'id': 30, 'mkId': 20, 'mkType': 2, 'status': 2}},预期:code=403
[2018-05-24 13:52:48.720000] INFO: jiekou: 当前模块 断言测试结果
[2018-05-24 13:52:48.720000] INFO: jiekou: 全部args参数参数信息 , ()
[2018-05-24 13:52:48.721000] INFO: jiekou: 全部kwargs参数信息 , {'fanhuijson': {'result': 200, 'code': 0, 'result_act': {'empCreate': 1380, 'verifyTime': '2017-12-22T11:30:49+08:00', 'gmtCreate': '2017-12-22T11:30:08+08:00', 'empVerify': 1380, 'opinion': '333333', 'gmtModified': '2017-12-22T11:30:33+08:00', 'id': 30, 'mkId': 20, 'mkType': 2, 'status': 2}}, 'asserqiwang': 'code=403'}
[2018-05-24 13:52:48.744000] INFO: jiekou: inputdata> 参数:, url:http://sp.ejw.cn/crm/v1/mkverify/30 ,返回:{'result': 403, 'code': 0, 'result_act': {'message': '没有权限访问此接口', 'error_code': 99999}},预期:code=403
[2018-05-24 13:52:48.744000] INFO: jiekou: 当前模块 断言测试结果
[2018-05-24 13:52:48.745000] INFO: jiekou: 全部args参数参数信息 , ()
[2018-05-24 13:52:48.745000] INFO: jiekou: 全部kwargs参数信息 , {'fanhuijson': {'result': 403, 'code': 0, 'result_act': {'message': '没有权限访问此接口', 'error_code': 99999}}, 'asserqiwang': 'code=403'}
[2018-05-24 13:52:48.767000] INFO: jiekou: inputdata> 参数:, url:http://sp.ejw.cn/crm/v1/mkproject/13/principal ,返回:{'result': 403, 'code': 0, 'result_act': {'message': '没有权限访问此接口', 'error_code': 99999}},预期:code=403
[2018-05-24 13:52:48.768000] INFO: jiekou: 当前模块 断言测试结果
[2018-05-24 13:52:48.768000] INFO: jiekou: 全部args参数参数信息 , ()
[2018-05-24 13:52:48.769000] INFO: jiekou: 全部kwargs参数信息 , {'fanhuijson': {'result': 403, 'code': 0, 'result_act': {'message': '没有权限访问此接口', 'error_code': 99999}}, 'asserqiwang': 'code=403'}
[2018-05-24 13:52:48.798000] INFO: jiekou: inputdata> 参数:, url:http://sp.ejw.cn/crm/v1/slbusioppor/14/stage/29 ,返回:{'result': 403, 'code': 0, 'result_act': {'message': '没有权限访问此接口', 'error_code': 99999}},预期:code=403
[2018-05-24 13:52:48.799000] INFO: jiekou: 当前模块 断言测试结果
[2018-05-24 13:52:48.799000] INFO: jiekou: 全部args参数参数信息 , ()
[2018-05-24 13:52:48.800000] INFO: jiekou: 全部kwargs参数信息 , {'fanhuijson': {'result': 403, 'code': 0, 'result_act': {'message': '没有权限访问此接口', 'error_code': 99999}}, 'asserqiwang': 'code=403'}
[2018-05-24 13:52:48.822000] INFO: jiekou: inputdata> 参数:, url:http://sp.ejw.cn/crm/v1/employee/customers ,返回:{'result': 403, 'code': 0, 'result_act': {'message': '没有权限访问此接口', 'error_code': 99999}},预期:code=403
[2018-05-24 13:52:48.822000] INFO: jiekou: 当前模块 断言测试结果
[2018-05-24 13:52:48.823000] INFO: jiekou: 全部args参数参数信息 , ()
[2018-05-24 13:52:48.823000] INFO: jiekou: 全部kwargs参数信息 , {'fanhuijson': {'result': 403, 'code': 0, 'result_act': {'message': '没有权限访问此接口', 'error_code': 99999}}, 'asserqiwang': 'code=403'}
[2018-05-24 13:52:48.847000] INFO: jiekou: inputdata> 参数:, url:http://sp.ejw.cn/crm/v1/mkclue/status ,返回:{'result': 403, 'code': 0, 'result_act': {'message': '没有权限访问此接口', 'error_code': 99999}},预期:code=403
[2018-05-24 13:52:48.847000] INFO: jiekou: 当前模块 断言测试结果
[2018-05-24 13:52:48.848000] INFO: jiekou: 全部args参数参数信息 , ()
[2018-05-24 13:52:48.848000] INFO: jiekou: 全部kwargs参数信息 , {'fanhuijson': {'result': 403, 'code': 0, 'result_act': {'message': '没有权限访问此接口', 'error_code': 99999}}, 'asserqiwang': 'code=403'}
[2018-05-24 13:52:48.872000] INFO: jiekou: inputdata> 参数:, url:http://sp.ejw.cn/crm/v1/mkschemes ,返回:{'result': 403, 'code': 0, 'result_act': {'message': '没有权限访问此接口', 'error_code': 99999}},预期:code=403
[2018-05-24 13:52:48.873000] INFO: jiekou: 当前模块 断言测试结果
[2018-05-24 13:52:48.873000] INFO: jiekou: 全部args参数参数信息 , ()
[2018-05-24 13:52:48.874000] INFO: jiekou: 全部kwargs参数信息 , {'fanhuijson': {'result': 403, 'code': 0, 'result_act': {'message': '没有权限访问此接口', 'error_code': 99999}}, 'asserqiwang': 'code=403'}
[2018-05-24 13:52:48.902000] INFO: jiekou: inputdata> 参数:, url:http://sp.ejw.cn/crm/v1/slcustomer/20/shares ,返回:{'result': 400, 'code': 0, 'result_act': {'errors': [{'field': '""', 'msg': 'instance type (string) does not match any allowed primitive type (allowed: [object])', 'description': ''}], 'msg': '参数错误', 'code': '400'}},预期:code=403
[2018-05-24 13:52:48.903000] INFO: jiekou: 当前模块 断言测试结果
[2018-05-24 13:52:48.903000] INFO: jiekou: 全部args参数参数信息 , ()
[2018-05-24 13:52:48.903000] INFO: jiekou: 全部kwargs参数信息 , {'fanhuijson': {'result': 400, 'code': 0, 'result_act': {'errors': [{'field': '""', 'msg': 'instance type (string) does not match any allowed primitive type (allowed: [object])', 'description': ''}], 'msg': '参数错误', 'code': '400'}}, 'asserqiwang': 'code=403'}
[2018-05-24 13:52:48.933000] INFO: jiekou: inputdata> 参数:, url:http://sp.ejw.cn/crm/v1/slcustomer/20/shares ,返回:{'result': 403, 'code': 0, 'result_act': {'message': '没有权限访问此接口', 'error_code': 99999}},预期:code=403
[2018-05-24 13:52:48.934000] INFO: jiekou: 当前模块 断言测试结果
[2018-05-24 13:52:48.935000] INFO: jiekou: 全部args参数参数信息 , ()
[2018-05-24 13:52:48.935000] INFO: jiekou: 全部kwargs参数信息 , {'fanhuijson': {'result': 403, 'code': 0, 'result_act': {'message': '没有权限访问此接口', 'error_code': 99999}}, 'asserqiwang': 'code=403'}
[2018-05-24 13:52:48.958000] INFO: jiekou: inputdata> 参数:, url:http://sp.ejw.cn/crm/v1/mkscheme/17/channels ,返回:{'result': 403, 'code': 0, 'result_act': {'message': '没有权限访问此接口', 'error_code': 99999}},预期:code=403
[2018-05-24 13:52:48.958000] INFO: jiekou: 当前模块 断言测试结果
[2018-05-24 13:52:48.959000] INFO: jiekou: 全部args参数参数信息 , ()
[2018-05-24 13:52:48.959000] INFO: jiekou: 全部kwargs参数信息 , {'fanhuijson': {'result': 403, 'code': 0, 'result_act': {'message': '没有权限访问此接口', 'error_code': 99999}}, 'asserqiwang': 'code=403'}
[2018-05-24 13:52:48.986000] INFO: jiekou: inputdata> 参数:, url:http://sp.ejw.cn/crm/v1/slbusioppor/14 ,返回:{'result': 403, 'code': 0, 'result_act': {'message': '没有权限访问此接口', 'error_code': 99999}},预期:code=403
[2018-05-24 13:52:48.986000] INFO: jiekou: 当前模块 断言测试结果
[2018-05-24 13:52:48.987000] INFO: jiekou: 全部args参数参数信息 , ()
[2018-05-24 13:52:48.987000] INFO: jiekou: 全部kwargs参数信息 , {'fanhuijson': {'result': 403, 'code': 0, 'result_act': {'message': '没有权限访问此接口', 'error_code': 99999}}, 'asserqiwang': 'code=403'}
[2018-05-24 13:52:49.019000] INFO: jiekou: inputdata> 参数:, url:http://sp.ejw.cn/crm/v1/slbusioppor/14 ,返回:{'result': 400, 'code': 0, 'result_act': {'errors': [{'field': '""', 'msg': 'instance type (string) does not match any allowed primitive type (allowed: [object])', 'description': ''}], 'msg': '参数错误', 'code': '400'}},预期:code=403
[2018-05-24 13:52:49.020000] INFO: jiekou: 当前模块 断言测试结果
[2018-05-24 13:52:49.020000] INFO: jiekou: 全部args参数参数信息 , ()
[2018-05-24 13:52:49.020000] INFO: jiekou: 全部kwargs参数信息 , {'fanhuijson': {'result': 400, 'code': 0, 'result_act': {'errors': [{'field': '""', 'msg': 'instance type (string) does not match any allowed primitive type (allowed: [object])', 'description': ''}], 'msg': '参数错误', 'code': '400'}}, 'asserqiwang': 'code=403'}
[2018-05-24 13:52:49.045000] INFO: jiekou: inputdata> 参数:, url:http://sp.ejw.cn/crm/v1/partner/11/rule/12/vals ,返回:{'result': 403, 'code': 0, 'result_act': {'message': '没有权限访问此接口', 'error_code': 99999}},预期:code=403
[2018-05-24 13:52:49.046000] INFO: jiekou: 当前模块 断言测试结果
[2018-05-24 13:52:49.046000] INFO: jiekou: 全部args参数参数信息 , ()
[2018-05-24 13:52:49.047000] INFO: jiekou: 全部kwargs参数信息 , {'fanhuijson': {'result': 403, 'code': 0, 'result_act': {'message': '没有权限访问此接口', 'error_code': 99999}}, 'asserqiwang': 'code=403'}
[2018-05-24 13:52:49.078000] INFO: jiekou: inputdata> 参数:, url:http://sp.ejw.cn/crm/v1/partner/11/rule/12/vals ,返回:{'result': 400, 'code': 0, 'result_act': {'errors': [{'field': '""', 'msg': 'instance type (string) does not match any allowed primitive type (allowed: [array])', 'description': '销售规则数据添加实体'}], 'msg': '参数错误', 'code': '400'}},预期:code=403
[2018-05-24 13:52:49.078000] INFO: jiekou: 当前模块 断言测试结果
[2018-05-24 13:52:49.079000] INFO: jiekou: 全部args参数参数信息 , ()
[2018-05-24 13:52:49.080000] INFO: jiekou: 全部kwargs参数信息 , {'fanhuijson': {'result': 400, 'code': 0, 'result_act': {'errors': [{'field': '""', 'msg': 'instance type (string) does not match any allowed primitive type (allowed: [array])', 'description': '销售规则数据添加实体'}], 'msg': '参数错误', 'code': '400'}}, 'asserqiwang': 'code=403'}
[2018-05-24 13:52:49.103000] INFO: jiekou: inputdata> 参数:, url:http://sp.ejw.cn/crm/v1/mkscheme ,返回:{'result': 403, 'code': 0, 'result_act': {'message': '没有权限访问此接口', 'error_code': 99999}},预期:code=403
[2018-05-24 13:52:49.103000] INFO: jiekou: 当前模块 断言测试结果
[2018-05-24 13:52:49.104000] INFO: jiekou: 全部args参数参数信息 , ()
[2018-05-24 13:52:49.104000] INFO: jiekou: 全部kwargs参数信息 , {'fanhuijson': {'result': 403, 'code': 0, 'result_act': {'message': '没有权限访问此接口', 'error_code': 99999}}, 'asserqiwang': 'code=403'}
[2018-05-24 13:52:49.128000] INFO: jiekou: inputdata> 参数:, url:http://sp.ejw.cn/crm/v1/slorder ,返回:{'result': 403, 'code': 0, 'result_act': {'message': '没有权限访问此接口', 'error_code': 99999}},预期:code=403
[2018-05-24 13:52:49.129000] INFO: jiekou: 当前模块 断言测试结果
[2018-05-24 13:52:49.129000] INFO: jiekou: 全部args参数参数信息 , ()
[2018-05-24 13:52:49.130000] INFO: jiekou: 全部kwargs参数信息 , {'fanhuijson': {'result': 403, 'code': 0, 'result_act': {'message': '没有权限访问此接口', 'error_code': 99999}}, 'asserqiwang': 'code=403'}
[2018-05-24 13:52:49.154000] INFO: jiekou: inputdata> 参数:, url:http://sp.ejw.cn/crm/v1/slnotes ,返回:{'result': 403, 'code': 0, 'result_act': {'message': '没有权限访问此接口', 'error_code': 99999}},预期:code=403
[2018-05-24 13:52:49.155000] INFO: jiekou: 当前模块 断言测试结果
[2018-05-24 13:52:49.156000] INFO: jiekou: 全部args参数参数信息 , ()
[2018-05-24 13:52:49.157000] INFO: jiekou: 全部kwargs参数信息 , {'fanhuijson': {'result': 403, 'code': 0, 'result_act': {'message': '没有权限访问此接口', 'error_code': 99999}}, 'asserqiwang': 'code=403'}
[2018-05-24 13:52:49.185000] INFO: jiekou: inputdata> 参数:, url:http://sp.ejw.cn/crm/v1/slcustomer/invite ,返回:{'result': 403, 'code': 0, 'result_act': {'message': '没有权限访问此接口', 'error_code': 99999}},预期:code=403
[2018-05-24 13:52:49.186000] INFO: jiekou: 当前模块 断言测试结果
[2018-05-24 13:52:49.187000] INFO: jiekou: 全部args参数参数信息 , ()
[2018-05-24 13:52:49.188000] INFO: jiekou: 全部kwargs参数信息 , {'fanhuijson': {'result': 403, 'code': 0, 'result_act': {'message': '没有权限访问此接口', 'error_code': 99999}}, 'asserqiwang': 'code=403'}
[2018-05-24 13:52:49.214000] INFO: jiekou: inputdata> 参数:, url:http://sp.ejw.cn/crm/v1/slbusioppor/status ,返回:{'result': 403, 'code': 0, 'result_act': {'message': '没有权限访问此接口', 'error_code': 99999}},预期:code=403
[2018-05-24 13:52:49.215000] INFO: jiekou: 当前模块 断言测试结果
[2018-05-24 13:52:49.215000] INFO: jiekou: 全部args参数参数信息 , ()
[2018-05-24 13:52:49.216000] INFO: jiekou: 全部kwargs参数信息 , {'fanhuijson': {'result': 403, 'code': 0, 'result_act': {'message': '没有权限访问此接口', 'error_code': 99999}}, 'asserqiwang': 'code=403'}
[2018-05-24 13:52:49.243000] INFO: jiekou: inputdata> 参数:, url:http://sp.ejw.cn/crm/v1/partner/11/rule/12 ,返回:{'result': 400, 'code': 0, 'result_act': {'message': '请求参数异常', 'code': '400', 'errors': {}}},预期:code=403
[2018-05-24 13:52:49.244000] INFO: jiekou: 当前模块 断言测试结果
[2018-05-24 13:52:49.245000] INFO: jiekou: 全部args参数参数信息 , ()
[2018-05-24 13:52:49.245000] INFO: jiekou: 全部kwargs参数信息 , {'fanhuijson': {'result': 400, 'code': 0, 'result_act': {'message': '请求参数异常', 'code': '400', 'errors': {}}}, 'asserqiwang': 'code=403'}
[2018-05-24 13:52:49.269000] INFO: jiekou: inputdata> 参数:, url:http://sp.ejw.cn/crm/v1/partner/11/rule/12 ,返回:{'result': 403, 'code': 0, 'result_act': {'message': '没有权限访问此接口', 'error_code': 99999}},预期:code=403
[2018-05-24 13:52:49.269000] INFO: jiekou: 当前模块 断言测试结果
[2018-05-24 13:52:49.270000] INFO: jiekou: 全部args参数参数信息 , ()
[2018-05-24 13:52:49.270000] INFO: jiekou: 全部kwargs参数信息 , {'fanhuijson': {'result': 403, 'code': 0, 'result_act': {'message': '没有权限访问此接口', 'error_code': 99999}}, 'asserqiwang': 'code=403'}
[2018-05-24 13:52:49.300000] INFO: jiekou: inputdata> 参数:, url:http://sp.ejw.cn/crm/v1/partner/11/rule/12 ,返回:{'result': 400, 'code': 0, 'result_act': {'message': '请求参数异常', 'code': '400', 'errors': {}}},预期:code=403
[2018-05-24 13:52:49.301000] INFO: jiekou: 当前模块 断言测试结果
[2018-05-24 13:52:49.302000] INFO: jiekou: 全部args参数参数信息 , ()
[2018-05-24 13:52:49.302000] INFO: jiekou: 全部kwargs参数信息 , {'fanhuijson': {'result': 400, 'code': 0, 'result_act': {'message': '请求参数异常', 'code': '400', 'errors': {}}}, 'asserqiwang': 'code=403'}
[2018-05-24 13:52:49.326000] INFO: jiekou: inputdata> 参数:, url:http://sp.ejw.cn/crm/v1/slorders ,返回:{'result': 403, 'code': 0, 'result_act': {'message': '没有权限访问此接口', 'error_code': 99999}},预期:code=403
[2018-05-24 13:52:49.327000] INFO: jiekou: 当前模块 断言测试结果
[2018-05-24 13:52:49.327000] INFO: jiekou: 全部args参数参数信息 , ()
[2018-05-24 13:52:49.328000] INFO: jiekou: 全部kwargs参数信息 , {'fanhuijson': {'result': 403, 'code': 0, 'result_act': {'message': '没有权限访问此接口', 'error_code': 99999}}, 'asserqiwang': 'code=403'}
[2018-05-24 13:52:49.354000] INFO: jiekou: inputdata> 参数:, url:http://sp.ejw.cn/crm/v1/slcustomers/distrib ,返回:{'result': 403, 'code': 0, 'result_act': {'message': '没有权限访问此接口', 'error_code': 99999}},预期:code=403
[2018-05-24 13:52:49.355000] INFO: jiekou: 当前模块 断言测试结果
[2018-05-24 13:52:49.355000] INFO: jiekou: 全部args参数参数信息 , ()
[2018-05-24 13:52:49.356000] INFO: jiekou: 全部kwargs参数信息 , {'fanhuijson': {'result': 403, 'code': 0, 'result_act': {'message': '没有权限访问此接口', 'error_code': 99999}}, 'asserqiwang': 'code=403'}
[2018-05-24 13:52:49.379000] INFO: jiekou: inputdata> 参数:, url:http://sp.ejw.cn/crm/v1/slcustomers/pickup ,返回:{'result': 403, 'code': 0, 'result_act': {'message': '没有权限访问此接口', 'error_code': 99999}},预期:code=403
[2018-05-24 13:52:49.380000] INFO: jiekou: 当前模块 断言测试结果
[2018-05-24 13:52:49.380000] INFO: jiekou: 全部args参数参数信息 , ()
[2018-05-24 13:52:49.381000] INFO: jiekou: 全部kwargs参数信息 , {'fanhuijson': {'result': 403, 'code': 0, 'result_act': {'message': '没有权限访问此接口', 'error_code': 99999}}, 'asserqiwang': 'code=403'}
[2018-05-24 13:52:49.410000] INFO: jiekou: inputdata> 参数:, url:http://sp.ejw.cn/crm/v1/partner/11/process/23 ,返回:{'result': 400, 'code': 0, 'result_act': {'errors': [{'field': '""', 'msg': 'instance type (string) does not match any allowed primitive type (allowed: [object])', 'description': ''}], 'msg': '参数错误', 'code': '400'}},预期:code=403
[2018-05-24 13:52:49.412000] INFO: jiekou: 当前模块 断言测试结果
[2018-05-24 13:52:49.413000] INFO: jiekou: 全部args参数参数信息 , ()
[2018-05-24 13:52:49.414000] INFO: jiekou: 全部kwargs参数信息 , {'fanhuijson': {'result': 400, 'code': 0, 'result_act': {'errors': [{'field': '""', 'msg': 'instance type (string) does not match any allowed primitive type (allowed: [object])', 'description': ''}], 'msg': '参数错误', 'code': '400'}}, 'asserqiwang': 'code=403'}
[2018-05-24 13:52:49.449000] INFO: jiekou: inputdata> 参数:, url:http://sp.ejw.cn/crm/v1/partner/11/process/23 ,返回:{'result': 400, 'code': 0, 'result_act': {'message': '请求参数异常', 'code': '400', 'errors': {}}},预期:code=403
[2018-05-24 13:52:49.451000] INFO: jiekou: 当前模块 断言测试结果
[2018-05-24 13:52:49.452000] INFO: jiekou: 全部args参数参数信息 , ()
[2018-05-24 13:52:49.453000] INFO: jiekou: 全部kwargs参数信息 , {'fanhuijson': {'result': 400, 'code': 0, 'result_act': {'message': '请求参数异常', 'code': '400', 'errors': {}}}, 'asserqiwang': 'code=403'}
[2018-05-24 13:52:49.479000] INFO: jiekou: inputdata> 参数:, url:http://sp.ejw.cn/crm/v1/partner/11/process/23 ,返回:{'result': 403, 'code': 0, 'result_act': {'message': '没有权限访问此接口', 'error_code': 99999}},预期:code=403
[2018-05-24 13:52:49.480000] INFO: jiekou: 当前模块 断言测试结果
[2018-05-24 13:52:49.480000] INFO: jiekou: 全部args参数参数信息 , ()
[2018-05-24 13:52:49.481000] INFO: jiekou: 全部kwargs参数信息 , {'fanhuijson': {'result': 403, 'code': 0, 'result_act': {'message': '没有权限访问此接口', 'error_code': 99999}}, 'asserqiwang': 'code=403'}
[2018-05-24 13:52:49.811000] INFO: jiekou: inputdata> 参数:, url:http://sp.ejw.cn/crm/v1/slcustomer/20/principal ,返回:{'result': 403, 'code': 0, 'result_act': {'message': '没有权限访问此接口', 'error_code': 99999}},预期:code=403
[2018-05-24 13:52:49.813000] INFO: jiekou: 当前模块 断言测试结果
[2018-05-24 13:52:49.815000] INFO: jiekou: 全部args参数参数信息 , ()
[2018-05-24 13:52:49.817000] INFO: jiekou: 全部kwargs参数信息 , {'fanhuijson': {'result': 403, 'code': 0, 'result_act': {'message': '没有权限访问此接口', 'error_code': 99999}}, 'asserqiwang': 'code=403'}
[2018-05-24 13:52:49.849000] INFO: jiekou: inputdata> 参数:, url:http://sp.ejw.cn/crm/v1/employee/roles ,返回:{'result': 403, 'code': 0, 'result_act': {'message': '没有权限访问此接口', 'error_code': 99999}},预期:code=403
[2018-05-24 13:52:49.850000] INFO: jiekou: 当前模块 断言测试结果
[2018-05-24 13:52:49.850000] INFO: jiekou: 全部args参数参数信息 , ()
[2018-05-24 13:52:49.851000] INFO: jiekou: 全部kwargs参数信息 , {'fanhuijson': {'result': 403, 'code': 0, 'result_act': {'message': '没有权限访问此接口', 'error_code': 99999}}, 'asserqiwang': 'code=403'}
[2018-05-24 13:52:49.880000] INFO: jiekou: inputdata> 参数:, url:http://sp.ejw.cn/crm/v1/mkplan/18 ,返回:{'result': 400, 'code': 0, 'result_act': {'message': '请求参数异常', 'code': '400', 'errors': {}}},预期:code=403
[2018-05-24 13:52:49.881000] INFO: jiekou: 当前模块 断言测试结果
[2018-05-24 13:52:49.881000] INFO: jiekou: 全部args参数参数信息 , ()
[2018-05-24 13:52:49.882000] INFO: jiekou: 全部kwargs参数信息 , {'fanhuijson': {'result': 400, 'code': 0, 'result_act': {'message': '请求参数异常', 'code': '400', 'errors': {}}}, 'asserqiwang': 'code=403'}
[2018-05-24 13:52:49.910000] INFO: jiekou: inputdata> 参数:, url:http://sp.ejw.cn/crm/v1/mkplan/18 ,返回:{'result': 403, 'code': 0, 'result_act': {'message': '没有权限访问此接口', 'error_code': 99999}},预期:code=403
[2018-05-24 13:52:49.911000] INFO: jiekou: 当前模块 断言测试结果
[2018-05-24 13:52:49.912000] INFO: jiekou: 全部args参数参数信息 , ()
[2018-05-24 13:52:49.913000] INFO: jiekou: 全部kwargs参数信息 , {'fanhuijson': {'result': 403, 'code': 0, 'result_act': {'message': '没有权限访问此接口', 'error_code': 99999}}, 'asserqiwang': 'code=403'}
[2018-05-24 13:52:49.944000] INFO: jiekou: inputdata> 参数:, url:http://sp.ejw.cn/crm/v1/slcustomer ,返回:{'result': 403, 'code': 0, 'result_act': {'message': '没有权限访问此接口', 'error_code': 99999}},预期:code=403
[2018-05-24 13:52:49.946000] INFO: jiekou: 当前模块 断言测试结果
[2018-05-24 13:52:49.947000] INFO: jiekou: 全部args参数参数信息 , ()
[2018-05-24 13:52:49.948000] INFO: jiekou: 全部kwargs参数信息 , {'fanhuijson': {'result': 403, 'code': 0, 'result_act': {'message': '没有权限访问此接口', 'error_code': 99999}}, 'asserqiwang': 'code=403'}
[2018-05-24 13:52:49.982000] INFO: jiekou: inputdata> 参数:, url:http://sp.ejw.cn/crm/v1/mkscheme/17/costs ,返回:{'result': 400, 'code': 0, 'result_act': {'errors': [{'field': '""', 'msg': 'instance type (string) does not match any allowed primitive type (allowed: [array])', 'description': '成本添加实体'}], 'msg': '参数错误', 'code': '400'}},预期:code=403
[2018-05-24 13:52:49.982000] INFO: jiekou: 当前模块 断言测试结果
[2018-05-24 13:52:49.983000] INFO: jiekou: 全部args参数参数信息 , ()
[2018-05-24 13:52:49.983000] INFO: jiekou: 全部kwargs参数信息 , {'fanhuijson': {'result': 400, 'code': 0, 'result_act': {'errors': [{'field': '""', 'msg': 'instance type (string) does not match any allowed primitive type (allowed: [array])', 'description': '成本添加实体'}], 'msg': '参数错误', 'code': '400'}}, 'asserqiwang': 'code=403'}
[2018-05-24 13:52:50.007000] INFO: jiekou: inputdata> 参数:, url:http://sp.ejw.cn/crm/v1/mkscheme/17/costs ,返回:{'result': 403, 'code': 0, 'result_act': {'message': '没有权限访问此接口', 'error_code': 99999}},预期:code=403
[2018-05-24 13:52:50.007000] INFO: jiekou: 当前模块 断言测试结果
[2018-05-24 13:52:50.008000] INFO: jiekou: 全部args参数参数信息 , ()
[2018-05-24 13:52:50.008000] INFO: jiekou: 全部kwargs参数信息 , {'fanhuijson': {'result': 403, 'code': 0, 'result_act': {'message': '没有权限访问此接口', 'error_code': 99999}}, 'asserqiwang': 'code=403'}
[2018-05-24 13:52:50.027000] INFO: jiekou: inputdata> 参数:, url:http://sp.ejw.cn/crm/v1/slclue/19/status ,返回:{'result': 403, 'code': 0, 'result_act': {'message': '没有权限访问此接口', 'error_code': 99999}},预期:code=403
[2018-05-24 13:52:50.028000] INFO: jiekou: 当前模块 断言测试结果
[2018-05-24 13:52:50.028000] INFO: jiekou: 全部args参数参数信息 , ()
[2018-05-24 13:52:50.029000] INFO: jiekou: 全部kwargs参数信息 , {'fanhuijson': {'result': 403, 'code': 0, 'result_act': {'message': '没有权限访问此接口', 'error_code': 99999}}, 'asserqiwang': 'code=403'}
[2018-05-24 13:52:50.046000] INFO: jiekou: inputdata> 参数:, url:http://sp.ejw.cn/crm/v1/partner/11/customer-types ,返回:{'result': 403, 'code': 0, 'result_act': {'message': '没有权限访问此接口', 'error_code': 99999}},预期:code=403
[2018-05-24 13:52:50.046000] INFO: jiekou: 当前模块 断言测试结果
[2018-05-24 13:52:50.047000] INFO: jiekou: 全部args参数参数信息 , ()
[2018-05-24 13:52:50.047000] INFO: jiekou: 全部kwargs参数信息 , {'fanhuijson': {'result': 403, 'code': 0, 'result_act': {'message': '没有权限访问此接口', 'error_code': 99999}}, 'asserqiwang': 'code=403'}
[2018-05-24 13:52:50.077000] INFO: jiekou: inputdata> 参数:, url:http://sp.ejw.cn/crm/v1/partner/11/customer-types ,返回:{'result': 400, 'code': 0, 'result_act': {'errors': [{'field': '""', 'msg': 'instance type (string) does not match any allowed primitive type (allowed: [array])', 'description': '客户类型添加实体'}], 'msg': '参数错误', 'code': '400'}},预期:code=403
[2018-05-24 13:52:50.078000] INFO: jiekou: 当前模块 断言测试结果
[2018-05-24 13:52:50.078000] INFO: jiekou: 全部args参数参数信息 , ()
[2018-05-24 13:52:50.079000] INFO: jiekou: 全部kwargs参数信息 , {'fanhuijson': {'result': 400, 'code': 0, 'result_act': {'errors': [{'field': '""', 'msg': 'instance type (string) does not match any allowed primitive type (allowed: [array])', 'description': '客户类型添加实体'}], 'msg': '参数错误', 'code': '400'}}, 'asserqiwang': 'code=403'}
[2018-05-24 13:52:50.097000] INFO: jiekou: inputdata> 参数:, url:http://sp.ejw.cn/crm/v1/slcustomer/20/projects ,返回:{'result': 403, 'code': 0, 'result_act': {'message': '没有权限访问此接口', 'error_code': 99999}},预期:code=403
[2018-05-24 13:52:50.098000] INFO: jiekou: 当前模块 断言测试结果
[2018-05-24 13:52:50.098000] INFO: jiekou: 全部args参数参数信息 , ()
[2018-05-24 13:52:50.099000] INFO: jiekou: 全部kwargs参数信息 , {'fanhuijson': {'result': 403, 'code': 0, 'result_act': {'message': '没有权限访问此接口', 'error_code': 99999}}, 'asserqiwang': 'code=403'}
[2018-05-24 13:52:50.116000] INFO: jiekou: inputdata> 参数:, url:http://sp.ejw.cn/crm/v1/mkplan/18/status ,返回:{'result': 403, 'code': 0, 'result_act': {'message': '没有权限访问此接口', 'error_code': 99999}},预期:code=403
[2018-05-24 13:52:50.116000] INFO: jiekou: 当前模块 断言测试结果
[2018-05-24 13:52:50.117000] INFO: jiekou: 全部args参数参数信息 , ()
[2018-05-24 13:52:50.117000] INFO: jiekou: 全部kwargs参数信息 , {'fanhuijson': {'result': 403, 'code': 0, 'result_act': {'message': '没有权限访问此接口', 'error_code': 99999}}, 'asserqiwang': 'code=403'}
[2018-05-24 13:52:50.144000] INFO: jiekou: inputdata> 参数:, url:http://sp.ejw.cn/crm/v1/partner/11/targets ,返回:{'result': 403, 'code': 0, 'result_act': {'message': '没有权限访问此接口', 'error_code': 99999}},预期:code=403
[2018-05-24 13:52:50.144000] INFO: jiekou: 当前模块 断言测试结果
[2018-05-24 13:52:50.145000] INFO: jiekou: 全部args参数参数信息 , ()
[2018-05-24 13:52:50.145000] INFO: jiekou: 全部kwargs参数信息 , {'fanhuijson': {'result': 403, 'code': 0, 'result_act': {'message': '没有权限访问此接口', 'error_code': 99999}}, 'asserqiwang': 'code=403'}
[2018-05-24 13:52:50.174000] INFO: jiekou: inputdata> 参数:, url:http://sp.ejw.cn/mall/v1/spshopinfo/{spId} ,返回:{'result': 400, 'code': 0, 'result_act': {'errors': [{'field': '""', 'msg': '实例类型 (string) 不匹配定义的类型 (允许类型: [object])', 'description': ''}], 'msg': '参数错误', 'code': '400'}},预期:code=403
[2018-05-24 13:52:50.174000] INFO: jiekou: 当前模块 断言测试结果
[2018-05-24 13:52:50.175000] INFO: jiekou: 全部args参数参数信息 , ()
[2018-05-24 13:52:50.175000] INFO: jiekou: 全部kwargs参数信息 , {'fanhuijson': {'result': 400, 'code': 0, 'result_act': {'errors': [{'field': '""', 'msg': '实例类型 (string) 不匹配定义的类型 (允许类型: [object])', 'description': ''}], 'msg': '参数错误', 'code': '400'}}, 'asserqiwang': 'code=403'}
[2018-05-24 13:52:50.200000] INFO: jiekou: inputdata> 参数:, url:http://sp.ejw.cn/mall/v1/marketingpolicys ,返回:{'result': 403, 'code': 0, 'result_act': {'message': '没有权限访问此接口', 'error_code': 99999}},预期:code=403
[2018-05-24 13:52:50.201000] INFO: jiekou: 当前模块 断言测试结果
[2018-05-24 13:52:50.202000] INFO: jiekou: 全部args参数参数信息 , ()
[2018-05-24 13:52:50.203000] INFO: jiekou: 全部kwargs参数信息 , {'fanhuijson': {'result': 403, 'code': 0, 'result_act': {'message': '没有权限访问此接口', 'error_code': 99999}}, 'asserqiwang': 'code=403'}
[2018-05-24 13:52:50.244000] INFO: jiekou: inputdata> 参数:, url:http://sp.ejw.cn/mall/v1/topictype-producttype ,返回:{'result': 400, 'code': 0, 'result_act': {'message': '请求参数异常', 'code': '400', 'errors': []}},预期:code=403
[2018-05-24 13:52:50.245000] INFO: jiekou: 当前模块 断言测试结果
[2018-05-24 13:52:50.246000] INFO: jiekou: 全部args参数参数信息 , ()
[2018-05-24 13:52:50.247000] INFO: jiekou: 全部kwargs参数信息 , {'fanhuijson': {'result': 400, 'code': 0, 'result_act': {'message': '请求参数异常', 'code': '400', 'errors': []}}, 'asserqiwang': 'code=403'}
[2018-05-24 13:52:50.582000] INFO: jiekou: inputdata> 参数:, url:http://sp.ejw.cn/mall/v1/coupon/11 ,返回:{'result': 403, 'code': 0, 'result_act': {'message': '没有权限访问此接口', 'error_code': 99999}},预期:code=403
[2018-05-24 13:52:50.584000] INFO: jiekou: 当前模块 断言测试结果
[2018-05-24 13:52:50.586000] INFO: jiekou: 全部args参数参数信息 , ()
[2018-05-24 13:52:50.588000] INFO: jiekou: 全部kwargs参数信息 , {'fanhuijson': {'result': 403, 'code': 0, 'result_act': {'message': '没有权限访问此接口', 'error_code': 99999}}, 'asserqiwang': 'code=403'}
[2018-05-24 13:52:50.629000] INFO: jiekou: inputdata> 参数:, url:http://sp.ejw.cn/mall/v1/marketingpolicy/{policyId} ,返回:{'result': 400, 'code': 0, 'result_act': {'message': '请求参数异常', 'code': '400', 'errors': []}},预期:code=403
[2018-05-24 13:52:50.630000] INFO: jiekou: 当前模块 断言测试结果
[2018-05-24 13:52:50.631000] INFO: jiekou: 全部args参数参数信息 , ()
[2018-05-24 13:52:50.631000] INFO: jiekou: 全部kwargs参数信息 , {'fanhuijson': {'result': 400, 'code': 0, 'result_act': {'message': '请求参数异常', 'code': '400', 'errors': []}}, 'asserqiwang': 'code=403'}
[2018-05-24 13:52:50.667000] INFO: jiekou: inputdata> 参数:, url:http://sp.ejw.cn/mall/v1/parenttopic/{topicId} ,返回:{'result': 400, 'code': 0, 'result_act': {'message': '请求参数异常', 'code': '400', 'errors': []}},预期:code=403
[2018-05-24 13:52:50.668000] INFO: jiekou: 当前模块 断言测试结果
[2018-05-24 13:52:50.668000] INFO: jiekou: 全部args参数参数信息 , ()
[2018-05-24 13:52:50.669000] INFO: jiekou: 全部kwargs参数信息 , {'fanhuijson': {'result': 400, 'code': 0, 'result_act': {'message': '请求参数异常', 'code': '400', 'errors': []}}, 'asserqiwang': 'code=403'}
[2018-05-24 13:52:50.695000] INFO: jiekou: inputdata> 参数:, url:http://sp.ejw.cn/mall/v1/coupon ,返回:{'result': 403, 'code': 0, 'result_act': {'message': '没有权限访问此接口', 'error_code': 99999}},预期:code=403
[2018-05-24 13:52:50.696000] INFO: jiekou: 当前模块 断言测试结果
[2018-05-24 13:52:50.696000] INFO: jiekou: 全部args参数参数信息 , ()
[2018-05-24 13:52:50.697000] INFO: jiekou: 全部kwargs参数信息 , {'fanhuijson': {'result': 403, 'code': 0, 'result_act': {'message': '没有权限访问此接口', 'error_code': 99999}}, 'asserqiwang': 'code=403'}
[2018-05-24 13:52:50.739000] INFO: jiekou: get请求出错，出错原因:No JSON object could be decoded
