[2018-05-25 10:53:53.611000] INFO: jiekou: 当前模块 requests封装
[2018-05-25 10:53:53.612000] INFO: jiekou: 全部args参数参数信息 , ()
[2018-05-25 10:53:53.613000] INFO: jiekou: 全部kwargs参数信息 , {}
[2018-05-25 10:53:53.634000] INFO: jiekou: 当前模块 解析测试用例文件
[2018-05-25 10:53:53.634000] INFO: jiekou: 全部args参数参数信息 , ('E:\\接口测试\\jiekou-python3-master\\test_case_data\\case1.xlsx',)
[2018-05-25 10:53:53.635000] INFO: jiekou: 全部kwargs参数信息 , {}
[2018-05-25 10:53:53.664000] INFO: jiekou: 当前模块 解析测试用例文件
[2018-05-25 10:53:53.664000] INFO: jiekou: 全部args参数参数信息 , ('E:\\接口测试\\jiekou-python3-master\\test_case_data\\case1.xlsx',)
[2018-05-25 10:53:53.665000] INFO: jiekou: 全部kwargs参数信息 , {}
[2018-05-25 10:53:53.678000] INFO: jiekou: 当前模块 测试
[2018-05-25 10:53:53.678000] INFO: jiekou: 全部args参数参数信息 , ()
[2018-05-25 10:53:53.679000] INFO: jiekou: 全部kwargs参数信息 , {}
[2018-05-25 10:53:59.114000] INFO: jiekou: inputdata> 参数:, url:http://sp.ejw.cn/cs/v1/image ,返回:{'result_act': {'errors': [], 'message': '不支持当前请求方法', 'code': 405}, 'result': 405, 'code': 0},预期:code=403
[2018-05-25 10:53:59.116000] INFO: jiekou: 当前模块 断言测试结果
[2018-05-25 10:53:59.118000] INFO: jiekou: 全部args参数参数信息 , ()
[2018-05-25 10:53:59.120000] INFO: jiekou: 全部kwargs参数信息 , {'fanhuijson': {'result_act': {'errors': [], 'message': '不支持当前请求方法', 'code': 405}, 'result': 405, 'code': 0}, 'asserqiwang': 'code=403'}
[2018-05-25 10:54:05.299000] INFO: jiekou: inputdata> 参数:, url:http://sp.ejw.cn/cs/v1/image ,返回:{'result_act': {'errors': [{'message': '请上传图片', 'field': 'upfile'}], 'message': '参数异常', 'code': 400}, 'result': 400, 'code': 0},预期:code=403
[2018-05-25 10:54:05.301000] INFO: jiekou: 当前模块 断言测试结果
[2018-05-25 10:54:05.302000] INFO: jiekou: 全部args参数参数信息 , ()
[2018-05-25 10:54:05.305000] INFO: jiekou: 全部kwargs参数信息 , {'fanhuijson': {'result_act': {'errors': [{'message': '请上传图片', 'field': 'upfile'}], 'message': '参数异常', 'code': 400}, 'result': 400, 'code': 0}, 'asserqiwang': 'code=403'}
[2018-05-25 10:54:06.734000] INFO: jiekou: inputdata> 参数:, url:http://sp.ejw.cn/cs/v1/version/1fileId1 ,返回:{'result_act': {'errors': [], 'message': '请求参数异常', 'code': '400'}, 'result': 400, 'code': 0},预期:code=403
[2018-05-25 10:54:06.737000] INFO: jiekou: 当前模块 断言测试结果
[2018-05-25 10:54:06.739000] INFO: jiekou: 全部args参数参数信息 , ()
[2018-05-25 10:54:06.740000] INFO: jiekou: 全部kwargs参数信息 , {'fanhuijson': {'result_act': {'errors': [], 'message': '请求参数异常', 'code': '400'}, 'result': 400, 'code': 0}, 'asserqiwang': 'code=403'}
[2018-05-25 10:55:06.818000] INFO: jiekou: post请求出错，出错原因:No JSON object could be decoded
[2018-05-25 10:55:14.600000] INFO: jiekou: inputdata> 参数:, url:http://sp.ejw.cn/cs/v1/file/1fileId1 ,返回:{'result_act': {'errors': [], 'message': '请求参数异常', 'code': '400'}, 'result': 400, 'code': 0},预期:code=403
[2018-05-25 10:55:14.602000] INFO: jiekou: 当前模块 断言测试结果
[2018-05-25 10:55:14.604000] INFO: jiekou: 全部args参数参数信息 , ()
[2018-05-25 10:55:14.605000] INFO: jiekou: 全部kwargs参数信息 , {'fanhuijson': {'result_act': {'errors': [], 'message': '请求参数异常', 'code': '400'}, 'result': 400, 'code': 0}, 'asserqiwang': 'code=403'}
[2018-05-25 10:55:17.386000] INFO: jiekou: inputdata> 参数:, url:http://sp.ejw.cn/cs/v1/file/1fileId1 ,返回:{'result_act': {'errors': [{'msg': '实例类型 (string) 不匹配定义的类型 (允许类型: [object])', 'description': '', 'field': '""'}], 'msg': '参数错误', 'code': '400'}, 'result': 400, 'code': 0},预期:code=403
[2018-05-25 10:55:17.388000] INFO: jiekou: 当前模块 断言测试结果
[2018-05-25 10:55:17.390000] INFO: jiekou: 全部args参数参数信息 , ()
[2018-05-25 10:55:17.392000] INFO: jiekou: 全部kwargs参数信息 , {'fanhuijson': {'result_act': {'errors': [{'msg': '实例类型 (string) 不匹配定义的类型 (允许类型: [object])', 'description': '', 'field': '""'}], 'msg': '参数错误', 'code': '400'}, 'result': 400, 'code': 0}, 'asserqiwang': 'code=403'}
[2018-05-25 10:55:18.137000] INFO: jiekou: inputdata> 参数:, url:http://sp.ejw.cn/cs/v1/richtext/1fileId1 ,返回:{'result_act': {'errors': [{'msg': '实例类型 (string) 不匹配定义的类型 (允许类型: [object])', 'description': '', 'field': '""'}], 'msg': '参数错误', 'code': '400'}, 'result': 400, 'code': 0},预期:code=403
[2018-05-25 10:55:18.139000] INFO: jiekou: 当前模块 断言测试结果
[2018-05-25 10:55:18.141000] INFO: jiekou: 全部args参数参数信息 , ()
[2018-05-25 10:55:18.143000] INFO: jiekou: 全部kwargs参数信息 , {'fanhuijson': {'result_act': {'errors': [{'msg': '实例类型 (string) 不匹配定义的类型 (允许类型: [object])', 'description': '', 'field': '""'}], 'msg': '参数错误', 'code': '400'}, 'result': 400, 'code': 0}, 'asserqiwang': 'code=403'}
[2018-05-25 10:55:22.693000] INFO: jiekou: inputdata> 参数:, url:http://sp.ejw.cn/cs/v1/cpfile ,返回:{'result_act': {'errors': [{'msg': '实例类型 (string) 不匹配定义的类型 (允许类型: [object])', 'description': '', 'field': '""'}], 'msg': '参数错误', 'code': '400'}, 'result': 400, 'code': 0},预期:code=403
[2018-05-25 10:55:22.695000] INFO: jiekou: 当前模块 断言测试结果
[2018-05-25 10:55:22.697000] INFO: jiekou: 全部args参数参数信息 , ()
[2018-05-25 10:55:22.699000] INFO: jiekou: 全部kwargs参数信息 , {'fanhuijson': {'result_act': {'errors': [{'msg': '实例类型 (string) 不匹配定义的类型 (允许类型: [object])', 'description': '', 'field': '""'}], 'msg': '参数错误', 'code': '400'}, 'result': 400, 'code': 0}, 'asserqiwang': 'code=403'}
[2018-05-25 10:55:24.932000] INFO: jiekou: inputdata> 参数:, url:http://sp.ejw.cn/cs/v1/richtextTemp ,返回:{'result_act': {'errors': [], 'message': '参数转换异常', 'code': 400}, 'result': 400, 'code': 0},预期:code=403
[2018-05-25 10:55:24.935000] INFO: jiekou: 当前模块 断言测试结果
[2018-05-25 10:55:24.937000] INFO: jiekou: 全部args参数参数信息 , ()
[2018-05-25 10:55:24.938000] INFO: jiekou: 全部kwargs参数信息 , {'fanhuijson': {'result_act': {'errors': [], 'message': '参数转换异常', 'code': 400}, 'result': 400, 'code': 0}, 'asserqiwang': 'code=403'}
[2018-05-25 10:55:25.124000] INFO: jiekou: inputdata> 参数:, url:http://sp.ejw.cn/cs/v1/richtextTemp ,返回:{'result_act': {'errors': [{'msg': '实例类型 (string) 不匹配定义的类型 (允许类型: [object])', 'description': '', 'field': '""'}], 'msg': '参数错误', 'code': '400'}, 'result': 400, 'code': 0},预期:code=403
[2018-05-25 10:55:25.124000] INFO: jiekou: 当前模块 断言测试结果
[2018-05-25 10:55:25.125000] INFO: jiekou: 全部args参数参数信息 , ()
[2018-05-25 10:55:25.126000] INFO: jiekou: 全部kwargs参数信息 , {'fanhuijson': {'result_act': {'errors': [{'msg': '实例类型 (string) 不匹配定义的类型 (允许类型: [object])', 'description': '', 'field': '""'}], 'msg': '参数错误', 'code': '400'}, 'result': 400, 'code': 0}, 'asserqiwang': 'code=403'}
[2018-05-25 10:55:25.292000] INFO: jiekou: inputdata> 参数:, url:http://sp.ejw.cn/cs/v1/richtextTemp ,返回:{'result_act': {'errors': [{'msg': '实例类型 (string) 不匹配定义的类型 (允许类型: [object])', 'description': '', 'field': '""'}], 'msg': '参数错误', 'code': '400'}, 'result': 400, 'code': 0},预期:code=403
[2018-05-25 10:55:25.293000] INFO: jiekou: 当前模块 断言测试结果
[2018-05-25 10:55:25.293000] INFO: jiekou: 全部args参数参数信息 , ()
[2018-05-25 10:55:25.293000] INFO: jiekou: 全部kwargs参数信息 , {'fanhuijson': {'result_act': {'errors': [{'msg': '实例类型 (string) 不匹配定义的类型 (允许类型: [object])', 'description': '', 'field': '""'}], 'msg': '参数错误', 'code': '400'}, 'result': 400, 'code': 0}, 'asserqiwang': 'code=403'}
[2018-05-25 10:55:45.532000] INFO: jiekou: inputdata> 参数:, url:http://sp.ejw.cn/cs/v1/file ,返回:{'result_act': {'errors': [{'message': '请上传文件', 'field': 'upfile'}], 'message': '参数异常', 'code': 400}, 'result': 400, 'code': 0},预期:code=403
[2018-05-25 10:55:45.534000] INFO: jiekou: 当前模块 断言测试结果
[2018-05-25 10:55:45.536000] INFO: jiekou: 全部args参数参数信息 , ()
[2018-05-25 10:55:45.538000] INFO: jiekou: 全部kwargs参数信息 , {'fanhuijson': {'result_act': {'errors': [{'message': '请上传文件', 'field': 'upfile'}], 'message': '参数异常', 'code': 400}, 'result': 400, 'code': 0}, 'asserqiwang': 'code=403'}
