[2018-05-19 15:44:21.399000] INFO: jiekou: 当前模块 requests封装
[2018-05-19 15:44:21.402000] INFO: jiekou: 全部args参数参数信息 , ()
[2018-05-19 15:44:21.404000] INFO: jiekou: 全部kwargs参数信息 , {}
[2018-05-19 15:44:21.429000] INFO: jiekou: 当前模块 解析测试用例文件
[2018-05-19 15:44:21.430000] INFO: jiekou: 全部args参数参数信息 , ('E:\\接口测试\\jiekou-python3-master\\test_case_data\\case.xlsx',)
[2018-05-19 15:44:21.431000] INFO: jiekou: 全部kwargs参数信息 , {}
[2018-05-19 15:44:21.442000] INFO: jiekou: 当前模块 解析测试用例文件
[2018-05-19 15:44:21.443000] INFO: jiekou: 全部args参数参数信息 , ('E:\\接口测试\\jiekou-python3-master\\test_case_data\\case.xlsx',)
[2018-05-19 15:44:21.443000] INFO: jiekou: 全部kwargs参数信息 , {}
[2018-05-19 15:44:21.447000] INFO: jiekou: 当前模块 测试
[2018-05-19 15:44:21.447000] INFO: jiekou: 全部args参数参数信息 , ()
[2018-05-19 15:44:21.448000] INFO: jiekou: 全部kwargs参数信息 , {}
[2018-05-19 15:44:21.474000] INFO: jiekou: inputdata> 参数:{
 "mobilePhone": "15000000000",
 "password": "123456",
 "remember": true,
 "siteName": "main"
}, url:http://www1.ejw.cn/api/login ,返回:{'result': 400, 'code': 0, 'result_act': {'msg': '请求参数异常', 'code': 400, 'errors': '参数转换异常'}},预期:timestamp=1526699810
[2018-05-19 15:44:21.475000] INFO: jiekou: 当前模块 断言测试结果
[2018-05-19 15:44:21.475000] INFO: jiekou: 全部args参数参数信息 , ()
[2018-05-19 15:44:21.476000] INFO: jiekou: 全部kwargs参数信息 , {'fanhuijson': {'result': 400, 'code': 0, 'result_act': {'msg': '请求参数异常', 'code': 400, 'errors': '参数转换异常'}}, 'asserqiwang': 'timestamp=1526699810'}
[2018-05-19 15:44:21.556000] INFO: jiekou: inputdata> 参数:{'password':'1222'}, url:http://www.tuling123.com/openapi/api ,返回:{'result': 200, 'code': 0, 'result_act': {'text': '亲爱的，参数异常。', 'code': 40007}},预期:code=200
[2018-05-19 15:44:21.558000] INFO: jiekou: 当前模块 断言测试结果
[2018-05-19 15:44:21.559000] INFO: jiekou: 全部args参数参数信息 , ()
[2018-05-19 15:44:21.561000] INFO: jiekou: 全部kwargs参数信息 , {'fanhuijson': {'result': 200, 'code': 0, 'result_act': {'text': '亲爱的，参数异常。', 'code': 40007}}, 'asserqiwang': 'code=200'}
[2018-05-19 15:44:21.676000] INFO: jiekou: inputdata> 参数:{'password':'1222'}, url:http://www.tuling123.com/openapi/api
 ,返回:{'result': 200, 'code': 0, 'result_act': {'text': '亲爱的，参数异常。', 'code': 40007}},预期:code=200
[2018-05-19 15:44:21.678000] INFO: jiekou: 当前模块 断言测试结果
[2018-05-19 15:44:21.679000] INFO: jiekou: 全部args参数参数信息 , ()
[2018-05-19 15:44:21.680000] INFO: jiekou: 全部kwargs参数信息 , {'fanhuijson': {'result': 200, 'code': 0, 'result_act': {'text': '亲爱的，参数异常。', 'code': 40007}}, 'asserqiwang': 'code=200'}
[2018-05-19 15:44:21.708000] INFO: jiekou: inputdata> 参数:{"partnerId": 2,"partnerType": "111","partnerNo": "<2>","partnerName": "武汉天策时代网络文化传媒有限公司0557","area": "武汉","address": "关山大道光谷软件园F2栋801","phone":"13467318480","fax": "0755-61672214","status": 1,"detail": "合作伙伴信息的描述测试","longitude": 53.5,"latitude": -28,"organizType": 1}, url:http://192.168.150.20:8085/ps/v1/partner ,返回:{'result': 404, 'code': 0, 'result_act': {'message': '资源不存在', 'code': '404', 'errors': []}},预期:code=200
[2018-05-19 15:44:21.710000] INFO: jiekou: 当前模块 断言测试结果
[2018-05-19 15:44:21.711000] INFO: jiekou: 全部args参数参数信息 , ()
[2018-05-19 15:44:21.712000] INFO: jiekou: 全部kwargs参数信息 , {'fanhuijson': {'result': 404, 'code': 0, 'result_act': {'message': '资源不存在', 'code': '404', 'errors': []}}, 'asserqiwang': 'code=200'}
[2018-05-19 15:44:21.741000] INFO: jiekou: inputdata> 参数:, url:http://192.168.150.20:8085/ps/v1/partner/{{partnerId}}?type=1111111 ,返回:{'result': 404, 'code': 0, 'result_act': {'message': '资源不存在', 'code': '404', 'errors': []}},预期:code=200
[2018-05-19 15:44:21.743000] INFO: jiekou: 当前模块 断言测试结果
[2018-05-19 15:44:21.745000] INFO: jiekou: 全部args参数参数信息 , ()
[2018-05-19 15:44:21.746000] INFO: jiekou: 全部kwargs参数信息 , {'fanhuijson': {'result': 404, 'code': 0, 'result_act': {'message': '资源不存在', 'code': '404', 'errors': []}}, 'asserqiwang': 'code=200'}
[2018-05-19 15:44:21.817000] INFO: jiekou: inputdata> 参数:, url:http://admin.ejw.cn/portal/v1/partners?sort=%7B%22gmtCreate%22%3A%22desc%22%7D&status=0&partnerName=xxxx&pageNo=1&pageSize=10 ,返回:{'result': 200, 'code': 0, 'result_act': {'page': {'nextPage': 1, 'totalPages': 0, 'prePage': 1, 'limit': 10, 'lastPage': True, 'startRow': 0, 'totalCount': 0, 'hasNextPage': False, 'firstPage': True, 'offset': 0, 'page': 1, 'endRow': 0, 'hasPrePage': False}, 'data': []}},预期:code=200
[2018-05-19 15:44:21.819000] INFO: jiekou: 当前模块 断言测试结果
[2018-05-19 15:44:21.821000] INFO: jiekou: 全部args参数参数信息 , ()
[2018-05-19 15:44:21.823000] INFO: jiekou: 全部kwargs参数信息 , {'fanhuijson': {'result': 200, 'code': 0, 'result_act': {'page': {'nextPage': 1, 'totalPages': 0, 'prePage': 1, 'limit': 10, 'lastPage': True, 'startRow': 0, 'totalCount': 0, 'hasNextPage': False, 'firstPage': True, 'offset': 0, 'page': 1, 'endRow': 0, 'hasPrePage': False}, 'data': []}}, 'asserqiwang': 'code=200'}
