[2018-05-24 17:45:38.045000] INFO: jiekou: 当前模块 requests封装
[2018-05-24 17:45:38.047000] INFO: jiekou: 全部args参数参数信息 , ()
[2018-05-24 17:45:38.047000] INFO: jiekou: 全部kwargs参数信息 , {}
[2018-05-24 17:45:38.075000] INFO: jiekou: 当前模块 解析测试用例文件
[2018-05-24 17:45:38.075000] INFO: jiekou: 全部args参数参数信息 , ('E:\\接口测试\\jiekou-python3-master\\test_case_data\\case1.xlsx',)
[2018-05-24 17:45:38.076000] INFO: jiekou: 全部kwargs参数信息 , {}
[2018-05-24 17:45:38.097000] INFO: jiekou: 当前模块 解析测试用例文件
[2018-05-24 17:45:38.097000] INFO: jiekou: 全部args参数参数信息 , ('E:\\接口测试\\jiekou-python3-master\\test_case_data\\case1.xlsx',)
[2018-05-24 17:45:38.098000] INFO: jiekou: 全部kwargs参数信息 , {}
[2018-05-24 17:45:38.109000] INFO: jiekou: 当前模块 测试
[2018-05-24 17:45:38.109000] INFO: jiekou: 全部args参数参数信息 , ()
[2018-05-24 17:45:38.110000] INFO: jiekou: 全部kwargs参数信息 , {}
[2018-05-24 17:45:38.172000] INFO: jiekou: inputdata> 参数:, url:http://sp.ejw.cn/portal/v1/partnerall/1partnerId1 ,返回:{'result_act': {'code': 400, 'errors': [], 'message': '请求参数异常'}, 'code': 0, 'result': 400},预期:code=403
[2018-05-24 17:45:38.174000] INFO: jiekou: 当前模块 断言测试结果
[2018-05-24 17:45:38.176000] INFO: jiekou: 全部args参数参数信息 , ()
[2018-05-24 17:45:38.178000] INFO: jiekou: 全部kwargs参数信息 , {'asserqiwang': 'code=403', 'fanhuijson': {'result_act': {'code': 400, 'errors': [], 'message': '请求参数异常'}, 'code': 0, 'result': 400}}
[2018-05-24 17:45:38.225000] INFO: jiekou: inputdata> 参数:, url:http://sp.ejw.cn/portal/v1/partnerall/1partnerId1 ,返回:{'result_act': {'errors': [{'description': '', 'field': '""', 'msg': 'instance type (string) does not match any allowed primitive type (allowed: [object])'}], 'code': '400', 'msg': '参数错误'}, 'code': 0, 'result': 400},预期:code=403
[2018-05-24 17:45:38.227000] INFO: jiekou: 当前模块 断言测试结果
[2018-05-24 17:45:38.229000] INFO: jiekou: 全部args参数参数信息 , ()
[2018-05-24 17:45:38.230000] INFO: jiekou: 全部kwargs参数信息 , {'asserqiwang': 'code=403', 'fanhuijson': {'result_act': {'errors': [{'description': '', 'field': '""', 'msg': 'instance type (string) does not match any allowed primitive type (allowed: [object])'}], 'code': '400', 'msg': '参数错误'}, 'code': 0, 'result': 400}}
[2018-05-24 17:45:38.268000] INFO: jiekou: inputdata> 参数:, url:http://sp.ejw.cn/portal/v1/partnerall/1partnerId1 ,返回:{'result_act': {'code': 400, 'errors': [], 'message': '请求参数异常'}, 'code': 0, 'result': 400},预期:code=403
[2018-05-24 17:45:38.269000] INFO: jiekou: 当前模块 断言测试结果
[2018-05-24 17:45:38.270000] INFO: jiekou: 全部args参数参数信息 , ()
[2018-05-24 17:45:38.270000] INFO: jiekou: 全部kwargs参数信息 , {'asserqiwang': 'code=403', 'fanhuijson': {'result_act': {'code': 400, 'errors': [], 'message': '请求参数异常'}, 'code': 0, 'result': 400}}
[2018-05-24 17:45:38.304000] INFO: jiekou: inputdata> 参数:, url:http://sp.ejw.cn/portal/v1/partner/1partnerId1 ,返回:{'result_act': {'errors': [{'description': '', 'field': '""', 'msg': 'instance type (string) does not match any allowed primitive type (allowed: [object])'}], 'code': '400', 'msg': '参数错误'}, 'code': 0, 'result': 400},预期:code=403
[2018-05-24 17:45:38.305000] INFO: jiekou: 当前模块 断言测试结果
[2018-05-24 17:45:38.306000] INFO: jiekou: 全部args参数参数信息 , ()
[2018-05-24 17:45:38.306000] INFO: jiekou: 全部kwargs参数信息 , {'asserqiwang': 'code=403', 'fanhuijson': {'result_act': {'errors': [{'description': '', 'field': '""', 'msg': 'instance type (string) does not match any allowed primitive type (allowed: [object])'}], 'code': '400', 'msg': '参数错误'}, 'code': 0, 'result': 400}}
[2018-05-24 17:45:38.353000] INFO: jiekou: inputdata> 参数:, url:http://sp.ejw.cn/portal/v1/user/partners ,返回:{'result_act': {'data': [], 'page': {'offset': 0, 'firstPage': True, 'hasNextPage': False, 'totalCount': 0, 'hasPrePage': False, 'endRow': 0, 'limit': 10, 'prePage': 1, 'totalPages': 0, 'nextPage': 1, 'page': 1, 'startRow': 0, 'lastPage': True}}, 'code': 0, 'result': 200},预期:code=403
[2018-05-24 17:45:38.354000] INFO: jiekou: 当前模块 断言测试结果
[2018-05-24 17:45:38.354000] INFO: jiekou: 全部args参数参数信息 , ()
[2018-05-24 17:45:38.354000] INFO: jiekou: 全部kwargs参数信息 , {'asserqiwang': 'code=403', 'fanhuijson': {'result_act': {'data': [], 'page': {'offset': 0, 'firstPage': True, 'hasNextPage': False, 'totalCount': 0, 'hasPrePage': False, 'endRow': 0, 'limit': 10, 'prePage': 1, 'totalPages': 0, 'nextPage': 1, 'page': 1, 'startRow': 0, 'lastPage': True}}, 'code': 0, 'result': 200}}
[2018-05-24 17:45:38.392000] INFO: jiekou: inputdata> 参数:, url:http://sp.ejw.cn/portal/v1/partnerall ,返回:{'result_act': {'errors': [{'description': '', 'field': '""', 'msg': 'instance type (string) does not match any allowed primitive type (allowed: [object])'}], 'code': '400', 'msg': '参数错误'}, 'code': 0, 'result': 400},预期:code=403
[2018-05-24 17:45:38.393000] INFO: jiekou: 当前模块 断言测试结果
[2018-05-24 17:45:38.393000] INFO: jiekou: 全部args参数参数信息 , ()
[2018-05-24 17:45:38.394000] INFO: jiekou: 全部kwargs参数信息 , {'asserqiwang': 'code=403', 'fanhuijson': {'result_act': {'errors': [{'description': '', 'field': '""', 'msg': 'instance type (string) does not match any allowed primitive type (allowed: [object])'}], 'code': '400', 'msg': '参数错误'}, 'code': 0, 'result': 400}}
[2018-05-24 17:45:38.416000] INFO: jiekou: inputdata> 参数:, url:http://sp.ejw.cn/portal/v1/partners/quick ,返回:{'result_act': {'error_code': 99999, 'message': '没有权限访问此接口'}, 'code': 0, 'result': 403},预期:code=403
[2018-05-24 17:45:38.417000] INFO: jiekou: 当前模块 断言测试结果
[2018-05-24 17:45:38.418000] INFO: jiekou: 全部args参数参数信息 , ()
[2018-05-24 17:45:38.418000] INFO: jiekou: 全部kwargs参数信息 , {'asserqiwang': 'code=403', 'fanhuijson': {'result_act': {'error_code': 99999, 'message': '没有权限访问此接口'}, 'code': 0, 'result': 403}}
[2018-05-24 17:45:38.443000] INFO: jiekou: inputdata> 参数:, url:http://sp.ejw.cn/portal/v1/partners ,返回:{'result_act': {'error_code': 99999, 'message': '没有权限访问此接口'}, 'code': 0, 'result': 403},预期:code=403
[2018-05-24 17:45:38.444000] INFO: jiekou: 当前模块 断言测试结果
[2018-05-24 17:45:38.444000] INFO: jiekou: 全部args参数参数信息 , ()
[2018-05-24 17:45:38.445000] INFO: jiekou: 全部kwargs参数信息 , {'asserqiwang': 'code=403', 'fanhuijson': {'result_act': {'error_code': 99999, 'message': '没有权限访问此接口'}, 'code': 0, 'result': 403}}
