[2018-05-25 08:58:34.580000] INFO: jiekou: 当前模块 requests封装
[2018-05-25 08:58:34.581000] INFO: jiekou: 全部args参数参数信息 , ()
[2018-05-25 08:58:34.582000] INFO: jiekou: 全部kwargs参数信息 , {}
[2018-05-25 08:58:34.603000] INFO: jiekou: 当前模块 解析测试用例文件
[2018-05-25 08:58:34.604000] INFO: jiekou: 全部args参数参数信息 , ('E:\\接口测试\\jiekou-python3-master\\test_case_data\\case1.xlsx',)
[2018-05-25 08:58:34.604000] INFO: jiekou: 全部kwargs参数信息 , {}
[2018-05-25 08:58:34.626000] INFO: jiekou: 当前模块 解析测试用例文件
[2018-05-25 08:58:34.627000] INFO: jiekou: 全部args参数参数信息 , ('E:\\接口测试\\jiekou-python3-master\\test_case_data\\case1.xlsx',)
[2018-05-25 08:58:34.627000] INFO: jiekou: 全部kwargs参数信息 , {}
[2018-05-25 08:58:34.639000] INFO: jiekou: 当前模块 测试
[2018-05-25 08:58:34.639000] INFO: jiekou: 全部args参数参数信息 , ()
[2018-05-25 08:58:34.640000] INFO: jiekou: 全部kwargs参数信息 , {}
[2018-05-25 08:58:34.706000] INFO: jiekou: inputdata> 参数:, url:http://sp.ejw.cn/portal/v1/partnerall/1partnerId1 ,返回:{'result_act': {'errors': [], 'code': 400, 'message': '请求参数异常'}, 'code': 0, 'result': 400},预期:code=403
[2018-05-25 08:58:34.708000] INFO: jiekou: 当前模块 断言测试结果
[2018-05-25 08:58:34.710000] INFO: jiekou: 全部args参数参数信息 , ()
[2018-05-25 08:58:34.711000] INFO: jiekou: 全部kwargs参数信息 , {'asserqiwang': 'code=403', 'fanhuijson': {'result_act': {'errors': [], 'code': 400, 'message': '请求参数异常'}, 'code': 0, 'result': 400}}
[2018-05-25 08:58:34.751000] INFO: jiekou: inputdata> 参数:, url:http://sp.ejw.cn/portal/v1/partnerall/1partnerId1 ,返回:{'result_act': {'msg': '参数错误', 'errors': [{'msg': 'instance type (string) does not match any allowed primitive type (allowed: [object])', 'description': '', 'field': '""'}], 'code': '400'}, 'code': 0, 'result': 400},预期:code=403
[2018-05-25 08:58:34.752000] INFO: jiekou: 当前模块 断言测试结果
[2018-05-25 08:58:34.752000] INFO: jiekou: 全部args参数参数信息 , ()
[2018-05-25 08:58:34.753000] INFO: jiekou: 全部kwargs参数信息 , {'asserqiwang': 'code=403', 'fanhuijson': {'result_act': {'msg': '参数错误', 'errors': [{'msg': 'instance type (string) does not match any allowed primitive type (allowed: [object])', 'description': '', 'field': '""'}], 'code': '400'}, 'code': 0, 'result': 400}}
[2018-05-25 08:58:34.793000] INFO: jiekou: inputdata> 参数:, url:http://sp.ejw.cn/portal/v1/partnerall/1partnerId1 ,返回:{'result_act': {'errors': [], 'code': 400, 'message': '请求参数异常'}, 'code': 0, 'result': 400},预期:code=403
[2018-05-25 08:58:34.793000] INFO: jiekou: 当前模块 断言测试结果
[2018-05-25 08:58:34.794000] INFO: jiekou: 全部args参数参数信息 , ()
[2018-05-25 08:58:34.795000] INFO: jiekou: 全部kwargs参数信息 , {'asserqiwang': 'code=403', 'fanhuijson': {'result_act': {'errors': [], 'code': 400, 'message': '请求参数异常'}, 'code': 0, 'result': 400}}
[2018-05-25 08:58:34.827000] INFO: jiekou: inputdata> 参数:, url:http://sp.ejw.cn/portal/v1/partner/1partnerId1 ,返回:{'result_act': {'msg': '参数错误', 'errors': [{'msg': 'instance type (string) does not match any allowed primitive type (allowed: [object])', 'description': '', 'field': '""'}], 'code': '400'}, 'code': 0, 'result': 400},预期:code=403
[2018-05-25 08:58:34.828000] INFO: jiekou: 当前模块 断言测试结果
[2018-05-25 08:58:34.829000] INFO: jiekou: 全部args参数参数信息 , ()
[2018-05-25 08:58:34.830000] INFO: jiekou: 全部kwargs参数信息 , {'asserqiwang': 'code=403', 'fanhuijson': {'result_act': {'msg': '参数错误', 'errors': [{'msg': 'instance type (string) does not match any allowed primitive type (allowed: [object])', 'description': '', 'field': '""'}], 'code': '400'}, 'code': 0, 'result': 400}}
[2018-05-25 08:58:34.877000] INFO: jiekou: inputdata> 参数:, url:http://sp.ejw.cn/portal/v1/user/partners ,返回:{'result_act': {'data': [], 'page': {'hasNextPage': False, 'startRow': 0, 'totalCount': 0, 'totalPages': 0, 'limit': 10, 'firstPage': True, 'page': 1, 'nextPage': 1, 'endRow': 0, 'hasPrePage': False, 'prePage': 1, 'lastPage': True, 'offset': 0}}, 'code': 0, 'result': 200},预期:code=403
[2018-05-25 08:58:34.878000] INFO: jiekou: 当前模块 断言测试结果
[2018-05-25 08:58:34.879000] INFO: jiekou: 全部args参数参数信息 , ()
[2018-05-25 08:58:34.880000] INFO: jiekou: 全部kwargs参数信息 , {'asserqiwang': 'code=403', 'fanhuijson': {'result_act': {'data': [], 'page': {'hasNextPage': False, 'startRow': 0, 'totalCount': 0, 'totalPages': 0, 'limit': 10, 'firstPage': True, 'page': 1, 'nextPage': 1, 'endRow': 0, 'hasPrePage': False, 'prePage': 1, 'lastPage': True, 'offset': 0}}, 'code': 0, 'result': 200}}
[2018-05-25 08:58:34.918000] INFO: jiekou: inputdata> 参数:, url:http://sp.ejw.cn/portal/v1/partnerall ,返回:{'result_act': {'msg': '参数错误', 'errors': [{'msg': 'instance type (string) does not match any allowed primitive type (allowed: [object])', 'description': '', 'field': '""'}], 'code': '400'}, 'code': 0, 'result': 400},预期:code=403
[2018-05-25 08:58:34.919000] INFO: jiekou: 当前模块 断言测试结果
[2018-05-25 08:58:34.920000] INFO: jiekou: 全部args参数参数信息 , ()
[2018-05-25 08:58:34.920000] INFO: jiekou: 全部kwargs参数信息 , {'asserqiwang': 'code=403', 'fanhuijson': {'result_act': {'msg': '参数错误', 'errors': [{'msg': 'instance type (string) does not match any allowed primitive type (allowed: [object])', 'description': '', 'field': '""'}], 'code': '400'}, 'code': 0, 'result': 400}}
[2018-05-25 08:58:34.951000] INFO: jiekou: inputdata> 参数:, url:http://sp.ejw.cn/portal/v1/partners/quick ,返回:{'result_act': {'message': '没有权限访问此接口', 'error_code': 99999}, 'code': 0, 'result': 403},预期:code=403
[2018-05-25 08:58:34.951000] INFO: jiekou: 当前模块 断言测试结果
[2018-05-25 08:58:34.952000] INFO: jiekou: 全部args参数参数信息 , ()
[2018-05-25 08:58:34.953000] INFO: jiekou: 全部kwargs参数信息 , {'asserqiwang': 'code=403', 'fanhuijson': {'result_act': {'message': '没有权限访问此接口', 'error_code': 99999}, 'code': 0, 'result': 403}}
[2018-05-25 08:58:34.987000] INFO: jiekou: inputdata> 参数:, url:http://sp.ejw.cn/portal/v1/partners ,返回:{'result_act': {'message': '没有权限访问此接口', 'error_code': 99999}, 'code': 0, 'result': 403},预期:code=403
[2018-05-25 08:58:34.988000] INFO: jiekou: 当前模块 断言测试结果
[2018-05-25 08:58:34.988000] INFO: jiekou: 全部args参数参数信息 , ()
[2018-05-25 08:58:34.989000] INFO: jiekou: 全部kwargs参数信息 , {'asserqiwang': 'code=403', 'fanhuijson': {'result_act': {'message': '没有权限访问此接口', 'error_code': 99999}, 'code': 0, 'result': 403}}
