[2018-05-23 11:57:16.821000] INFO: jiekou: 当前模块 requests封装
[2018-05-23 11:57:16.823000] INFO: jiekou: 全部args参数参数信息 , ()
[2018-05-23 11:57:16.824000] INFO: jiekou: 全部kwargs参数信息 , {}
[2018-05-23 11:57:16.842000] INFO: jiekou: 当前模块 解析测试用例文件
[2018-05-23 11:57:16.842000] INFO: jiekou: 全部args参数参数信息 , ('E:\\接口测试\\jiekou-python3-master\\test_case_data\\case.xlsx',)
[2018-05-23 11:57:16.843000] INFO: jiekou: 全部kwargs参数信息 , {}
[2018-05-23 11:57:16.866000] INFO: jiekou: 当前模块 解析测试用例文件
[2018-05-23 11:57:16.867000] INFO: jiekou: 全部args参数参数信息 , ('E:\\接口测试\\jiekou-python3-master\\test_case_data\\case.xlsx',)
[2018-05-23 11:57:16.867000] INFO: jiekou: 全部kwargs参数信息 , {}
[2018-05-23 11:57:16.881000] INFO: jiekou: 当前模块 测试
[2018-05-23 11:57:16.882000] INFO: jiekou: 全部args参数参数信息 , ()
[2018-05-23 11:57:16.882000] INFO: jiekou: 全部kwargs参数信息 , {}
[2018-05-23 11:57:16.925000] INFO: jiekou: inputdata> 参数:{'password':'1222'}, url:http://admin.ejw.cn/platform/v1/productverifies?pageNo=1&pageSize=10&sort=%7B%22gmtCreate%22%3A%22desc%22%7D&productName=xxx&curEmpId=5  ,返回:{'result_act': {'error_code': 99999, 'message': '没有权限访问此接口'}, 'result': 403, 'code': 0},预期:code=200
[2018-05-23 11:57:16.927000] INFO: jiekou: 当前模块 断言测试结果
[2018-05-23 11:57:16.930000] INFO: jiekou: 全部args参数参数信息 , ()
[2018-05-23 11:57:16.932000] INFO: jiekou: 全部kwargs参数信息 , {'fanhuijson': {'result_act': {'error_code': 99999, 'message': '没有权限访问此接口'}, 'result': 403, 'code': 0}, 'asserqiwang': 'code=200'}
[2018-05-23 11:57:16.958000] INFO: jiekou: inputdata> 参数:{'password':'1223'}, url:http://admin.ejw.cn/portal/v1/partners?sort=%7B%22gmtCreate%22%3A%22desc%22%7D&status=0&partnerName=xxxx&pageNo=1&pageSize=10 ,返回:{'result_act': {'error_code': 99999, 'message': '没有权限访问此接口'}, 'result': 403, 'code': 0},预期:code=403
[2018-05-23 11:57:16.960000] INFO: jiekou: 当前模块 断言测试结果
[2018-05-23 11:57:16.963000] INFO: jiekou: 全部args参数参数信息 , ()
[2018-05-23 11:57:16.964000] INFO: jiekou: 全部kwargs参数信息 , {'fanhuijson': {'result_act': {'error_code': 99999, 'message': '没有权限访问此接口'}, 'result': 403, 'code': 0}, 'asserqiwang': 'code=403'}
[2018-05-23 11:57:16.999000] INFO: jiekou: post请求出错，出错原因:No JSON object could be decoded
[2018-05-23 11:57:17.022000] INFO: jiekou: inputdata> 参数:{'password':'1225'}, url:http://sp.ejw.cn/cp/v1/partner/11/product/11 ,返回:{'result': 401, 'code': 0},预期:code=403
[2018-05-23 11:57:17.022000] INFO: jiekou: 当前模块 断言测试结果
[2018-05-23 11:57:17.023000] INFO: jiekou: 全部args参数参数信息 , ()
[2018-05-23 11:57:17.024000] INFO: jiekou: 全部kwargs参数信息 , {'fanhuijson': {'result': 401, 'code': 0}, 'asserqiwang': 'code=403'}
[2018-05-23 11:57:17.071000] INFO: jiekou: inputdata> 参数:{'password':'1226'}, url:http://sp.ejw.cn/cp/v1/partner/11/employee/11 ,返回:{'result_act': {'errors': [], 'message': '不支持当前请求方法', 'code': 405}, 'result': 405, 'code': 0},预期:code=403
[2018-05-23 11:57:17.072000] INFO: jiekou: 当前模块 断言测试结果
[2018-05-23 11:57:17.072000] INFO: jiekou: 全部args参数参数信息 , ()
[2018-05-23 11:57:17.073000] INFO: jiekou: 全部kwargs参数信息 , {'fanhuijson': {'result_act': {'errors': [], 'message': '不支持当前请求方法', 'code': 405}, 'result': 405, 'code': 0}, 'asserqiwang': 'code=403'}
[2018-05-23 11:57:17.096000] INFO: jiekou: inputdata> 参数:{'password':'1227'}, url:http://sp.ejw.cn/cp/v1/partner/11/employees ,返回:{'result': 401, 'code': 0},预期:code=403
[2018-05-23 11:57:17.096000] INFO: jiekou: 当前模块 断言测试结果
[2018-05-23 11:57:17.097000] INFO: jiekou: 全部args参数参数信息 , ()
[2018-05-23 11:57:17.097000] INFO: jiekou: 全部kwargs参数信息 , {'fanhuijson': {'result': 401, 'code': 0}, 'asserqiwang': 'code=403'}
[2018-05-23 11:57:17.113000] INFO: jiekou: inputdata> 参数:{'password':'1228'}, url:http://sp.ejw.cn/cp/v1/partner/11/product/11/off ,返回:{'result': 401, 'code': 0},预期:code=403
[2018-05-23 11:57:17.114000] INFO: jiekou: 当前模块 断言测试结果
[2018-05-23 11:57:17.115000] INFO: jiekou: 全部args参数参数信息 , ()
[2018-05-23 11:57:17.115000] INFO: jiekou: 全部kwargs参数信息 , {'fanhuijson': {'result': 401, 'code': 0}, 'asserqiwang': 'code=403'}
[2018-05-23 11:57:17.149000] INFO: jiekou: inputdata> 参数:{'password':'1229'}, url:http://sp.ejw.cn/cp/v1/partner/11/employee/11/status ,返回:{'result_act': {'errors': [], 'message': '不支持当前请求方法', 'code': 405}, 'result': 405, 'code': 0},预期:code=403
[2018-05-23 11:57:17.149000] INFO: jiekou: 当前模块 断言测试结果
[2018-05-23 11:57:17.150000] INFO: jiekou: 全部args参数参数信息 , ()
[2018-05-23 11:57:17.150000] INFO: jiekou: 全部kwargs参数信息 , {'fanhuijson': {'result_act': {'errors': [], 'message': '不支持当前请求方法', 'code': 405}, 'result': 405, 'code': 0}, 'asserqiwang': 'code=403'}
[2018-05-23 11:57:17.177000] INFO: jiekou: inputdata> 参数:{'password':'1230'}, url:http://sp.ejw.cn/cp/v1/partner/11/employee ,返回:{'result': 401, 'code': 0},预期:code=403
[2018-05-23 11:57:17.177000] INFO: jiekou: 当前模块 断言测试结果
[2018-05-23 11:57:17.178000] INFO: jiekou: 全部args参数参数信息 , ()
[2018-05-23 11:57:17.178000] INFO: jiekou: 全部kwargs参数信息 , {'fanhuijson': {'result': 401, 'code': 0}, 'asserqiwang': 'code=403'}
[2018-05-23 11:57:17.209000] INFO: jiekou: inputdata> 参数:{'password':'1231'}, url:http://sp.ejw.cn/cp/v1/partner/11/product/22/release ,返回:{'result_act': {'errors': [], 'message': '不支持当前请求方法', 'code': 405}, 'result': 405, 'code': 0},预期:code=403
[2018-05-23 11:57:17.209000] INFO: jiekou: 当前模块 断言测试结果
[2018-05-23 11:57:17.210000] INFO: jiekou: 全部args参数参数信息 , ()
[2018-05-23 11:57:17.211000] INFO: jiekou: 全部kwargs参数信息 , {'fanhuijson': {'result_act': {'errors': [], 'message': '不支持当前请求方法', 'code': 405}, 'result': 405, 'code': 0}, 'asserqiwang': 'code=403'}
[2018-05-23 11:57:17.357000] INFO: jiekou: inputdata> 参数:{'password':'1232'}, url:http://sp.ejw.cn/cp/v1/partner/11/products ,返回:{'result_act': {'page': {'page': 1, 'totalCount': 0, 'prePage': 1, 'nextPage': 1, 'lastPage': True, 'firstPage': True, 'hasPrePage': False, 'hasNextPage': False, 'limit': 10, 'startRow': 0, 'endRow': 0, 'totalPages': 0}, 'data': []}, 'result': 200, 'code': 0},预期:code=403
[2018-05-23 11:57:17.358000] INFO: jiekou: 当前模块 断言测试结果
[2018-05-23 11:57:17.358000] INFO: jiekou: 全部args参数参数信息 , ()
[2018-05-23 11:57:17.359000] INFO: jiekou: 全部kwargs参数信息 , {'fanhuijson': {'result_act': {'page': {'page': 1, 'totalCount': 0, 'prePage': 1, 'nextPage': 1, 'lastPage': True, 'firstPage': True, 'hasPrePage': False, 'hasNextPage': False, 'limit': 10, 'startRow': 0, 'endRow': 0, 'totalPages': 0}, 'data': []}, 'result': 200, 'code': 0}, 'asserqiwang': 'code=403'}
[2018-05-23 11:57:17.409000] INFO: jiekou: inputdata> 参数:{'password':'1233'}, url:http://sp.ejw.cn/crm/v1/partner/11/customer-level/33/use ,返回:{'result_act': {'errors': [], 'message': '不支持当前请求方法', 'code': 405}, 'result': 405, 'code': 0},预期:code=403
[2018-05-23 11:57:17.411000] INFO: jiekou: 当前模块 断言测试结果
[2018-05-23 11:57:17.413000] INFO: jiekou: 全部args参数参数信息 , ()
[2018-05-23 11:57:17.415000] INFO: jiekou: 全部kwargs参数信息 , {'fanhuijson': {'result_act': {'errors': [], 'message': '不支持当前请求方法', 'code': 405}, 'result': 405, 'code': 0}, 'asserqiwang': 'code=403'}
[2018-05-23 11:57:17.459000] INFO: jiekou: inputdata> 参数:{'password':'1234'}, url:http://sp.ejw.cn/crm/v1/employee/roles ,返回:{'result_act': {'errors': [], 'message': '不支持当前请求方法', 'code': 405}, 'result': 405, 'code': 0},预期:code=403
[2018-05-23 11:57:17.461000] INFO: jiekou: 当前模块 断言测试结果
[2018-05-23 11:57:17.463000] INFO: jiekou: 全部args参数参数信息 , ()
[2018-05-23 11:57:17.465000] INFO: jiekou: 全部kwargs参数信息 , {'fanhuijson': {'result_act': {'errors': [], 'message': '不支持当前请求方法', 'code': 405}, 'result': 405, 'code': 0}, 'asserqiwang': 'code=403'}
[2018-05-23 11:57:17.491000] INFO: jiekou: inputdata> 参数:{'password':'1235'}, url:http://sp.ejw.cn/crm/v1/mkschemes ,返回:{'result': 401, 'code': 0},预期:code=403
[2018-05-23 11:57:17.493000] INFO: jiekou: 当前模块 断言测试结果
[2018-05-23 11:57:17.494000] INFO: jiekou: 全部args参数参数信息 , ()
[2018-05-23 11:57:17.495000] INFO: jiekou: 全部kwargs参数信息 , {'fanhuijson': {'result': 401, 'code': 0}, 'asserqiwang': 'code=403'}
[2018-05-23 11:57:17.529000] INFO: jiekou: inputdata> 参数:{'password':'1236'}, url:http://sp.ejw.cn/crm/v1/mkplans ,返回:{'result_act': {'errors': [], 'message': '不支持当前请求方法', 'code': 405}, 'result': 405, 'code': 0},预期:code=403
[2018-05-23 11:57:17.529000] INFO: jiekou: 当前模块 断言测试结果
[2018-05-23 11:57:17.530000] INFO: jiekou: 全部args参数参数信息 , ()
[2018-05-23 11:57:17.531000] INFO: jiekou: 全部kwargs参数信息 , {'fanhuijson': {'result_act': {'errors': [], 'message': '不支持当前请求方法', 'code': 405}, 'result': 405, 'code': 0}, 'asserqiwang': 'code=403'}
[2018-05-23 11:57:17.548000] INFO: jiekou: inputdata> 参数:{'password':'1237'}, url:http://sp.ejw.cn/crm/v1/slbusioppor/33/stages ,返回:{'result': 401, 'code': 0},预期:code=403
[2018-05-23 11:57:17.548000] INFO: jiekou: 当前模块 断言测试结果
[2018-05-23 11:57:17.549000] INFO: jiekou: 全部args参数参数信息 , ()
[2018-05-23 11:57:17.550000] INFO: jiekou: 全部kwargs参数信息 , {'fanhuijson': {'result': 401, 'code': 0}, 'asserqiwang': 'code=403'}
[2018-05-23 11:57:17.608000] INFO: jiekou: inputdata> 参数:{'password':'1238'}, url:http://sp.ejw.cn/crm/v1/sldaytask/33 ,返回:{'result_act': {'errors': [{'message': '无权限操作', 'field': 'empId'}], 'message': '无权限异常', 'code': 403}, 'result': 403, 'code': 0},预期:code=403
[2018-05-23 11:57:17.609000] INFO: jiekou: 当前模块 断言测试结果
[2018-05-23 11:57:17.610000] INFO: jiekou: 全部args参数参数信息 , ()
[2018-05-23 11:57:17.610000] INFO: jiekou: 全部kwargs参数信息 , {'fanhuijson': {'result_act': {'errors': [{'message': '无权限操作', 'field': 'empId'}], 'message': '无权限异常', 'code': 403}, 'result': 403, 'code': 0}, 'asserqiwang': 'code=403'}
[2018-05-23 11:57:17.632000] INFO: jiekou: inputdata> 参数:{'password':'1239'}, url:http://sp.ejw.cn/crm/v1/marketing/check ,返回:{'result_act': {'errors': {}, 'message': '请求参数异常', 'code': '400'}, 'result': 400, 'code': 0},预期:code=403
[2018-05-23 11:57:17.633000] INFO: jiekou: 当前模块 断言测试结果
[2018-05-23 11:57:17.634000] INFO: jiekou: 全部args参数参数信息 , ()
[2018-05-23 11:57:17.634000] INFO: jiekou: 全部kwargs参数信息 , {'fanhuijson': {'result_act': {'errors': {}, 'message': '请求参数异常', 'code': '400'}, 'result': 400, 'code': 0}, 'asserqiwang': 'code=403'}
[2018-05-23 11:57:17.663000] INFO: jiekou: inputdata> 参数:{'password':'1240'}, url:http://sp.ejw.cn/crm/v1/slprotects ,返回:{'result_act': {'page': {'page': 0, 'totalCount': 0, 'prePage': 0, 'nextPage': 0, 'lastPage': True, 'firstPage': True, 'offset': 0, 'hasPrePage': False, 'hasNextPage': False, 'limit': 0, 'startRow': 0, 'endRow': 0, 'totalPages': 0}, 'data': []}, 'result': 200, 'code': 0},预期:code=403
[2018-05-23 11:57:17.664000] INFO: jiekou: 当前模块 断言测试结果
[2018-05-23 11:57:17.664000] INFO: jiekou: 全部args参数参数信息 , ()
[2018-05-23 11:57:17.665000] INFO: jiekou: 全部kwargs参数信息 , {'fanhuijson': {'result_act': {'page': {'page': 0, 'totalCount': 0, 'prePage': 0, 'nextPage': 0, 'lastPage': True, 'firstPage': True, 'offset': 0, 'hasPrePage': False, 'hasNextPage': False, 'limit': 0, 'startRow': 0, 'endRow': 0, 'totalPages': 0}, 'data': []}, 'result': 200, 'code': 0}, 'asserqiwang': 'code=403'}
[2018-05-23 11:57:17.686000] INFO: jiekou: inputdata> 参数:{'password':'1241'}, url:http://sp.ejw.cn/crm/v1/slclue/11/lock ,返回:{'result_act': {'errors': [], 'message': '不支持当前请求方法', 'code': 405}, 'result': 405, 'code': 0},预期:code=403
[2018-05-23 11:57:17.687000] INFO: jiekou: 当前模块 断言测试结果
[2018-05-23 11:57:17.687000] INFO: jiekou: 全部args参数参数信息 , ()
[2018-05-23 11:57:17.688000] INFO: jiekou: 全部kwargs参数信息 , {'fanhuijson': {'result_act': {'errors': [], 'message': '不支持当前请求方法', 'code': 405}, 'result': 405, 'code': 0}, 'asserqiwang': 'code=403'}
[2018-05-23 11:57:17.711000] INFO: jiekou: inputdata> 参数:{'password':'1242'}, url:http://sp.ejw.cn/crm/v1/slcustomer/11/contact ,返回:{'result': 401, 'code': 0},预期:code=403
[2018-05-23 11:57:17.712000] INFO: jiekou: 当前模块 断言测试结果
[2018-05-23 11:57:17.712000] INFO: jiekou: 全部args参数参数信息 , ()
[2018-05-23 11:57:17.713000] INFO: jiekou: 全部kwargs参数信息 , {'fanhuijson': {'result': 401, 'code': 0}, 'asserqiwang': 'code=403'}
[2018-05-23 11:57:17.735000] INFO: jiekou: inputdata> 参数:{'password':'1243'}, url:http://sp.ejw.cn/crm/v1/ptcustomer/11 ,返回:{'result_act': {'errors': {}, 'message': '资源不存在', 'code': '404'}, 'result': 404, 'code': 0},预期:code=403
[2018-05-23 11:57:17.735000] INFO: jiekou: 当前模块 断言测试结果
[2018-05-23 11:57:17.736000] INFO: jiekou: 全部args参数参数信息 , ()
[2018-05-23 11:57:17.736000] INFO: jiekou: 全部kwargs参数信息 , {'fanhuijson': {'result_act': {'errors': {}, 'message': '资源不存在', 'code': '404'}, 'result': 404, 'code': 0}, 'asserqiwang': 'code=403'}
[2018-05-23 11:57:17.755000] INFO: jiekou: inputdata> 参数:{'password':'1244'}, url:http://sp.ejw.cn/crm/v1/partner/{partnerId}/rule ,返回:{'result': 401, 'code': 0},预期:code=403
[2018-05-23 11:57:17.756000] INFO: jiekou: 当前模块 断言测试结果
[2018-05-23 11:57:17.756000] INFO: jiekou: 全部args参数参数信息 , ()
[2018-05-23 11:57:17.756000] INFO: jiekou: 全部kwargs参数信息 , {'fanhuijson': {'result': 401, 'code': 0}, 'asserqiwang': 'code=403'}
[2018-05-23 11:57:17.780000] INFO: jiekou: inputdata> 参数:{'password':'1245'}, url:http://sp.ejw.cn/crm/v1/slclue/11 ,返回:{'result_act': {'errors': {}, 'message': '请求参数异常', 'code': '400'}, 'result': 400, 'code': 0},预期:code=403
[2018-05-23 11:57:17.781000] INFO: jiekou: 当前模块 断言测试结果
[2018-05-23 11:57:17.781000] INFO: jiekou: 全部args参数参数信息 , ()
[2018-05-23 11:57:17.781000] INFO: jiekou: 全部kwargs参数信息 , {'fanhuijson': {'result_act': {'errors': {}, 'message': '请求参数异常', 'code': '400'}, 'result': 400, 'code': 0}, 'asserqiwang': 'code=403'}
[2018-05-23 11:57:17.799000] INFO: jiekou: inputdata> 参数:{'password':'1246'}, url:http://sp.ejw.cn/crm/v1/slorder ,返回:{'result': 401, 'code': 0},预期:code=403
[2018-05-23 11:57:17.800000] INFO: jiekou: 当前模块 断言测试结果
[2018-05-23 11:57:17.801000] INFO: jiekou: 全部args参数参数信息 , ()
[2018-05-23 11:57:17.802000] INFO: jiekou: 全部kwargs参数信息 , {'fanhuijson': {'result': 401, 'code': 0}, 'asserqiwang': 'code=403'}
[2018-05-23 11:57:17.828000] INFO: jiekou: inputdata> 参数:{'password':'1247'}, url:http://sp.ejw.cn/crm/v1/slvisit/15 ,返回:{'result_act': {'errors': [], 'message': '不支持当前请求方法', 'code': 405}, 'result': 405, 'code': 0},预期:code=403
[2018-05-23 11:57:17.828000] INFO: jiekou: 当前模块 断言测试结果
[2018-05-23 11:57:17.829000] INFO: jiekou: 全部args参数参数信息 , ()
[2018-05-23 11:57:17.830000] INFO: jiekou: 全部kwargs参数信息 , {'fanhuijson': {'result_act': {'errors': [], 'message': '不支持当前请求方法', 'code': 405}, 'result': 405, 'code': 0}, 'asserqiwang': 'code=403'}
[2018-05-23 11:57:17.847000] INFO: jiekou: inputdata> 参数:{'password':'1248'}, url:http://sp.ejw.cn/crm/v1/slcustomers ,返回:{'result': 401, 'code': 0},预期:code=403
[2018-05-23 11:57:17.848000] INFO: jiekou: 当前模块 断言测试结果
[2018-05-23 11:57:17.849000] INFO: jiekou: 全部args参数参数信息 , ()
[2018-05-23 11:57:17.850000] INFO: jiekou: 全部kwargs参数信息 , {'fanhuijson': {'result': 401, 'code': 0}, 'asserqiwang': 'code=403'}
[2018-05-23 11:57:17.874000] INFO: jiekou: inputdata> 参数:{'password':'1249'}, url:http://sp.ejw.cn/crm/v1/partner/10/process/11/status ,返回:{'result_act': {'errors': [], 'message': '不支持当前请求方法', 'code': 405}, 'result': 405, 'code': 0},预期:code=403
[2018-05-23 11:57:17.874000] INFO: jiekou: 当前模块 断言测试结果
[2018-05-23 11:57:17.875000] INFO: jiekou: 全部args参数参数信息 , ()
[2018-05-23 11:57:17.876000] INFO: jiekou: 全部kwargs参数信息 , {'fanhuijson': {'result_act': {'errors': [], 'message': '不支持当前请求方法', 'code': 405}, 'result': 405, 'code': 0}, 'asserqiwang': 'code=403'}
[2018-05-23 11:57:17.910000] INFO: jiekou: inputdata> 参数:{'password':'1250'}, url:http://sp.ejw.cn/crm/v1/partner/11/targets/employee/11111 ,返回:{'result_act': {'errors': [], 'message': '不支持当前请求方法', 'code': 405}, 'result': 405, 'code': 0},预期:code=403
[2018-05-23 11:57:17.910000] INFO: jiekou: 当前模块 断言测试结果
[2018-05-23 11:57:17.911000] INFO: jiekou: 全部args参数参数信息 , ()
[2018-05-23 11:57:17.911000] INFO: jiekou: 全部kwargs参数信息 , {'fanhuijson': {'result_act': {'errors': [], 'message': '不支持当前请求方法', 'code': 405}, 'result': 405, 'code': 0}, 'asserqiwang': 'code=403'}
[2018-05-23 11:57:17.932000] INFO: jiekou: inputdata> 参数:{'password':'1251'}, url:http://sp.ejw.cn/crm/v1/mkplan/11/principal ,返回:{'result_act': {'errors': [], 'message': '不支持当前请求方法', 'code': 405}, 'result': 405, 'code': 0},预期:code=403
[2018-05-23 11:57:17.932000] INFO: jiekou: 当前模块 断言测试结果
[2018-05-23 11:57:17.933000] INFO: jiekou: 全部args参数参数信息 , ()
[2018-05-23 11:57:17.933000] INFO: jiekou: 全部kwargs参数信息 , {'fanhuijson': {'result_act': {'errors': [], 'message': '不支持当前请求方法', 'code': 405}, 'result': 405, 'code': 0}, 'asserqiwang': 'code=403'}
[2018-05-23 11:57:17.955000] INFO: jiekou: inputdata> 参数:{'password':'1252'}, url:http://sp.ejw.cn/crm/v1/ptcustomers ,返回:{'result_act': {'errors': {}, 'message': '资源不存在', 'code': '404'}, 'result': 404, 'code': 0},预期:code=403
[2018-05-23 11:57:17.955000] INFO: jiekou: 当前模块 断言测试结果
[2018-05-23 11:57:17.956000] INFO: jiekou: 全部args参数参数信息 , ()
[2018-05-23 11:57:17.956000] INFO: jiekou: 全部kwargs参数信息 , {'fanhuijson': {'result_act': {'errors': {}, 'message': '资源不存在', 'code': '404'}, 'result': 404, 'code': 0}, 'asserqiwang': 'code=403'}
[2018-05-23 11:57:17.978000] INFO: jiekou: inputdata> 参数:{'password':'1253'}, url:http://sp.ejw.cn/crm/v1/slvisit ,返回:{'result_act': {'errors': [], 'message': '不支持当前请求方法', 'code': 405}, 'result': 405, 'code': 0},预期:code=403
[2018-05-23 11:57:17.980000] INFO: jiekou: 当前模块 断言测试结果
[2018-05-23 11:57:17.981000] INFO: jiekou: 全部args参数参数信息 , ()
[2018-05-23 11:57:17.983000] INFO: jiekou: 全部kwargs参数信息 , {'fanhuijson': {'result_act': {'errors': [], 'message': '不支持当前请求方法', 'code': 405}, 'result': 405, 'code': 0}, 'asserqiwang': 'code=403'}
[2018-05-23 11:57:18.006000] INFO: jiekou: inputdata> 参数:{'password':'1254'}, url:http://sp.ejw.cn/crm/v1/partner/{partnerId}/rule/{ruleId} ,返回:{'result': 401, 'code': 0},预期:code=403
[2018-05-23 11:57:18.008000] INFO: jiekou: 当前模块 断言测试结果
[2018-05-23 11:57:18.009000] INFO: jiekou: 全部args参数参数信息 , ()
[2018-05-23 11:57:18.011000] INFO: jiekou: 全部kwargs参数信息 , {'fanhuijson': {'result': 401, 'code': 0}, 'asserqiwang': 'code=403'}
[2018-05-23 11:57:18.059000] INFO: jiekou: get请求出错，出错原因:No JSON object could be decoded
[2018-05-23 11:57:18.118000] INFO: jiekou: inputdata> 参数:{'password':'1256'}, url:http://sp.ejw.cn/crm/v1/slcustomers/distrib ,返回:{'result': 401, 'code': 0},预期:code=403
[2018-05-23 11:57:18.120000] INFO: jiekou: 当前模块 断言测试结果
[2018-05-23 11:57:18.122000] INFO: jiekou: 全部args参数参数信息 , ()
[2018-05-23 11:57:18.123000] INFO: jiekou: 全部kwargs参数信息 , {'fanhuijson': {'result': 401, 'code': 0}, 'asserqiwang': 'code=403'}
[2018-05-23 11:57:18.150000] INFO: jiekou: get请求出错，出错原因:No JSON object could be decoded
[2018-05-23 11:57:18.500000] INFO: jiekou: inputdata> 参数:{'password':'1258'}, url:http://sp.ejw.cn/crm/v1/mkplans-all ,返回:{'result_act': {'page': {'page': 1, 'totalCount': 123, 'prePage': 1, 'nextPage': 2, 'lastPage': False, 'firstPage': True, 'offset': 0, 'hasPrePage': False, 'hasNextPage': True, 'limit': 10, 'startRow': 1, 'endRow': 10, 'totalPages': 13}, 'data': [{'planType': 1, 'gmtModified': '2017-12-21T10:11:02+08:00', 'gmtCreate': '2017-12-20T11:09:42+08:00', 'files': [{'gmtModified': '2017-12-20T11:11:22+08:00', 'gmtCreate': '2017-12-20T11:11:22+08:00', 'mkType': 1, 'fileUrl': 'blob:http://sp.ejw.cn/32944854-20d5-4c01-868f-144cc57f7cca', 'fileName': 'CRM市场管理概要设计.docx', 'id': 3, 'mkId': 1}], 'planDate': '2017', 'planId': 1, 'content': '镜像有点问题，需要更新下：\ndocker.hnjing.com:5000/platform/sp              1.5.1', 'empModified': 1, 'empPrincipalDetail': {'depId': 164, 'empId': 1, 'depName': '技术中心', 'empName': '资质名称211'}, 'planParent': 0, 'status': 2, 'budgetMax': 5000.0, 'isPrincipal': 0, 'empCreate': 1, 'empPrincipal': 1, 'budgetMin': 126.0, 'partnerId': 1, 'planName': '我的年度计划'}, {'planType': 2, 'gmtModified': '2017-12-21T10:11:14+08:00', 'gmtCreate': '2017-12-20T11:10:35+08:00', 'files': [], 'planDate': '2017/3', 'planId': 3, 'content': '镜像有点问题，需要更新下：\ndocker.hnjing.com:5000/platform/sp              1.5.1', 'empModified': 1, 'empPrincipalDetail': {'depId': 164, 'empId': 1, 'depName': '技术中心', 'empName': '资质名称211'}, 'planParent': 1, 'status': 2, 'budgetMax': 1000.0, 'isPrincipal': 0, 'empCreate': 1, 'empPrincipal': 1, 'partnerId': 1, 'planName': '我的季度计划'}, {'planType': 3, 'gmtModified': '2017-12-21T10:12:00+08:00', 'gmtCreate': '2017-12-21T10:11:47+08:00', 'files': [], 'planDate': '2017/12', 'planId': 14, 'content': '有关联的市场计划（市场活动），不允许中止（作废）', 'empModified': 1, 'empPrincipalDetail': {'depId': 164, 'empId': 1, 'depName': '技术中心', 'empName': '资质名称211'}, 'planParent': 3, 'status': 5, 'budgetMax': 200.0, 'isPrincipal': 0, 'empCreate': 1, 'empPrincipal': 1, 'partnerId': 1, 'planName': '我的月度计划'}, {'planType': 1, 'gmtModified': '2017-12-20T11:31:39+08:00', 'gmtCreate': '2017-12-20T11:10:29+08:00', 'files': [], 'planDate': '2018', 'planId': 2, 'content': '市场管理是指企业对整个营销活动的管理，包括市场计划的拟定、市场活动制定活动方案的实施、获取资源的录入、数据分析，通过溯源帮助企业更好的优化市场营销策略，提高企业行业竞争力，获取更多的客户资源。市场管理是指企业对整个营销活动的管理，包括市场计划的拟定、市场活动制定活动方案的实施、获取资源的录入、数据分析，通过溯源帮助企业更好的优化市场营销策略，提高企业行业竞争力，获取更多的客户资源。市场管理是指企业对整个营销活动的管理，包括市场计划的拟定、市场活动制定活动方案的实施、获取资源的录入、数据分析，通过溯源帮助企业更好的优化市场营销策略，提高企业行业竞争力，获取更多的客户资源。市场管理是指企业对整个营销活动的管理，包括市场计划的拟定、市场活动制定活动方案的实施、获取资源的录入、数据分析，通过溯源帮助企业更好的优化市场营销策略，提高企业行业竞争力，获取更多的客户资源。市场管理是指企业对整个营销活动的管理，包括市场计划的拟定、市场活动制定活动方案的实施、获取资源的录入、数据分析，通过溯源帮助企业更好的优化市场营销策略，提高企业行业竞争力，获取更多的客户资源。00000000000000000000', 'empModified': 1450, 'empPrincipalDetail': {'depId': 162, 'empId': 1450, 'depName': '技术部', 'empName': '盛秀玲'}, 'planParent': 0, 'status': 2, 'budgetMax': 800000.0, 'isPrincipal': 0, 'empCreate': 1450, 'empPrincipal': 1450, 'budgetMin': 300000.0, 'partnerId': 190, 'planName': '市场计划--盛秀玲20171220001'}, {'planType': 2, 'gmtModified': '2017-12-21T09:26:11+08:00', 'gmtCreate': '2017-12-20T11:32:25+08:00', 'files': [], 'planDate': '2017/4', 'planId': 4, 'content': '市场管理是指企业对整个营销活动的管理，包括市场计划的拟定、市场活动制定活动方案的实施、获取资源的录入、数据分析，通过溯源帮助企业更好的优化市场营销策略，提高企业行业竞争力，获取更多的客户资源。市场管理是指企业对整个营销活动的管理，包括市场计划的拟定、市场活动制定活动方案的实施、获取资源的录入、数据分析，通过溯源帮助企业更好的优化市场营销策略，提高企业行业竞争力，获取更多的客户资源。市场管理是指企业对整个营销活动的管理，包括市场计划的拟定、市场活动制定活动方案的实施、获取资源的录入、数据分析，通过溯源帮助企业更好的优化市场营销策略，提高企业行业竞争力，获取更多的客户资源。市场管理是指企业对整个营销活动的管理，包括市场计划的拟定、市场活动制定活动方案的实施、获取资源的录入、数据分析，通过溯源帮助企业更好的优化市场营销策略，提高企业行业竞争力，获取更多的客户资源。', 'empModified': 1450, 'empPrincipalDetail': {'depId': 162, 'empId': 1450, 'depName': '技术部', 'empName': '盛秀玲'}, 'planParent': 2, 'status': 2, 'budgetMax': 50000.0, 'isPrincipal': 0, 'empCreate': 1450, 'empPrincipal': 1450, 'partnerId': 190, 'planName': '季度计划-盛秀玲01'}, {'planType': 3, 'gmtModified': '2017-12-20T11:33:55+08:00', 'gmtCreate': '2017-12-20T11:33:30+08:00', 'files': [], 'planDate': '2018/null', 'planId': 5, 'content': '市场管理是指企业对整个营销活动的管理，包括市场计划的拟定、市场活动制定活动方案的实施、获取资源的录入、数据分析，通过溯源帮助企业更好的优化市场营销策略，提高企业行业竞争力，获取更多的客户资源。市场管理是指企业对整个营销活动的管理，包括市场计划的拟定、市场活动制定活动方案的实施、获取资源的录入、数据分析，通过溯源帮助企业更好的优化市场营销策略，提高企业行业竞争力，获取更多的客户资源。市场管理是指企业对整个营销活动的管理，包括市场计划的拟定、市场活动制定活动方案的实施、获取资源的录入、数据分析，通过溯源帮助企业更好的优化市场营销策略，提高企业行业竞争力，获取更多的客户资源。市场管理是指企业对整个营销活动的管理，包括市场计划的拟定、市场活动制定活动方案的实施、获取资源的录入、数据分析，通过溯源帮助企业更好的优化市场营销策略，提高企业行业竞争力，获取更多的客户资源。', 'empModified': 1450, 'empPrincipalDetail': {'depId': 162, 'empId': 1450, 'depName': '技术部', 'empName': '盛秀玲'}, 'planParent': 4, 'status': 2, 'budgetMax': 30000.0, 'isPrincipal': 0, 'empCreate': 1450, 'empPrincipal': 1450, 'partnerId': 190, 'planName': '月度计划--盛秀玲01'}, {'planType': 3, 'gmtModified': '2017-12-21T14:04:40+08:00', 'gmtCreate': '2017-12-21T14:04:33+08:00', 'files': [{'gmtModified': '2017-12-21T14:04:40+08:00', 'gmtCreate': '2017-12-21T14:04:40+08:00', 'mkType': 1, 'fileUrl': 'blob:http://sp.ejw.cn/4e2b9013-4673-4d17-8fcc-1a486a1b5b97', 'fileName': '文档1.docx', 'id': 26, 'mkId': 21}], 'planDate': '2017/7', 'planId': 21, 'content': '测试计划测试计划测试计划测试计划测试计划测试计划测试计划测试计划测试计划测试计划测试计划测试计划测试计划测试计划测试计划测试计划测试计划测试计划测试计划测试计划测试计划测试计划测试计划测试计划测试计划测试计划测试计划测试计划测试计划测试计划测试计划测试计划测试计划测试计划测试计划测试计划测试计划测试计划测试计划测试计划测试计划测试计划测试计划测试计划测试计划测试计划测试计划测试计划测试计划测试计划测试计划测试计划测试计划测试计划测试计划测试计划测试计划测试计划测试计划测试计划测试计划测试计划测试计划测试计划测试计划测试计划测试计划测试计划测试计划测试计划测试计划测试计划测试计划测试计划测试计划测试计划测试计划测试计划测试计划测试计划测试计划测试计划测试计划测试计划测试计划测试计划测试计划测试计划测试计划测试计划测试计划测试计划测试计划测试计划测试计划测试计划测试计', 'empModified': 1468, 'empPrincipalDetail': {'depId': 162, 'empId': 1468, 'depName': '技术部', 'empName': '方欣测试'}, 'planParent': 4, 'status': 2, 'budgetMax': 224.0, 'isPrincipal': 0, 'empCreate': 1468, 'empPrincipal': 1468, 'partnerId': 190, 'planName': '测试计划名称'}, {'planType': 3, 'gmtModified': '2018-04-11T13:53:57+08:00', 'gmtCreate': '2018-04-11T13:53:57+08:00', 'files': [], 'planDate': '2018/4', 'planId': 90, 'content': '111', 'empModified': 1450, 'empPrincipalDetail': {'depId': 162, 'empId': 1450, 'depName': '技术部', 'empName': '盛秀玲'}, 'planParent': 4, 'status': 0, 'budgetMax': 400.0, 'isPrincipal': 0, 'empCreate': 1450, 'empPrincipal': 1450, 'partnerId': 190, 'planName': '盛秀玲1'}, {'planType': 2, 'gmtModified': '2018-01-06T13:50:24+08:00', 'gmtCreate': '2018-01-06T13:50:20+08:00', 'files': [{'gmtModified': '2018-01-06T13:50:20+08:00', 'gmtCreate': '2018-01-06T13:50:20+08:00', 'mkType': 1, 'fileUrl': 'https://bj.bcebos.com/v1/hnjing-test/6747581d92fe424ca380d8cecb2bedd3.docx', 'fileName': '服务商提交合同.docx', 'id': 60, 'mkId': 77}], 'planDate': '2018/2', 'planId': 77, 'content': '发版验证盛秀玲发版验证盛秀玲发版验证盛秀玲发版验证盛秀玲发版验证盛秀玲发版验证盛秀玲发版验证盛秀玲发版验证盛秀玲发版验证盛秀玲发版验证盛秀玲发版验证盛秀玲发版验证盛秀玲发版验证盛秀玲发版验证盛秀玲发版验证盛秀玲发版验证盛秀玲发版验证盛秀玲', 'empModified': 1450, 'empPrincipalDetail': {'depId': 162, 'empId': 1450, 'depName': '技术部', 'empName': '盛秀玲'}, 'planParent': 2, 'status': 2, 'budgetMax': 2000.0, 'isPrincipal': 0, 'empCreate': 1450, 'empPrincipal': 1450, 'partnerId': 190, 'planName': '发版验证盛秀玲'}, {'planType': 1, 'gmtModified': '2017-12-21T09:34:47+08:00', 'gmtCreate': '2017-12-20T11:35:37+08:00', 'files': [{'gmtModified': '2017-12-20T11:35:37+08:00', 'gmtCreate': '2017-12-20T11:35:37+08:00', 'mkType': 1, 'fileUrl': 'blob:http://sp.ejw.cn/ec108a85-14ae-4f1f-8498-011f2aad8d0b', 'fileName': '智营销产品授权协议.docx', 'id': 4, 'mkId': 6}], 'planDate': '2017', 'planId': 6, 'content': '测试', 'empModified': 1380, 'empPrincipalDetail': {'depId': 90, 'empId': 1380, 'depName': '研发中心', 'empName': '易舟波'}, 'planParent': 0, 'status': 3, 'budgetMax': 8000.0, 'isPrincipal': 0, 'empCreate': 1380, 'empPrincipal': 1380, 'budgetMin': 6000.0, 'partnerId': 2, 'planName': '2017年度测试计划'}]}, 'result': 200, 'code': 0},预期:code=403
[2018-05-23 11:57:18.503000] INFO: jiekou: 当前模块 断言测试结果
[2018-05-23 11:57:18.504000] INFO: jiekou: 全部args参数参数信息 , ()
[2018-05-23 11:57:18.505000] INFO: jiekou: 全部kwargs参数信息 , {'fanhuijson': {'result_act': {'page': {'page': 1, 'totalCount': 123, 'prePage': 1, 'nextPage': 2, 'lastPage': False, 'firstPage': True, 'offset': 0, 'hasPrePage': False, 'hasNextPage': True, 'limit': 10, 'startRow': 1, 'endRow': 10, 'totalPages': 13}, 'data': [{'planType': 1, 'gmtModified': '2017-12-21T10:11:02+08:00', 'gmtCreate': '2017-12-20T11:09:42+08:00', 'files': [{'gmtModified': '2017-12-20T11:11:22+08:00', 'gmtCreate': '2017-12-20T11:11:22+08:00', 'mkType': 1, 'fileUrl': 'blob:http://sp.ejw.cn/32944854-20d5-4c01-868f-144cc57f7cca', 'fileName': 'CRM市场管理概要设计.docx', 'id': 3, 'mkId': 1}], 'planDate': '2017', 'planId': 1, 'content': '镜像有点问题，需要更新下：\ndocker.hnjing.com:5000/platform/sp              1.5.1', 'empModified': 1, 'empPrincipalDetail': {'depId': 164, 'empId': 1, 'depName': '技术中心', 'empName': '资质名称211'}, 'planParent': 0, 'status': 2, 'budgetMax': 5000.0, 'isPrincipal': 0, 'empCreate': 1, 'empPrincipal': 1, 'budgetMin': 126.0, 'partnerId': 1, 'planName': '我的年度计划'}, {'planType': 2, 'gmtModified': '2017-12-21T10:11:14+08:00', 'gmtCreate': '2017-12-20T11:10:35+08:00', 'files': [], 'planDate': '2017/3', 'planId': 3, 'content': '镜像有点问题，需要更新下：\ndocker.hnjing.com:5000/platform/sp              1.5.1', 'empModified': 1, 'empPrincipalDetail': {'depId': 164, 'empId': 1, 'depName': '技术中心', 'empName': '资质名称211'}, 'planParent': 1, 'status': 2, 'budgetMax': 1000.0, 'isPrincipal': 0, 'empCreate': 1, 'empPrincipal': 1, 'partnerId': 1, 'planName': '我的季度计划'}, {'planType': 3, 'gmtModified': '2017-12-21T10:12:00+08:00', 'gmtCreate': '2017-12-21T10:11:47+08:00', 'files': [], 'planDate': '2017/12', 'planId': 14, 'content': '有关联的市场计划（市场活动），不允许中止（作废）', 'empModified': 1, 'empPrincipalDetail': {'depId': 164, 'empId': 1, 'depName': '技术中心', 'empName': '资质名称211'}, 'planParent': 3, 'status': 5, 'budgetMax': 200.0, 'isPrincipal': 0, 'empCreate': 1, 'empPrincipal': 1, 'partnerId': 1, 'planName': '我的月度计划'}, {'planType': 1, 'gmtModified': '2017-12-20T11:31:39+08:00', 'gmtCreate': '2017-12-20T11:10:29+08:00', 'files': [], 'planDate': '2018', 'planId': 2, 'content': '市场管理是指企业对整个营销活动的管理，包括市场计划的拟定、市场活动制定活动方案的实施、获取资源的录入、数据分析，通过溯源帮助企业更好的优化市场营销策略，提高企业行业竞争力，获取更多的客户资源。市场管理是指企业对整个营销活动的管理，包括市场计划的拟定、市场活动制定活动方案的实施、获取资源的录入、数据分析，通过溯源帮助企业更好的优化市场营销策略，提高企业行业竞争力，获取更多的客户资源。市场管理是指企业对整个营销活动的管理，包括市场计划的拟定、市场活动制定活动方案的实施、获取资源的录入、数据分析，通过溯源帮助企业更好的优化市场营销策略，提高企业行业竞争力，获取更多的客户资源。市场管理是指企业对整个营销活动的管理，包括市场计划的拟定、市场活动制定活动方案的实施、获取资源的录入、数据分析，通过溯源帮助企业更好的优化市场营销策略，提高企业行业竞争力，获取更多的客户资源。市场管理是指企业对整个营销活动的管理，包括市场计划的拟定、市场活动制定活动方案的实施、获取资源的录入、数据分析，通过溯源帮助企业更好的优化市场营销策略，提高企业行业竞争力，获取更多的客户资源。00000000000000000000', 'empModified': 1450, 'empPrincipalDetail': {'depId': 162, 'empId': 1450, 'depName': '技术部', 'empName': '盛秀玲'}, 'planParent': 0, 'status': 2, 'budgetMax': 800000.0, 'isPrincipal': 0, 'empCreate': 1450, 'empPrincipal': 1450, 'budgetMin': 300000.0, 'partnerId': 190, 'planName': '市场计划--盛秀玲20171220001'}, {'planType': 2, 'gmtModified': '2017-12-21T09:26:11+08:00', 'gmtCreate': '2017-12-20T11:32:25+08:00', 'files': [], 'planDate': '2017/4', 'planId': 4, 'content': '市场管理是指企业对整个营销活动的管理，包括市场计划的拟定、市场活动制定活动方案的实施、获取资源的录入、数据分析，通过溯源帮助企业更好的优化市场营销策略，提高企业行业竞争力，获取更多的客户资源。市场管理是指企业对整个营销活动的管理，包括市场计划的拟定、市场活动制定活动方案的实施、获取资源的录入、数据分析，通过溯源帮助企业更好的优化市场营销策略，提高企业行业竞争力，获取更多的客户资源。市场管理是指企业对整个营销活动的管理，包括市场计划的拟定、市场活动制定活动方案的实施、获取资源的录入、数据分析，通过溯源帮助企业更好的优化市场营销策略，提高企业行业竞争力，获取更多的客户资源。市场管理是指企业对整个营销活动的管理，包括市场计划的拟定、市场活动制定活动方案的实施、获取资源的录入、数据分析，通过溯源帮助企业更好的优化市场营销策略，提高企业行业竞争力，获取更多的客户资源。', 'empModified': 1450, 'empPrincipalDetail': {'depId': 162, 'empId': 1450, 'depName': '技术部', 'empName': '盛秀玲'}, 'planParent': 2, 'status': 2, 'budgetMax': 50000.0, 'isPrincipal': 0, 'empCreate': 1450, 'empPrincipal': 1450, 'partnerId': 190, 'planName': '季度计划-盛秀玲01'}, {'planType': 3, 'gmtModified': '2017-12-20T11:33:55+08:00', 'gmtCreate': '2017-12-20T11:33:30+08:00', 'files': [], 'planDate': '2018/null', 'planId': 5, 'content': '市场管理是指企业对整个营销活动的管理，包括市场计划的拟定、市场活动制定活动方案的实施、获取资源的录入、数据分析，通过溯源帮助企业更好的优化市场营销策略，提高企业行业竞争力，获取更多的客户资源。市场管理是指企业对整个营销活动的管理，包括市场计划的拟定、市场活动制定活动方案的实施、获取资源的录入、数据分析，通过溯源帮助企业更好的优化市场营销策略，提高企业行业竞争力，获取更多的客户资源。市场管理是指企业对整个营销活动的管理，包括市场计划的拟定、市场活动制定活动方案的实施、获取资源的录入、数据分析，通过溯源帮助企业更好的优化市场营销策略，提高企业行业竞争力，获取更多的客户资源。市场管理是指企业对整个营销活动的管理，包括市场计划的拟定、市场活动制定活动方案的实施、获取资源的录入、数据分析，通过溯源帮助企业更好的优化市场营销策略，提高企业行业竞争力，获取更多的客户资源。', 'empModified': 1450, 'empPrincipalDetail': {'depId': 162, 'empId': 1450, 'depName': '技术部', 'empName': '盛秀玲'}, 'planParent': 4, 'status': 2, 'budgetMax': 30000.0, 'isPrincipal': 0, 'empCreate': 1450, 'empPrincipal': 1450, 'partnerId': 190, 'planName': '月度计划--盛秀玲01'}, {'planType': 3, 'gmtModified': '2017-12-21T14:04:40+08:00', 'gmtCreate': '2017-12-21T14:04:33+08:00', 'files': [{'gmtModified': '2017-12-21T14:04:40+08:00', 'gmtCreate': '2017-12-21T14:04:40+08:00', 'mkType': 1, 'fileUrl': 'blob:http://sp.ejw.cn/4e2b9013-4673-4d17-8fcc-1a486a1b5b97', 'fileName': '文档1.docx', 'id': 26, 'mkId': 21}], 'planDate': '2017/7', 'planId': 21, 'content': '测试计划测试计划测试计划测试计划测试计划测试计划测试计划测试计划测试计划测试计划测试计划测试计划测试计划测试计划测试计划测试计划测试计划测试计划测试计划测试计划测试计划测试计划测试计划测试计划测试计划测试计划测试计划测试计划测试计划测试计划测试计划测试计划测试计划测试计划测试计划测试计划测试计划测试计划测试计划测试计划测试计划测试计划测试计划测试计划测试计划测试计划测试计划测试计划测试计划测试计划测试计划测试计划测试计划测试计划测试计划测试计划测试计划测试计划测试计划测试计划测试计划测试计划测试计划测试计划测试计划测试计划测试计划测试计划测试计划测试计划测试计划测试计划测试计划测试计划测试计划测试计划测试计划测试计划测试计划测试计划测试计划测试计划测试计划测试计划测试计划测试计划测试计划测试计划测试计划测试计划测试计划测试计划测试计划测试计划测试计划测试计划测试计', 'empModified': 1468, 'empPrincipalDetail': {'depId': 162, 'empId': 1468, 'depName': '技术部', 'empName': '方欣测试'}, 'planParent': 4, 'status': 2, 'budgetMax': 224.0, 'isPrincipal': 0, 'empCreate': 1468, 'empPrincipal': 1468, 'partnerId': 190, 'planName': '测试计划名称'}, {'planType': 3, 'gmtModified': '2018-04-11T13:53:57+08:00', 'gmtCreate': '2018-04-11T13:53:57+08:00', 'files': [], 'planDate': '2018/4', 'planId': 90, 'content': '111', 'empModified': 1450, 'empPrincipalDetail': {'depId': 162, 'empId': 1450, 'depName': '技术部', 'empName': '盛秀玲'}, 'planParent': 4, 'status': 0, 'budgetMax': 400.0, 'isPrincipal': 0, 'empCreate': 1450, 'empPrincipal': 1450, 'partnerId': 190, 'planName': '盛秀玲1'}, {'planType': 2, 'gmtModified': '2018-01-06T13:50:24+08:00', 'gmtCreate': '2018-01-06T13:50:20+08:00', 'files': [{'gmtModified': '2018-01-06T13:50:20+08:00', 'gmtCreate': '2018-01-06T13:50:20+08:00', 'mkType': 1, 'fileUrl': 'https://bj.bcebos.com/v1/hnjing-test/6747581d92fe424ca380d8cecb2bedd3.docx', 'fileName': '服务商提交合同.docx', 'id': 60, 'mkId': 77}], 'planDate': '2018/2', 'planId': 77, 'content': '发版验证盛秀玲发版验证盛秀玲发版验证盛秀玲发版验证盛秀玲发版验证盛秀玲发版验证盛秀玲发版验证盛秀玲发版验证盛秀玲发版验证盛秀玲发版验证盛秀玲发版验证盛秀玲发版验证盛秀玲发版验证盛秀玲发版验证盛秀玲发版验证盛秀玲发版验证盛秀玲发版验证盛秀玲', 'empModified': 1450, 'empPrincipalDetail': {'depId': 162, 'empId': 1450, 'depName': '技术部', 'empName': '盛秀玲'}, 'planParent': 2, 'status': 2, 'budgetMax': 2000.0, 'isPrincipal': 0, 'empCreate': 1450, 'empPrincipal': 1450, 'partnerId': 190, 'planName': '发版验证盛秀玲'}, {'planType': 1, 'gmtModified': '2017-12-21T09:34:47+08:00', 'gmtCreate': '2017-12-20T11:35:37+08:00', 'files': [{'gmtModified': '2017-12-20T11:35:37+08:00', 'gmtCreate': '2017-12-20T11:35:37+08:00', 'mkType': 1, 'fileUrl': 'blob:http://sp.ejw.cn/ec108a85-14ae-4f1f-8498-011f2aad8d0b', 'fileName': '智营销产品授权协议.docx', 'id': 4, 'mkId': 6}], 'planDate': '2017', 'planId': 6, 'content': '测试', 'empModified': 1380, 'empPrincipalDetail': {'depId': 90, 'empId': 1380, 'depName': '研发中心', 'empName': '易舟波'}, 'planParent': 0, 'status': 3, 'budgetMax': 8000.0, 'isPrincipal': 0, 'empCreate': 1380, 'empPrincipal': 1380, 'budgetMin': 6000.0, 'partnerId': 2, 'planName': '2017年度测试计划'}]}, 'result': 200, 'code': 0}, 'asserqiwang': 'code=403'}
[2018-05-23 11:57:18.635000] INFO: jiekou: inputdata> 参数:{'password':'1259'}, url:http://sp.ejw.cn/crm/v1/mkschemes-all ,返回:{'result_act': {'page': {'page': 1, 'totalCount': 89, 'prePage': 1, 'nextPage': 2, 'lastPage': False, 'firstPage': True, 'offset': 0, 'hasPrePage': False, 'hasNextPage': True, 'limit': 10, 'startRow': 1, 'endRow': 10, 'totalPages': 9}, 'data': [{'gmtModified': '2017-12-20T16:14:53+08:00', 'gmtCreate': '2017-12-20T16:14:53+08:00', 'files': [], 'status': 0, 'projectId': 7, 'content': '贺志华创建活动方案1贺志华创建活动方案1贺志华创建活动方案1贺志华创建活动方案1贺志华创建活动方案1贺志华创建活动方案1贺志华创建活动方案1贺志华创建活动方案1贺志华创建活动方案1贺志华创建活动方案1', 'empPrincipalDetail': {'depId': 189, 'empId': 1453, 'depName': '测试部', 'empName': '贺志华'}, 'empModified': 1453, 'themeName': '贺志华创建', 'isVerifier': 0, 'empCreate': 1453, 'themeUrl': '贺志华创建活动方案1贺志华创建活动方案1贺志华创建活动方案1贺志华创建活动方案1贺志华创建活动方案1贺志华创建活动方案1贺志华创建活动方案1贺志华创建活动方案1贺志华创建活动方案1贺志华创建活动方案1', 'themeId': 132, 'expectPerson': 5, 'budget': 1000.0, 'beginDate': '2018-01-01T00:00:00+08:00', 'urlId': 166, 'schemeName': '贺志华创建活动方案1', 'endDate': '2018-01-15T00:00:00+08:00', 'isPrincipal': 0, 'schemeId': 1, 'empPrincipal': 1453, 'partnerId': 190}, {'gmtModified': '2017-12-20T16:23:56+08:00', 'gmtCreate': '2017-12-20T16:21:56+08:00', 'files': [], 'status': 10, 'projectId': 7, 'content': '贺志华创建活动方案1贺志华创建活动方案1贺志华创建活动方案1贺志华创建活动方案1贺志华创建活动方案1贺志华创建活动方案1贺志华创建活动方案1贺志华创建活动方案1贺志华创建活动方案1贺志华创建活动方案1', 'empPrincipalDetail': {'depId': 189, 'empId': 1453, 'depName': '测试部', 'empName': '贺志华'}, 'empModified': 1453, 'themeName': '贺志华创建', 'isVerifier': 0, 'empCreate': 1453, 'themeUrl': 'http://baidu.com', 'themeId': 135, 'expectPerson': 5, 'budget': 1000.0, 'beginDate': '2018-01-01T00:00:00+08:00', 'urlId': 169, 'schemeName': '贺志华创建活动方案11', 'endDate': '2018-01-15T00:00:00+08:00', 'isPrincipal': 0, 'schemeId': 2, 'empPrincipal': 1453, 'partnerId': 190}, {'gmtModified': '2017-12-20T17:06:16+08:00', 'gmtCreate': '2017-12-20T16:52:27+08:00', 'files': [{'gmtModified': '2017-12-20T16:53:29+08:00', 'gmtCreate': '2017-12-20T16:53:29+08:00', 'mkType': 3, 'fileUrl': 'blob:http://sp.ejw.cn/82f6e9f6-936d-40f9-a06c-f0a5b3d017bf', 'fileName': 'CRM市场管理概要设计.docx', 'id': 15, 'mkId': 3}], 'status': 4, 'projectId': 9, 'content': '贺志华创建活动方案-001贺志华创建活动方案-001贺志华创建活动方案-001贺志华创建活动方案-001贺志华创建活动方案-001贺志华创建活动方案-001贺志华创建活动方案-001贺志华创建活动方案-001贺志华创建活动方案-001贺志华创建活动方案-001贺志华创建活动方案-001', 'empPrincipalDetail': {'depId': 189, 'empId': 1453, 'depName': '测试部', 'empName': '贺志华'}, 'empModified': 1453, 'themeName': '贺志华创建活动方案-001', 'isVerifier': 0, 'empCreate': 1453, 'themeUrl': 'http://baidu.com', 'themeId': 136, 'expectPerson': 5, 'budget': 12000.0, 'beginDate': '2018-01-01T00:00:00+08:00', 'urlId': 170, 'schemeName': '贺志华创建活动方案-001', 'endDate': '2018-01-15T00:00:00+08:00', 'isPrincipal': 0, 'schemeId': 3, 'empPrincipal': 1453, 'partnerId': 190}, {'gmtModified': '2017-12-20T17:34:05+08:00', 'gmtCreate': '2017-12-20T17:20:32+08:00', 'files': [], 'status': 3, 'projectId': 9, 'content': 'http://t.xmfshow.com/h5http://t.xmfshow.com/h5http://t.xmfshow.com/h5http://t.xmfshow.com/h5http://t.xmfshow.com/h5http://t.xmfshow.com/h5http://t.xmfshow.com/h5', 'empPrincipalDetail': {'empId': 1466}, 'empModified': 1453, 'themeName': '活动明细怎么填', 'isVerifier': 0, 'empCreate': 1453, 'themeUrl': 'http://t.xmfshow.com/h5', 'themeId': 138, 'expectPerson': 3, 'budget': 223.0, 'beginDate': '2017-12-19T00:00:00+08:00', 'urlId': 172, 'schemeName': '12月活动计划（贺志华创建）', 'endDate': '2017-12-25T00:00:00+08:00', 'isPrincipal': 0, 'schemeId': 4, 'empPrincipal': 1466, 'partnerId': 190}, {'gmtModified': '2017-12-21T10:24:15+08:00', 'gmtCreate': '2017-12-21T09:54:39+08:00', 'files': [], 'status': 11, 'projectId': 9, 'content': 'a)默认按活动方案创建时间倒序排序；\nb)新建方案：点击“新建方案”进入“新建方案”页面，用【*】标注的字段为必填字段，必填字段填写不完整不许提交，正确填写信息后点击【提交】按钮即完成活动方案的新增；\nc)作废：\n\uf06e操作功能按键，作废的活动方案；\n\uf06e“已中止”及“审核未通过”状态下的活动方可进行作废操作；\n\uf06e作废后状态变更为“已作废”；\nd)中止： 操作功能按键，中止正在进行中的市场活动，操作成功后活动方案状态变更为“已中止”；\ne)启动：操作功能按键，启动“审核通过的”和“已中止”的市场活动，状态变更为“进行中”；\nf)传播内容：传播内容包含两要素“内容主题”、“URL”可手动输入，也可通过接口调取从ECM“内容集市”中选择已有内容（二期），一个活动方案对应一个传播内容，一个传播内容对应一个URL；', 'empPrincipalDetail': {'depId': 162, 'empId': 1452, 'depName': '技术部', 'empName': '林姝'}, 'empModified': 1452, 'themeName': '林姝创建活动方案001', 'isVerifier': 0, 'empCreate': 1452, 'themeUrl': 'http://t.xmfshow.com/h5', 'themeId': 139, 'expectPerson': 6, 'budget': 2777.0, 'beginDate': '2017-12-21T00:00:00+08:00', 'urlId': 173, 'schemeName': '林姝创建活动方案001', 'endDate': '2017-12-31T00:00:00+08:00', 'isPrincipal': 0, 'schemeId': 5, 'empPrincipal': 1452, 'partnerId': 190}, {'gmtModified': '2017-12-21T11:00:01+08:00', 'gmtCreate': '2017-12-21T10:20:54+08:00', 'files': [], 'status': 10, 'projectId': 7, 'content': 'http://t.xmfshow.com/h5/v-4TV6e2Ehttp://t.xmfshow.com/h5/v-4TV6e2Ehttp://t.xmfshow.com/h5/v-4TV6e2Ehttp://t.xmfshow.com/h5/v-4TV6e2Ehttp://t.xmfshow.com/h5/v-4TV6e2Ehttp://t.xmfshow.com/h5/v-4TV6e2Ehttp://t.xmfshow.com/h5/v-4TV6e2Ehttp://t.xmfshow.com/h5/v-4TV6e2Ehttp://t.xmfshow.com/h5/v-4TV6e2Ehttp://t.xmfshow.com/h5/v-4TV6e2Ehttp://t.xmfshow.com/h5/v-4TV6e2Ehttp://t.xmfshow.com/h5/v-4TV6e2Ehttp://t.xmfshow.com/h5/v-4TV6e2E', 'empPrincipalDetail': {'depId': 162, 'empId': 1452, 'depName': '技术部', 'empName': '林姝'}, 'empModified': 1452, 'themeName': '活动宣传', 'isVerifier': 0, 'empCreate': 1452, 'themeUrl': 'http://t.xmfshow.com/h5/v-4TV6e2E', 'themeId': 141, 'expectPerson': 12, 'budget': 12000.0, 'beginDate': '2017-12-21T00:00:00+08:00', 'urlId': 175, 'schemeName': '林姝创建活动方案002', 'endDate': '2017-12-25T00:00:00+08:00', 'isPrincipal': 0, 'schemeId': 6, 'empPrincipal': 1452, 'partnerId': 190}, {'gmtModified': '2017-12-21T11:25:58+08:00', 'gmtCreate': '2017-12-21T10:35:52+08:00', 'files': [], 'status': 4, 'projectId': 1, 'content': '内容主题内容主题内容主题\n内容主题内容主题\n内容主题\n内', 'empPrincipalDetail': {'depId': 164, 'empId': 1, 'depName': '技术中心', 'empName': '资质名称211'}, 'empModified': 1, 'themeName': '内容主题内容主题内容主题内容主题', 'isVerifier': 0, 'empCreate': 1, 'themeUrl': 'http://a.com', 'themeId': 146, 'expectPerson': 50, 'budget': 250.0, 'beginDate': '2017-12-21T00:00:00+08:00', 'urlId': 180, 'schemeName': '我的方案', 'endDate': '2017-12-23T00:00:00+08:00', 'isPrincipal': 0, 'schemeId': 7, 'empPrincipal': 1, 'partnerId': 1}, {'gmtModified': '2017-12-21T11:26:33+08:00', 'gmtCreate': '2017-12-21T11:26:33+08:00', 'files': [], 'status': 0, 'projectId': 1, 'content': '方案说明方案说明\n方案说明\n', 'empPrincipalDetail': {'depId': 164, 'empId': 1, 'depName': '技术中心', 'empName': '资质名称211'}, 'empModified': 1, 'themeName': '内容主题内容主题', 'isVerifier': 0, 'empCreate': 1, 'themeUrl': 'http://www.baidu.com', 'themeId': 149, 'expectPerson': 1, 'budget': 200.0, 'beginDate': '2017-12-21T00:00:00+08:00', 'urlId': 183, 'schemeName': '我的方案2', 'endDate': '2017-12-31T00:00:00+08:00', 'isPrincipal': 0, 'schemeId': 8, 'empPrincipal': 1, 'partnerId': 1}, {'gmtModified': '2017-12-21T11:43:34+08:00', 'gmtCreate': '2017-12-21T11:31:27+08:00', 'files': [{'gmtModified': '2017-12-21T11:31:27+08:00', 'gmtCreate': '2017-12-21T11:31:27+08:00', 'mkType': 3, 'fileUrl': 'blob:http://sp.ejw.cn/07cefcd8-6658-4dba-9e57-f84312a73448', 'fileName': 'CRM营销管理_测试计划.xlsx', 'id': 21, 'mkId': 9}], 'status': 10, 'projectId': 7, 'content': 'http://t.xmfshow.com/h5/v-4TV6e2Ehttp://t.xmfshow.com/h5/v-4TV6e2Ehttp://t.xmfshow.com/h5/v-4TV6e2Ehttp://t.xmfshow.com/h5/v-4TV6e2Ehttp://t.xmfshow.com/h5/v-4TV6e2Ehttp://t.xmfshow.com/h5/v-4TV6e2Ehttp://t.xmfshow.com/h5/v-4TV6e2Ehttp://t.xmfshow.com/h5/v-4TV6e2Ehttp://t.xmfshow.com/h5/v-4TV6e2E', 'empPrincipalDetail': {'depId': 162, 'empId': 1452, 'depName': '技术部', 'empName': '林姝'}, 'empModified': 1452, 'themeName': '一号店', 'isVerifier': 0, 'empCreate': 1452, 'themeUrl': 'http://t.xmfshow.com/h5/v-4TV6e2E', 'themeId': 150, 'expectPerson': 1, 'budget': 200.0, 'beginDate': '2017-12-20T00:00:00+08:00', 'urlId': 184, 'schemeName': '林姝创建活动方案003', 'endDate': '2017-12-25T00:00:00+08:00', 'isPrincipal': 0, 'schemeId': 9, 'empPrincipal': 1452, 'partnerId': 190}, {'gmtModified': '2017-12-21T17:09:19+08:00', 'gmtCreate': '2017-12-21T14:42:58+08:00', 'files': [], 'status': 11, 'projectId': 5, 'content': 'http://t.xmfshow.com/h5/v-4TV6e2Ehttp://t.xmfshow.com/h5/v-4TV6e2Ehttp://t.xmfshow.com/h5/v-4TV6e2Ehttp://t.xmfshow.com/h5/v-4TV6e2Ehttp://t.xmfshow.com/h5/v-4TV6e2Ehttp://t.xmfshow.com/h5/v-4TV6e2Ehttp://t.xmfshow.com/h5/v-4TV6e2Ehttp://t.xmfshow.com/h5/v-4TV6e2Ehttp://t.xmfshow.com/h5/v-4TV6e2Ehttp://t.xmfshow.com/h5/v-4TV6e2Ehttp://t.xmfshow.com/h5/v-4TV6e2Ehttp://t.xmfshow.com/h5/v-4TV6e2Ehttp://t.xmfshow.com/h5/v-4TV6e2Ehttp://t.xmfshow.com/h5/v-4TV6e2Ehttp://t.xmfshow.com/h5/v-4TV6e2E22222', 'empPrincipalDetail': {'depId': 165, 'empId': 1469, 'depName': '销售部', 'empName': '销售部员工2'}, 'empModified': 1469, 'themeName': '销售部创建活动方案-销售部员工1销售部3', 'isVerifier': 0, 'empCreate': 1469, 'themeUrl': 'http://www.dongdao.net/', 'themeId': 153, 'expectPerson': 2, 'budget': 200.0, 'beginDate': '2017-12-21T00:00:00+08:00', 'urlId': 187, 'schemeName': '销售部创建活动方案-销售部员工1销售部3', 'endDate': '2017-12-25T00:00:00+08:00', 'isPrincipal': 0, 'schemeId': 10, 'empPrincipal': 1469, 'partnerId': 190}]}, 'result': 200, 'code': 0},预期:code=403
[2018-05-23 11:57:18.640000] INFO: jiekou: 当前模块 断言测试结果
[2018-05-23 11:57:18.642000] INFO: jiekou: 全部args参数参数信息 , ()
[2018-05-23 11:57:18.645000] INFO: jiekou: 全部kwargs参数信息 , {'fanhuijson': {'result_act': {'page': {'page': 1, 'totalCount': 89, 'prePage': 1, 'nextPage': 2, 'lastPage': False, 'firstPage': True, 'offset': 0, 'hasPrePage': False, 'hasNextPage': True, 'limit': 10, 'startRow': 1, 'endRow': 10, 'totalPages': 9}, 'data': [{'gmtModified': '2017-12-20T16:14:53+08:00', 'gmtCreate': '2017-12-20T16:14:53+08:00', 'files': [], 'status': 0, 'projectId': 7, 'content': '贺志华创建活动方案1贺志华创建活动方案1贺志华创建活动方案1贺志华创建活动方案1贺志华创建活动方案1贺志华创建活动方案1贺志华创建活动方案1贺志华创建活动方案1贺志华创建活动方案1贺志华创建活动方案1', 'empPrincipalDetail': {'depId': 189, 'empId': 1453, 'depName': '测试部', 'empName': '贺志华'}, 'empModified': 1453, 'themeName': '贺志华创建', 'isVerifier': 0, 'empCreate': 1453, 'themeUrl': '贺志华创建活动方案1贺志华创建活动方案1贺志华创建活动方案1贺志华创建活动方案1贺志华创建活动方案1贺志华创建活动方案1贺志华创建活动方案1贺志华创建活动方案1贺志华创建活动方案1贺志华创建活动方案1', 'themeId': 132, 'expectPerson': 5, 'budget': 1000.0, 'beginDate': '2018-01-01T00:00:00+08:00', 'urlId': 166, 'schemeName': '贺志华创建活动方案1', 'endDate': '2018-01-15T00:00:00+08:00', 'isPrincipal': 0, 'schemeId': 1, 'empPrincipal': 1453, 'partnerId': 190}, {'gmtModified': '2017-12-20T16:23:56+08:00', 'gmtCreate': '2017-12-20T16:21:56+08:00', 'files': [], 'status': 10, 'projectId': 7, 'content': '贺志华创建活动方案1贺志华创建活动方案1贺志华创建活动方案1贺志华创建活动方案1贺志华创建活动方案1贺志华创建活动方案1贺志华创建活动方案1贺志华创建活动方案1贺志华创建活动方案1贺志华创建活动方案1', 'empPrincipalDetail': {'depId': 189, 'empId': 1453, 'depName': '测试部', 'empName': '贺志华'}, 'empModified': 1453, 'themeName': '贺志华创建', 'isVerifier': 0, 'empCreate': 1453, 'themeUrl': 'http://baidu.com', 'themeId': 135, 'expectPerson': 5, 'budget': 1000.0, 'beginDate': '2018-01-01T00:00:00+08:00', 'urlId': 169, 'schemeName': '贺志华创建活动方案11', 'endDate': '2018-01-15T00:00:00+08:00', 'isPrincipal': 0, 'schemeId': 2, 'empPrincipal': 1453, 'partnerId': 190}, {'gmtModified': '2017-12-20T17:06:16+08:00', 'gmtCreate': '2017-12-20T16:52:27+08:00', 'files': [{'gmtModified': '2017-12-20T16:53:29+08:00', 'gmtCreate': '2017-12-20T16:53:29+08:00', 'mkType': 3, 'fileUrl': 'blob:http://sp.ejw.cn/82f6e9f6-936d-40f9-a06c-f0a5b3d017bf', 'fileName': 'CRM市场管理概要设计.docx', 'id': 15, 'mkId': 3}], 'status': 4, 'projectId': 9, 'content': '贺志华创建活动方案-001贺志华创建活动方案-001贺志华创建活动方案-001贺志华创建活动方案-001贺志华创建活动方案-001贺志华创建活动方案-001贺志华创建活动方案-001贺志华创建活动方案-001贺志华创建活动方案-001贺志华创建活动方案-001贺志华创建活动方案-001', 'empPrincipalDetail': {'depId': 189, 'empId': 1453, 'depName': '测试部', 'empName': '贺志华'}, 'empModified': 1453, 'themeName': '贺志华创建活动方案-001', 'isVerifier': 0, 'empCreate': 1453, 'themeUrl': 'http://baidu.com', 'themeId': 136, 'expectPerson': 5, 'budget': 12000.0, 'beginDate': '2018-01-01T00:00:00+08:00', 'urlId': 170, 'schemeName': '贺志华创建活动方案-001', 'endDate': '2018-01-15T00:00:00+08:00', 'isPrincipal': 0, 'schemeId': 3, 'empPrincipal': 1453, 'partnerId': 190}, {'gmtModified': '2017-12-20T17:34:05+08:00', 'gmtCreate': '2017-12-20T17:20:32+08:00', 'files': [], 'status': 3, 'projectId': 9, 'content': 'http://t.xmfshow.com/h5http://t.xmfshow.com/h5http://t.xmfshow.com/h5http://t.xmfshow.com/h5http://t.xmfshow.com/h5http://t.xmfshow.com/h5http://t.xmfshow.com/h5', 'empPrincipalDetail': {'empId': 1466}, 'empModified': 1453, 'themeName': '活动明细怎么填', 'isVerifier': 0, 'empCreate': 1453, 'themeUrl': 'http://t.xmfshow.com/h5', 'themeId': 138, 'expectPerson': 3, 'budget': 223.0, 'beginDate': '2017-12-19T00:00:00+08:00', 'urlId': 172, 'schemeName': '12月活动计划（贺志华创建）', 'endDate': '2017-12-25T00:00:00+08:00', 'isPrincipal': 0, 'schemeId': 4, 'empPrincipal': 1466, 'partnerId': 190}, {'gmtModified': '2017-12-21T10:24:15+08:00', 'gmtCreate': '2017-12-21T09:54:39+08:00', 'files': [], 'status': 11, 'projectId': 9, 'content': 'a)默认按活动方案创建时间倒序排序；\nb)新建方案：点击“新建方案”进入“新建方案”页面，用【*】标注的字段为必填字段，必填字段填写不完整不许提交，正确填写信息后点击【提交】按钮即完成活动方案的新增；\nc)作废：\n\uf06e操作功能按键，作废的活动方案；\n\uf06e“已中止”及“审核未通过”状态下的活动方可进行作废操作；\n\uf06e作废后状态变更为“已作废”；\nd)中止： 操作功能按键，中止正在进行中的市场活动，操作成功后活动方案状态变更为“已中止”；\ne)启动：操作功能按键，启动“审核通过的”和“已中止”的市场活动，状态变更为“进行中”；\nf)传播内容：传播内容包含两要素“内容主题”、“URL”可手动输入，也可通过接口调取从ECM“内容集市”中选择已有内容（二期），一个活动方案对应一个传播内容，一个传播内容对应一个URL；', 'empPrincipalDetail': {'depId': 162, 'empId': 1452, 'depName': '技术部', 'empName': '林姝'}, 'empModified': 1452, 'themeName': '林姝创建活动方案001', 'isVerifier': 0, 'empCreate': 1452, 'themeUrl': 'http://t.xmfshow.com/h5', 'themeId': 139, 'expectPerson': 6, 'budget': 2777.0, 'beginDate': '2017-12-21T00:00:00+08:00', 'urlId': 173, 'schemeName': '林姝创建活动方案001', 'endDate': '2017-12-31T00:00:00+08:00', 'isPrincipal': 0, 'schemeId': 5, 'empPrincipal': 1452, 'partnerId': 190}, {'gmtModified': '2017-12-21T11:00:01+08:00', 'gmtCreate': '2017-12-21T10:20:54+08:00', 'files': [], 'status': 10, 'projectId': 7, 'content': 'http://t.xmfshow.com/h5/v-4TV6e2Ehttp://t.xmfshow.com/h5/v-4TV6e2Ehttp://t.xmfshow.com/h5/v-4TV6e2Ehttp://t.xmfshow.com/h5/v-4TV6e2Ehttp://t.xmfshow.com/h5/v-4TV6e2Ehttp://t.xmfshow.com/h5/v-4TV6e2Ehttp://t.xmfshow.com/h5/v-4TV6e2Ehttp://t.xmfshow.com/h5/v-4TV6e2Ehttp://t.xmfshow.com/h5/v-4TV6e2Ehttp://t.xmfshow.com/h5/v-4TV6e2Ehttp://t.xmfshow.com/h5/v-4TV6e2Ehttp://t.xmfshow.com/h5/v-4TV6e2Ehttp://t.xmfshow.com/h5/v-4TV6e2E', 'empPrincipalDetail': {'depId': 162, 'empId': 1452, 'depName': '技术部', 'empName': '林姝'}, 'empModified': 1452, 'themeName': '活动宣传', 'isVerifier': 0, 'empCreate': 1452, 'themeUrl': 'http://t.xmfshow.com/h5/v-4TV6e2E', 'themeId': 141, 'expectPerson': 12, 'budget': 12000.0, 'beginDate': '2017-12-21T00:00:00+08:00', 'urlId': 175, 'schemeName': '林姝创建活动方案002', 'endDate': '2017-12-25T00:00:00+08:00', 'isPrincipal': 0, 'schemeId': 6, 'empPrincipal': 1452, 'partnerId': 190}, {'gmtModified': '2017-12-21T11:25:58+08:00', 'gmtCreate': '2017-12-21T10:35:52+08:00', 'files': [], 'status': 4, 'projectId': 1, 'content': '内容主题内容主题内容主题\n内容主题内容主题\n内容主题\n内', 'empPrincipalDetail': {'depId': 164, 'empId': 1, 'depName': '技术中心', 'empName': '资质名称211'}, 'empModified': 1, 'themeName': '内容主题内容主题内容主题内容主题', 'isVerifier': 0, 'empCreate': 1, 'themeUrl': 'http://a.com', 'themeId': 146, 'expectPerson': 50, 'budget': 250.0, 'beginDate': '2017-12-21T00:00:00+08:00', 'urlId': 180, 'schemeName': '我的方案', 'endDate': '2017-12-23T00:00:00+08:00', 'isPrincipal': 0, 'schemeId': 7, 'empPrincipal': 1, 'partnerId': 1}, {'gmtModified': '2017-12-21T11:26:33+08:00', 'gmtCreate': '2017-12-21T11:26:33+08:00', 'files': [], 'status': 0, 'projectId': 1, 'content': '方案说明方案说明\n方案说明\n', 'empPrincipalDetail': {'depId': 164, 'empId': 1, 'depName': '技术中心', 'empName': '资质名称211'}, 'empModified': 1, 'themeName': '内容主题内容主题', 'isVerifier': 0, 'empCreate': 1, 'themeUrl': 'http://www.baidu.com', 'themeId': 149, 'expectPerson': 1, 'budget': 200.0, 'beginDate': '2017-12-21T00:00:00+08:00', 'urlId': 183, 'schemeName': '我的方案2', 'endDate': '2017-12-31T00:00:00+08:00', 'isPrincipal': 0, 'schemeId': 8, 'empPrincipal': 1, 'partnerId': 1}, {'gmtModified': '2017-12-21T11:43:34+08:00', 'gmtCreate': '2017-12-21T11:31:27+08:00', 'files': [{'gmtModified': '2017-12-21T11:31:27+08:00', 'gmtCreate': '2017-12-21T11:31:27+08:00', 'mkType': 3, 'fileUrl': 'blob:http://sp.ejw.cn/07cefcd8-6658-4dba-9e57-f84312a73448', 'fileName': 'CRM营销管理_测试计划.xlsx', 'id': 21, 'mkId': 9}], 'status': 10, 'projectId': 7, 'content': 'http://t.xmfshow.com/h5/v-4TV6e2Ehttp://t.xmfshow.com/h5/v-4TV6e2Ehttp://t.xmfshow.com/h5/v-4TV6e2Ehttp://t.xmfshow.com/h5/v-4TV6e2Ehttp://t.xmfshow.com/h5/v-4TV6e2Ehttp://t.xmfshow.com/h5/v-4TV6e2Ehttp://t.xmfshow.com/h5/v-4TV6e2Ehttp://t.xmfshow.com/h5/v-4TV6e2Ehttp://t.xmfshow.com/h5/v-4TV6e2E', 'empPrincipalDetail': {'depId': 162, 'empId': 1452, 'depName': '技术部', 'empName': '林姝'}, 'empModified': 1452, 'themeName': '一号店', 'isVerifier': 0, 'empCreate': 1452, 'themeUrl': 'http://t.xmfshow.com/h5/v-4TV6e2E', 'themeId': 150, 'expectPerson': 1, 'budget': 200.0, 'beginDate': '2017-12-20T00:00:00+08:00', 'urlId': 184, 'schemeName': '林姝创建活动方案003', 'endDate': '2017-12-25T00:00:00+08:00', 'isPrincipal': 0, 'schemeId': 9, 'empPrincipal': 1452, 'partnerId': 190}, {'gmtModified': '2017-12-21T17:09:19+08:00', 'gmtCreate': '2017-12-21T14:42:58+08:00', 'files': [], 'status': 11, 'projectId': 5, 'content': 'http://t.xmfshow.com/h5/v-4TV6e2Ehttp://t.xmfshow.com/h5/v-4TV6e2Ehttp://t.xmfshow.com/h5/v-4TV6e2Ehttp://t.xmfshow.com/h5/v-4TV6e2Ehttp://t.xmfshow.com/h5/v-4TV6e2Ehttp://t.xmfshow.com/h5/v-4TV6e2Ehttp://t.xmfshow.com/h5/v-4TV6e2Ehttp://t.xmfshow.com/h5/v-4TV6e2Ehttp://t.xmfshow.com/h5/v-4TV6e2Ehttp://t.xmfshow.com/h5/v-4TV6e2Ehttp://t.xmfshow.com/h5/v-4TV6e2Ehttp://t.xmfshow.com/h5/v-4TV6e2Ehttp://t.xmfshow.com/h5/v-4TV6e2Ehttp://t.xmfshow.com/h5/v-4TV6e2Ehttp://t.xmfshow.com/h5/v-4TV6e2E22222', 'empPrincipalDetail': {'depId': 165, 'empId': 1469, 'depName': '销售部', 'empName': '销售部员工2'}, 'empModified': 1469, 'themeName': '销售部创建活动方案-销售部员工1销售部3', 'isVerifier': 0, 'empCreate': 1469, 'themeUrl': 'http://www.dongdao.net/', 'themeId': 153, 'expectPerson': 2, 'budget': 200.0, 'beginDate': '2017-12-21T00:00:00+08:00', 'urlId': 187, 'schemeName': '销售部创建活动方案-销售部员工1销售部3', 'endDate': '2017-12-25T00:00:00+08:00', 'isPrincipal': 0, 'schemeId': 10, 'empPrincipal': 1469, 'partnerId': 190}]}, 'result': 200, 'code': 0}, 'asserqiwang': 'code=403'}
[2018-05-23 11:57:18.675000] INFO: jiekou: inputdata> 参数:{'password':'1260'}, url:http://sp.ejw.cn/crm/v1/sldaytasks ,返回:{'result': 401, 'code': 0},预期:code=403
[2018-05-23 11:57:18.677000] INFO: jiekou: 当前模块 断言测试结果
[2018-05-23 11:57:18.678000] INFO: jiekou: 全部args参数参数信息 , ()
[2018-05-23 11:57:18.679000] INFO: jiekou: 全部kwargs参数信息 , {'fanhuijson': {'result': 401, 'code': 0}, 'asserqiwang': 'code=403'}
[2018-05-23 11:57:18.699000] INFO: jiekou: inputdata> 参数:{'password':'1261'}, url:http://sp.ejw.cn/crm/v1/partner/{partnerId}/process/{processId} ,返回:{'result': 401, 'code': 0},预期:code=403
[2018-05-23 11:57:18.699000] INFO: jiekou: 当前模块 断言测试结果
[2018-05-23 11:57:18.700000] INFO: jiekou: 全部args参数参数信息 , ()
[2018-05-23 11:57:18.701000] INFO: jiekou: 全部kwargs参数信息 , {'fanhuijson': {'result': 401, 'code': 0}, 'asserqiwang': 'code=403'}
[2018-05-23 11:57:18.725000] INFO: jiekou: get请求出错，出错原因:No JSON object could be decoded
[2018-05-23 11:57:18.858000] INFO: jiekou: inputdata> 参数:{'password':'1263'}, url:http://sp.ejw.cn/crm/v1/employee/customers ,返回:{'result_act': {'page': {'page': 1, 'totalCount': 98, 'prePage': 1, 'nextPage': 2, 'lastPage': False, 'firstPage': True, 'offset': 0, 'hasPrePage': False, 'hasNextPage': True, 'limit': 10, 'startRow': 1, 'endRow': 10, 'totalPages': 10}, 'data': [{'address': '天心区芙蓉中路二段168号摩天一号二座21楼', 'gmtModified': '2018-03-16T10:47:38+08:00', 'gmtCreate': '2018-02-02T13:55:23+08:00', 'industry': 141, 'customerName': '长沙市金伦投资咨询有限责任公司', 'status': 1, 'inviteCount': 0, 'customerType': 4, 'empModified': 1450, 'area': '湖南/长沙', 'customerId': 1, 'osId': 86, 'empCreate': 1450, 'empPrincipal': 1450, 'partnerId': 190, 'validStatus': 1, 'clueId': 2}, {'gmtModified': '2018-02-08T11:06:46+08:00', 'gmtCreate': '2018-02-02T13:56:04+08:00', 'customerName': '武汉长福亚太服饰股份有限公司', 'status': 1, 'inviteCount': 0, 'customerType': 4, 'empModified': 1450, 'area': '湖北省/武汉市', 'customerId': 2, 'empCreate': 1450, 'empPrincipal': 1450, 'partnerId': 190, 'validStatus': 1, 'clueId': 3}, {'address': '企业麓谷', 'gmtModified': '2018-02-07T15:59:45+08:00', 'gmtCreate': '2018-02-02T13:59:02+08:00', 'industry': 552, 'customerName': '长沙市永发清洁服务有限公司', 'status': 1, 'inviteCount': 0, 'customerType': 4, 'empModified': 1450, 'area': '湖南/长沙', 'customerId': 3, 'empCreate': 1450, 'empPrincipal': 1450, 'partnerId': 190, 'validStatus': 1, 'clueId': 15}, {'gmtModified': '2018-02-07T15:55:09+08:00', 'gmtCreate': '2018-02-02T14:33:28+08:00', 'customerName': '广东信保建设投资管理有限公司', 'status': 1, 'inviteCount': 0, 'customerType': 4, 'empModified': 1450, 'area': '湖北省/武汉市', 'customerId': 4, 'empCreate': 1450, 'empPrincipal': 1450, 'partnerId': 190, 'validStatus': 1, 'clueId': 12}, {'address': '雨花区韶山中路44号', 'gmtModified': '2018-02-08T16:12:53+08:00', 'gmtCreate': '2018-02-02T16:20:40+08:00', 'industry': 117, 'customerName': '中国电信股份有限公司', 'status': 1, 'inviteCount': 0, 'customerType': 4, 'empModified': 1450, 'area': '湖南/长沙', 'customerId': 5, 'empCreate': 1453, 'empPrincipal': 1450, 'partnerId': 190, 'validStatus': 1, 'clueId': 19}, {'address': '中国电信股份有限公司湖南互联网与增值业务事业部', 'gmtModified': '2018-03-19T09:56:46+08:00', 'gmtCreate': '2018-02-03T10:00:06+08:00', 'industry': 117, 'customerName': '中国电信股份有限公司创新业务事业部', 'status': 1, 'inviteCount': 2, 'customerType': 4, 'empModified': 2, 'area': '湖南/长沙', 'customerId': 8, 'empCreate': 1, 'empPrincipal': 2, 'partnerId': 1, 'validStatus': 1, 'clueId': 17}, {'address': '互联网与增值业务事业部测试区域地址最大 测试验证', 'gmtModified': '2018-03-23T11:36:05+08:00', 'gmtCreate': '2018-02-03T13:51:33+08:00', 'industry': 117, 'customerName': '中国电信股份有限公司公众客户事业部', 'status': 1, 'inviteCount': 0, 'customerType': 4, 'empModified': 4, 'area': '湖南/长沙', 'customerId': 9, 'opinion': '客户电话不正确', 'empCreate': 2, 'empPrincipal': 4, 'partnerId': 2, 'validStatus': 1, 'clueId': 18}, {'address': '企业广场', 'gmtModified': '2018-02-13T00:00:01+08:00', 'gmtCreate': '2018-02-03T14:05:39+08:00', 'industry': 556, 'customerName': '长沙市开福区斯瑞乐教育咨询有限公司', 'status': 0, 'inviteCount': 0, 'customerType': 1, 'empModified': 1526, 'area': '湖南/湘潭', 'customerId': 10, 'opinion': '测试', 'empCreate': 2, 'empPrincipal': 1526, 'partnerId': 2, 'validStatus': 1, 'clueId': 21}, {'address': '的风格让她', 'gmtModified': '2018-02-14T00:00:01+08:00', 'gmtCreate': '2018-02-03T14:06:22+08:00', 'customerName': '珠海益康建设工程有限公司', 'status': 0, 'inviteCount': 0, 'customerType': 1, 'empModified': 2, 'area': '湖北省/武汉市', 'customerId': 11, 'opinion': '客户电话不正确', 'empCreate': 2, 'validStatus': 1, 'partnerId': 2, 'clueId': 8}, {'gmtModified': '2018-02-14T00:00:01+08:00', 'gmtCreate': '2018-02-03T15:14:54+08:00', 'industry': 552, 'customerName': '长沙市芙蓉区李德缝纫店', 'status': 0, 'inviteCount': 0, 'customerType': 1, 'empModified': 2, 'area': '湖南省/全部', 'customerId': 12, 'empCreate': 2, 'validStatus': 1, 'partnerId': 2, 'clueId': 133}]}, 'result': 200, 'code': 0},预期:code=403
[2018-05-23 11:57:18.864000] INFO: jiekou: 当前模块 断言测试结果
[2018-05-23 11:57:18.866000] INFO: jiekou: 全部args参数参数信息 , ()
[2018-05-23 11:57:18.868000] INFO: jiekou: 全部kwargs参数信息 , {'fanhuijson': {'result_act': {'page': {'page': 1, 'totalCount': 98, 'prePage': 1, 'nextPage': 2, 'lastPage': False, 'firstPage': True, 'offset': 0, 'hasPrePage': False, 'hasNextPage': True, 'limit': 10, 'startRow': 1, 'endRow': 10, 'totalPages': 10}, 'data': [{'address': '天心区芙蓉中路二段168号摩天一号二座21楼', 'gmtModified': '2018-03-16T10:47:38+08:00', 'gmtCreate': '2018-02-02T13:55:23+08:00', 'industry': 141, 'customerName': '长沙市金伦投资咨询有限责任公司', 'status': 1, 'inviteCount': 0, 'customerType': 4, 'empModified': 1450, 'area': '湖南/长沙', 'customerId': 1, 'osId': 86, 'empCreate': 1450, 'empPrincipal': 1450, 'partnerId': 190, 'validStatus': 1, 'clueId': 2}, {'gmtModified': '2018-02-08T11:06:46+08:00', 'gmtCreate': '2018-02-02T13:56:04+08:00', 'customerName': '武汉长福亚太服饰股份有限公司', 'status': 1, 'inviteCount': 0, 'customerType': 4, 'empModified': 1450, 'area': '湖北省/武汉市', 'customerId': 2, 'empCreate': 1450, 'empPrincipal': 1450, 'partnerId': 190, 'validStatus': 1, 'clueId': 3}, {'address': '企业麓谷', 'gmtModified': '2018-02-07T15:59:45+08:00', 'gmtCreate': '2018-02-02T13:59:02+08:00', 'industry': 552, 'customerName': '长沙市永发清洁服务有限公司', 'status': 1, 'inviteCount': 0, 'customerType': 4, 'empModified': 1450, 'area': '湖南/长沙', 'customerId': 3, 'empCreate': 1450, 'empPrincipal': 1450, 'partnerId': 190, 'validStatus': 1, 'clueId': 15}, {'gmtModified': '2018-02-07T15:55:09+08:00', 'gmtCreate': '2018-02-02T14:33:28+08:00', 'customerName': '广东信保建设投资管理有限公司', 'status': 1, 'inviteCount': 0, 'customerType': 4, 'empModified': 1450, 'area': '湖北省/武汉市', 'customerId': 4, 'empCreate': 1450, 'empPrincipal': 1450, 'partnerId': 190, 'validStatus': 1, 'clueId': 12}, {'address': '雨花区韶山中路44号', 'gmtModified': '2018-02-08T16:12:53+08:00', 'gmtCreate': '2018-02-02T16:20:40+08:00', 'industry': 117, 'customerName': '中国电信股份有限公司', 'status': 1, 'inviteCount': 0, 'customerType': 4, 'empModified': 1450, 'area': '湖南/长沙', 'customerId': 5, 'empCreate': 1453, 'empPrincipal': 1450, 'partnerId': 190, 'validStatus': 1, 'clueId': 19}, {'address': '中国电信股份有限公司湖南互联网与增值业务事业部', 'gmtModified': '2018-03-19T09:56:46+08:00', 'gmtCreate': '2018-02-03T10:00:06+08:00', 'industry': 117, 'customerName': '中国电信股份有限公司创新业务事业部', 'status': 1, 'inviteCount': 2, 'customerType': 4, 'empModified': 2, 'area': '湖南/长沙', 'customerId': 8, 'empCreate': 1, 'empPrincipal': 2, 'partnerId': 1, 'validStatus': 1, 'clueId': 17}, {'address': '互联网与增值业务事业部测试区域地址最大 测试验证', 'gmtModified': '2018-03-23T11:36:05+08:00', 'gmtCreate': '2018-02-03T13:51:33+08:00', 'industry': 117, 'customerName': '中国电信股份有限公司公众客户事业部', 'status': 1, 'inviteCount': 0, 'customerType': 4, 'empModified': 4, 'area': '湖南/长沙', 'customerId': 9, 'opinion': '客户电话不正确', 'empCreate': 2, 'empPrincipal': 4, 'partnerId': 2, 'validStatus': 1, 'clueId': 18}, {'address': '企业广场', 'gmtModified': '2018-02-13T00:00:01+08:00', 'gmtCreate': '2018-02-03T14:05:39+08:00', 'industry': 556, 'customerName': '长沙市开福区斯瑞乐教育咨询有限公司', 'status': 0, 'inviteCount': 0, 'customerType': 1, 'empModified': 1526, 'area': '湖南/湘潭', 'customerId': 10, 'opinion': '测试', 'empCreate': 2, 'empPrincipal': 1526, 'partnerId': 2, 'validStatus': 1, 'clueId': 21}, {'address': '的风格让她', 'gmtModified': '2018-02-14T00:00:01+08:00', 'gmtCreate': '2018-02-03T14:06:22+08:00', 'customerName': '珠海益康建设工程有限公司', 'status': 0, 'inviteCount': 0, 'customerType': 1, 'empModified': 2, 'area': '湖北省/武汉市', 'customerId': 11, 'opinion': '客户电话不正确', 'empCreate': 2, 'validStatus': 1, 'partnerId': 2, 'clueId': 8}, {'gmtModified': '2018-02-14T00:00:01+08:00', 'gmtCreate': '2018-02-03T15:14:54+08:00', 'industry': 552, 'customerName': '长沙市芙蓉区李德缝纫店', 'status': 0, 'inviteCount': 0, 'customerType': 1, 'empModified': 2, 'area': '湖南省/全部', 'customerId': 12, 'empCreate': 2, 'validStatus': 1, 'partnerId': 2, 'clueId': 133}]}, 'result': 200, 'code': 0}, 'asserqiwang': 'code=403'}
[2018-05-23 11:57:18.908000] INFO: jiekou: inputdata> 参数:{'password':'1264'}, url:http://sp.ejw.cn/crm/v1/slbusioppor/status ,返回:{'result_act': {'errors': [], 'message': '请求参数异常', 'code': 400}, 'result': 400, 'code': 0},预期:code=403
[2018-05-23 11:57:18.910000] INFO: jiekou: 当前模块 断言测试结果
[2018-05-23 11:57:18.911000] INFO: jiekou: 全部args参数参数信息 , ()
[2018-05-23 11:57:18.913000] INFO: jiekou: 全部kwargs参数信息 , {'fanhuijson': {'result_act': {'errors': [], 'message': '请求参数异常', 'code': 400}, 'result': 400, 'code': 0}, 'asserqiwang': 'code=403'}
[2018-05-23 11:57:18.941000] INFO: jiekou: inputdata> 参数:{'password':'1265'}, url:http://sp.ejw.cn/crm/v1/partner/{partnerId}/targets/employees ,返回:{'result': 401, 'code': 0},预期:code=403
[2018-05-23 11:57:18.943000] INFO: jiekou: 当前模块 断言测试结果
[2018-05-23 11:57:18.945000] INFO: jiekou: 全部args参数参数信息 , ()
[2018-05-23 11:57:18.946000] INFO: jiekou: 全部kwargs参数信息 , {'fanhuijson': {'result': 401, 'code': 0}, 'asserqiwang': 'code=403'}
[2018-05-23 11:57:18.967000] INFO: jiekou: inputdata> 参数:{'password':'1266'}, url:http://sp.ejw.cn/crm/v1/partner/{partnerId}/customer-levels ,返回:{'result': 401, 'code': 0},预期:code=403
[2018-05-23 11:57:18.968000] INFO: jiekou: 当前模块 断言测试结果
[2018-05-23 11:57:18.969000] INFO: jiekou: 全部args参数参数信息 , ()
[2018-05-23 11:57:18.969000] INFO: jiekou: 全部kwargs参数信息 , {'fanhuijson': {'result': 401, 'code': 0}, 'asserqiwang': 'code=403'}
[2018-05-23 11:57:18.986000] INFO: jiekou: inputdata> 参数:{'password':'1267'}, url:http://sp.ejw.cn/crm/v1/slcustomer/{customerId} ,返回:{'result': 401, 'code': 0},预期:code=403
[2018-05-23 11:57:18.987000] INFO: jiekou: 当前模块 断言测试结果
[2018-05-23 11:57:18.988000] INFO: jiekou: 全部args参数参数信息 , ()
[2018-05-23 11:57:18.988000] INFO: jiekou: 全部kwargs参数信息 , {'fanhuijson': {'result': 401, 'code': 0}, 'asserqiwang': 'code=403'}
[2018-05-23 11:57:19.008000] INFO: jiekou: post请求出错，出错原因:No JSON object could be decoded
[2018-05-23 11:57:19.033000] INFO: jiekou: inputdata> 参数:{'password':'1269'}, url:http://sp.ejw.cn/crm/v1/slorders ,返回:{'result_act': {'errors': [], 'message': '不支持当前请求方法', 'code': 405}, 'result': 405, 'code': 0},预期:code=403
[2018-05-23 11:57:19.034000] INFO: jiekou: 当前模块 断言测试结果
[2018-05-23 11:57:19.035000] INFO: jiekou: 全部args参数参数信息 , ()
[2018-05-23 11:57:19.035000] INFO: jiekou: 全部kwargs参数信息 , {'fanhuijson': {'result_act': {'errors': [], 'message': '不支持当前请求方法', 'code': 405}, 'result': 405, 'code': 0}, 'asserqiwang': 'code=403'}
[2018-05-23 11:57:19.052000] INFO: jiekou: inputdata> 参数:{'password':'1270'}, url:http://sp.ejw.cn/crm/v1/slbusioppors/distrib ,返回:{'result': 401, 'code': 0},预期:code=403
[2018-05-23 11:57:19.053000] INFO: jiekou: 当前模块 断言测试结果
[2018-05-23 11:57:19.053000] INFO: jiekou: 全部args参数参数信息 , ()
[2018-05-23 11:57:19.054000] INFO: jiekou: 全部kwargs参数信息 , {'fanhuijson': {'result': 401, 'code': 0}, 'asserqiwang': 'code=403'}
[2018-05-23 11:57:19.071000] INFO: jiekou: inputdata> 参数:{'password':'1271'}, url:http://sp.ejw.cn/crm/v1/mkscheme/{schemeId}/status ,返回:{'result': 401, 'code': 0},预期:code=403
[2018-05-23 11:57:19.072000] INFO: jiekou: 当前模块 断言测试结果
[2018-05-23 11:57:19.072000] INFO: jiekou: 全部args参数参数信息 , ()
[2018-05-23 11:57:19.073000] INFO: jiekou: 全部kwargs参数信息 , {'fanhuijson': {'result': 401, 'code': 0}, 'asserqiwang': 'code=403'}
[2018-05-23 11:57:19.089000] INFO: jiekou: inputdata> 参数:{'password':'1272'}, url:http://sp.ejw.cn/crm/v1/partner/{partnerId}/project-types ,返回:{'result': 401, 'code': 0},预期:code=403
[2018-05-23 11:57:19.090000] INFO: jiekou: 当前模块 断言测试结果
[2018-05-23 11:57:19.091000] INFO: jiekou: 全部args参数参数信息 , ()
[2018-05-23 11:57:19.091000] INFO: jiekou: 全部kwargs参数信息 , {'fanhuijson': {'result': 401, 'code': 0}, 'asserqiwang': 'code=403'}
[2018-05-23 11:57:19.107000] INFO: jiekou: inputdata> 参数:{'password':'1273'}, url:http://sp.ejw.cn/crm/v1/slbusioppor/{busiopporId}/shares ,返回:{'result': 401, 'code': 0},预期:code=403
[2018-05-23 11:57:19.108000] INFO: jiekou: 当前模块 断言测试结果
[2018-05-23 11:57:19.108000] INFO: jiekou: 全部args参数参数信息 , ()
[2018-05-23 11:57:19.109000] INFO: jiekou: 全部kwargs参数信息 , {'fanhuijson': {'result': 401, 'code': 0}, 'asserqiwang': 'code=403'}
[2018-05-23 11:57:19.128000] INFO: jiekou: inputdata> 参数:{'password':'1274'}, url:http://sp.ejw.cn/crm/v1/slprotects/status ,返回:{'result': 401, 'code': 0},预期:code=403
[2018-05-23 11:57:19.129000] INFO: jiekou: 当前模块 断言测试结果
[2018-05-23 11:57:19.130000] INFO: jiekou: 全部args参数参数信息 , ()
[2018-05-23 11:57:19.130000] INFO: jiekou: 全部kwargs参数信息 , {'fanhuijson': {'result': 401, 'code': 0}, 'asserqiwang': 'code=403'}
[2018-05-23 11:57:19.144000] INFO: jiekou: inputdata> 参数:{'password':'1275'}, url:http://sp.ejw.cn/crm/v1/mkprojects ,返回:{'result': 401, 'code': 0},预期:code=403
[2018-05-23 11:57:19.145000] INFO: jiekou: 当前模块 断言测试结果
[2018-05-23 11:57:19.145000] INFO: jiekou: 全部args参数参数信息 , ()
[2018-05-23 11:57:19.146000] INFO: jiekou: 全部kwargs参数信息 , {'fanhuijson': {'result': 401, 'code': 0}, 'asserqiwang': 'code=403'}
[2018-05-23 11:57:19.169000] INFO: jiekou: get请求出错，出错原因:No JSON object could be decoded
[2018-05-23 11:57:19.190000] INFO: jiekou: inputdata> 参数:{'password':'1277'}, url:http://sp.ejw.cn/crm/v1/slclues ,返回:{'result_act': {'errors': {}, 'message': '请求参数异常', 'code': '400'}, 'result': 400, 'code': 0},预期:code=403
[2018-05-23 11:57:19.190000] INFO: jiekou: 当前模块 断言测试结果
[2018-05-23 11:57:19.191000] INFO: jiekou: 全部args参数参数信息 , ()
[2018-05-23 11:57:19.191000] INFO: jiekou: 全部kwargs参数信息 , {'fanhuijson': {'result_act': {'errors': {}, 'message': '请求参数异常', 'code': '400'}, 'result': 400, 'code': 0}, 'asserqiwang': 'code=403'}
[2018-05-23 11:57:19.207000] INFO: jiekou: inputdata> 参数:{'password':'1278'}, url:http://sp.ejw.cn/crm/v1/slcustomer/{customerId}/contact/{contactId} ,返回:{'result': 401, 'code': 0},预期:code=403
[2018-05-23 11:57:19.207000] INFO: jiekou: 当前模块 断言测试结果
[2018-05-23 11:57:19.208000] INFO: jiekou: 全部args参数参数信息 , ()
[2018-05-23 11:57:19.208000] INFO: jiekou: 全部kwargs参数信息 , {'fanhuijson': {'result': 401, 'code': 0}, 'asserqiwang': 'code=403'}
[2018-05-23 11:57:19.244000] INFO: jiekou: inputdata> 参数:{'password':'1279'}, url:http://sp.ejw.cn/crm/v1/slbusioppors ,返回:{'result_act': {'page': {'page': 0, 'totalCount': 0, 'prePage': 0, 'nextPage': 0, 'lastPage': True, 'firstPage': True, 'offset': 0, 'hasPrePage': False, 'hasNextPage': False, 'limit': 0, 'startRow': 0, 'endRow': 0, 'totalPages': 0}, 'data': []}, 'result': 200, 'code': 0},预期:code=403
[2018-05-23 11:57:19.245000] INFO: jiekou: 当前模块 断言测试结果
[2018-05-23 11:57:19.245000] INFO: jiekou: 全部args参数参数信息 , ()
[2018-05-23 11:57:19.246000] INFO: jiekou: 全部kwargs参数信息 , {'fanhuijson': {'result_act': {'page': {'page': 0, 'totalCount': 0, 'prePage': 0, 'nextPage': 0, 'lastPage': True, 'firstPage': True, 'offset': 0, 'hasPrePage': False, 'hasNextPage': False, 'limit': 0, 'startRow': 0, 'endRow': 0, 'totalPages': 0}, 'data': []}, 'result': 200, 'code': 0}, 'asserqiwang': 'code=403'}
[2018-05-23 11:57:19.266000] INFO: jiekou: post请求出错，出错原因:No JSON object could be decoded
[2018-05-23 11:57:19.286000] INFO: jiekou: post请求出错，出错原因:No JSON object could be decoded
[2018-05-23 11:57:19.305000] INFO: jiekou: inputdata> 参数:{'password':'1282'}, url:http://sp.ejw.cn/crm/v1/partner/{partnerId}/processes ,返回:{'result': 401, 'code': 0},预期:code=403
[2018-05-23 11:57:19.306000] INFO: jiekou: 当前模块 断言测试结果
[2018-05-23 11:57:19.306000] INFO: jiekou: 全部args参数参数信息 , ()
[2018-05-23 11:57:19.307000] INFO: jiekou: 全部kwargs参数信息 , {'fanhuijson': {'result': 401, 'code': 0}, 'asserqiwang': 'code=403'}
[2018-05-23 11:57:19.324000] INFO: jiekou: inputdata> 参数:{'password':'1283'}, url:http://sp.ejw.cn/crm/v1/slcustomer/invite ,返回:{'result': 401, 'code': 0},预期:code=403
[2018-05-23 11:57:19.324000] INFO: jiekou: 当前模块 断言测试结果
[2018-05-23 11:57:19.325000] INFO: jiekou: 全部args参数参数信息 , ()
[2018-05-23 11:57:19.325000] INFO: jiekou: 全部kwargs参数信息 , {'fanhuijson': {'result': 401, 'code': 0}, 'asserqiwang': 'code=403'}
[2018-05-23 11:57:19.344000] INFO: jiekou: post请求出错，出错原因:No JSON object could be decoded
[2018-05-23 11:57:19.380000] INFO: jiekou: inputdata> 参数:{'password':'1285'}, url:http://sp.ejw.cn/crm/v1/slbusioppor ,返回:{'result_act': {'errors': [{'msg': 'instance type (string) does not match any allowed primitive type (allowed: [object])', 'description': '', 'field': '""'}], 'msg': '参数错误', 'code': '400'}, 'result': 400, 'code': 0},预期:code=403
[2018-05-23 11:57:19.382000] INFO: jiekou: 当前模块 断言测试结果
[2018-05-23 11:57:19.383000] INFO: jiekou: 全部args参数参数信息 , ()
[2018-05-23 11:57:19.384000] INFO: jiekou: 全部kwargs参数信息 , {'fanhuijson': {'result_act': {'errors': [{'msg': 'instance type (string) does not match any allowed primitive type (allowed: [object])', 'description': '', 'field': '""'}], 'msg': '参数错误', 'code': '400'}, 'result': 400, 'code': 0}, 'asserqiwang': 'code=403'}
[2018-05-23 11:57:19.408000] INFO: jiekou: get请求出错，出错原因:No JSON object could be decoded
[2018-05-23 11:57:19.428000] INFO: jiekou: post请求出错，出错原因:No JSON object could be decoded
[2018-05-23 11:57:19.446000] INFO: jiekou: inputdata> 参数:{'password':'1288'}, url:http://sp.ejw.cn/crm/v1/ptclue ,返回:{'result': 401, 'code': 0},预期:code=403
[2018-05-23 11:57:19.446000] INFO: jiekou: 当前模块 断言测试结果
[2018-05-23 11:57:19.447000] INFO: jiekou: 全部args参数参数信息 , ()
[2018-05-23 11:57:19.447000] INFO: jiekou: 全部kwargs参数信息 , {'fanhuijson': {'result': 401, 'code': 0}, 'asserqiwang': 'code=403'}
[2018-05-23 11:57:19.478000] INFO: jiekou: get请求出错，出错原因:No JSON object could be decoded
[2018-05-23 11:57:19.503000] INFO: jiekou: inputdata> 参数:{'password':'1290'}, url:http://sp.ejw.cn/crm/v1/mkclue/status ,返回:{'result': 401, 'code': 0},预期:code=403
[2018-05-23 11:57:19.504000] INFO: jiekou: 当前模块 断言测试结果
[2018-05-23 11:57:19.504000] INFO: jiekou: 全部args参数参数信息 , ()
[2018-05-23 11:57:19.505000] INFO: jiekou: 全部kwargs参数信息 , {'fanhuijson': {'result': 401, 'code': 0}, 'asserqiwang': 'code=403'}
[2018-05-23 11:57:19.527000] INFO: jiekou: inputdata> 参数:{'password':'1291'}, url:http://sp.ejw.cn/crm/v1/slnotes ,返回:{'result': 401, 'code': 0},预期:code=403
[2018-05-23 11:57:19.527000] INFO: jiekou: 当前模块 断言测试结果
[2018-05-23 11:57:19.528000] INFO: jiekou: 全部args参数参数信息 , ()
[2018-05-23 11:57:19.528000] INFO: jiekou: 全部kwargs参数信息 , {'fanhuijson': {'result': 401, 'code': 0}, 'asserqiwang': 'code=403'}
[2018-05-23 11:57:19.549000] INFO: jiekou: inputdata> 参数:{'password':'1292'}, url:http://sp.ejw.cn/crm/v1/mkclues ,返回:{'result': 401, 'code': 0},预期:code=403
[2018-05-23 11:57:19.549000] INFO: jiekou: 当前模块 断言测试结果
[2018-05-23 11:57:19.550000] INFO: jiekou: 全部args参数参数信息 , ()
[2018-05-23 11:57:19.550000] INFO: jiekou: 全部kwargs参数信息 , {'fanhuijson': {'result': 401, 'code': 0}, 'asserqiwang': 'code=403'}
[2018-05-23 11:57:19.568000] INFO: jiekou: inputdata> 参数:{'password':'1293'}, url:http://sp.ejw.cn/crm/v1/slcustomer/{customerId}/phone/{phoneId}/ismain ,返回:{'result': 401, 'code': 0},预期:code=403
[2018-05-23 11:57:19.569000] INFO: jiekou: 当前模块 断言测试结果
[2018-05-23 11:57:19.569000] INFO: jiekou: 全部args参数参数信息 , ()
[2018-05-23 11:57:19.570000] INFO: jiekou: 全部kwargs参数信息 , {'fanhuijson': {'result': 401, 'code': 0}, 'asserqiwang': 'code=403'}
[2018-05-23 11:57:19.593000] INFO: jiekou: get请求出错，出错原因:No JSON object could be decoded
[2018-05-23 11:57:19.611000] INFO: jiekou: inputdata> 参数:{'password':'1295'}, url:http://sp.ejw.cn/crm/v1/partner/{partnerId}/rules ,返回:{'result': 401, 'code': 0},预期:code=403
[2018-05-23 11:57:19.612000] INFO: jiekou: 当前模块 断言测试结果
[2018-05-23 11:57:19.612000] INFO: jiekou: 全部args参数参数信息 , ()
[2018-05-23 11:57:19.613000] INFO: jiekou: 全部kwargs参数信息 , {'fanhuijson': {'result': 401, 'code': 0}, 'asserqiwang': 'code=403'}
[2018-05-23 11:57:19.637000] INFO: jiekou: inputdata> 参数:{'password':'1296'}, url:http://sp.ejw.cn/crm/v1/slcustomers/pickup ,返回:{'result_act': {'errors': [], 'message': '不支持当前请求方法', 'code': 405}, 'result': 405, 'code': 0},预期:code=403
[2018-05-23 11:57:19.638000] INFO: jiekou: 当前模块 断言测试结果
[2018-05-23 11:57:19.638000] INFO: jiekou: 全部args参数参数信息 , ()
[2018-05-23 11:57:19.639000] INFO: jiekou: 全部kwargs参数信息 , {'fanhuijson': {'result_act': {'errors': [], 'message': '不支持当前请求方法', 'code': 405}, 'result': 405, 'code': 0}, 'asserqiwang': 'code=403'}
[2018-05-23 11:57:19.659000] INFO: jiekou: get请求出错，出错原因:No JSON object could be decoded
[2018-05-23 11:57:19.680000] INFO: jiekou: get请求出错，出错原因:No JSON object could be decoded
[2018-05-23 11:57:19.706000] INFO: jiekou: inputdata> 参数:{'password':'1299'}, url:http://sp.ejw.cn/crm/v1/mkplan ,返回:{'result_act': {'errors': [{'msg': 'instance type (string) does not match any allowed primitive type (allowed: [object])', 'description': '', 'field': '""'}], 'msg': '参数错误', 'code': '400'}, 'result': 400, 'code': 0},预期:code=403
[2018-05-23 11:57:19.706000] INFO: jiekou: 当前模块 断言测试结果
[2018-05-23 11:57:19.707000] INFO: jiekou: 全部args参数参数信息 , ()
[2018-05-23 11:57:19.707000] INFO: jiekou: 全部kwargs参数信息 , {'fanhuijson': {'result_act': {'errors': [{'msg': 'instance type (string) does not match any allowed primitive type (allowed: [object])', 'description': '', 'field': '""'}], 'msg': '参数错误', 'code': '400'}, 'result': 400, 'code': 0}, 'asserqiwang': 'code=403'}
[2018-05-23 11:57:19.729000] INFO: jiekou: get请求出错，出错原因:No JSON object could be decoded
[2018-05-23 11:57:19.747000] INFO: jiekou: get请求出错，出错原因:No JSON object could be decoded
[2018-05-23 11:57:19.763000] INFO: jiekou: inputdata> 参数:{'password':'1302'}, url:http://sp.ejw.cn/crm/v1/mkverify ,返回:{'result': 401, 'code': 0},预期:code=403
[2018-05-23 11:57:19.763000] INFO: jiekou: 当前模块 断言测试结果
[2018-05-23 11:57:19.764000] INFO: jiekou: 全部args参数参数信息 , ()
[2018-05-23 11:57:19.764000] INFO: jiekou: 全部kwargs参数信息 , {'fanhuijson': {'result': 401, 'code': 0}, 'asserqiwang': 'code=403'}
[2018-05-23 11:57:19.778000] INFO: jiekou: inputdata> 参数:{'password':'1303'}, url:http://sp.ejw.cn/crm/v1/mkproject/{projectId}/principal ,返回:{'result': 401, 'code': 0},预期:code=403
[2018-05-23 11:57:19.779000] INFO: jiekou: 当前模块 断言测试结果
[2018-05-23 11:57:19.779000] INFO: jiekou: 全部args参数参数信息 , ()
[2018-05-23 11:57:19.780000] INFO: jiekou: 全部kwargs参数信息 , {'fanhuijson': {'result': 401, 'code': 0}, 'asserqiwang': 'code=403'}
[2018-05-23 11:57:19.800000] INFO: jiekou: post请求出错，出错原因:No JSON object could be decoded
[2018-05-23 11:57:19.822000] INFO: jiekou: get请求出错，出错原因:No JSON object could be decoded
[2018-05-23 11:57:19.841000] INFO: jiekou: inputdata> 参数:{'password':'1306'}, url:http://sp.ejw.cn/crm/v1/marketing/budget ,返回:{'result': 401, 'code': 0},预期:code=403
[2018-05-23 11:57:19.842000] INFO: jiekou: 当前模块 断言测试结果
[2018-05-23 11:57:19.842000] INFO: jiekou: 全部args参数参数信息 , ()
[2018-05-23 11:57:19.843000] INFO: jiekou: 全部kwargs参数信息 , {'fanhuijson': {'result': 401, 'code': 0}, 'asserqiwang': 'code=403'}
[2018-05-23 11:57:19.865000] INFO: jiekou: inputdata> 参数:{'password':'1307'}, url:http://sp.ejw.cn/crm/v1/mkscheme ,返回:{'result_act': {'errors': [{'msg': 'instance type (string) does not match any allowed primitive type (allowed: [object])', 'description': '', 'field': '""'}], 'msg': '参数错误', 'code': '400'}, 'result': 400, 'code': 0},预期:code=403
[2018-05-23 11:57:19.866000] INFO: jiekou: 当前模块 断言测试结果
[2018-05-23 11:57:19.867000] INFO: jiekou: 全部args参数参数信息 , ()
[2018-05-23 11:57:19.867000] INFO: jiekou: 全部kwargs参数信息 , {'fanhuijson': {'result_act': {'errors': [{'msg': 'instance type (string) does not match any allowed primitive type (allowed: [object])', 'description': '', 'field': '""'}], 'msg': '参数错误', 'code': '400'}, 'result': 400, 'code': 0}, 'asserqiwang': 'code=403'}
[2018-05-23 11:57:19.889000] INFO: jiekou: get请求出错，出错原因:No JSON object could be decoded
[2018-05-23 11:57:19.906000] INFO: jiekou: inputdata> 参数:{'password':'1309'}, url:http://sp.ejw.cn/crm/v1/slbusioppor/{busiopporId}/stage/{recordId} ,返回:{'result': 401, 'code': 0},预期:code=403
[2018-05-23 11:57:19.906000] INFO: jiekou: 当前模块 断言测试结果
[2018-05-23 11:57:19.907000] INFO: jiekou: 全部args参数参数信息 , ()
[2018-05-23 11:57:19.907000] INFO: jiekou: 全部kwargs参数信息 , {'fanhuijson': {'result': 401, 'code': 0}, 'asserqiwang': 'code=403'}
[2018-05-23 11:57:19.925000] INFO: jiekou: inputdata> 参数:{'password':'1310'}, url:http://sp.ejw.cn/crm/v1/mkproject ,返回:{'result': 401, 'code': 0},预期:code=403
[2018-05-23 11:57:19.926000] INFO: jiekou: 当前模块 断言测试结果
[2018-05-23 11:57:19.926000] INFO: jiekou: 全部args参数参数信息 , ()
[2018-05-23 11:57:19.927000] INFO: jiekou: 全部kwargs参数信息 , {'fanhuijson': {'result': 401, 'code': 0}, 'asserqiwang': 'code=403'}
[2018-05-23 11:57:19.948000] INFO: jiekou: inputdata> 参数:{'password':'1311'}, url:http://sp.ejw.cn/crm/v1/slnote ,返回:{'result_act': {'errors': [], 'message': '不支持当前请求方法', 'code': 405}, 'result': 405, 'code': 0},预期:code=403
[2018-05-23 11:57:19.949000] INFO: jiekou: 当前模块 断言测试结果
[2018-05-23 11:57:19.949000] INFO: jiekou: 全部args参数参数信息 , ()
[2018-05-23 11:57:19.950000] INFO: jiekou: 全部kwargs参数信息 , {'fanhuijson': {'result_act': {'errors': [], 'message': '不支持当前请求方法', 'code': 405}, 'result': 405, 'code': 0}, 'asserqiwang': 'code=403'}
[2018-05-23 11:57:19.969000] INFO: jiekou: post请求出错，出错原因:No JSON object could be decoded
[2018-05-23 11:57:19.989000] INFO: jiekou: get请求出错，出错原因:No JSON object could be decoded
[2018-05-23 11:57:20.013000] INFO: jiekou: get请求出错，出错原因:No JSON object could be decoded
[2018-05-23 11:57:20.039000] INFO: jiekou: get请求出错，出错原因:No JSON object could be decoded
[2018-05-23 11:57:20.166000] INFO: jiekou: inputdata> 参数:{'password':'1316'}, url:http://sp.ejw.cn/crm/v1/slvisits ,返回:{'result_act': {'page': {'page': 1, 'totalCount': 42, 'prePage': 1, 'nextPage': 2, 'lastPage': False, 'firstPage': True, 'offset': 0, 'hasPrePage': False, 'hasNextPage': True, 'limit': 10, 'startRow': 1, 'endRow': 10, 'totalPages': 5}, 'data': [{'gmtModified': '2018-02-07T17:08:01+08:00', 'gmtCreate': '2018-02-02T15:11:32+08:00', 'togethers': [{'empTogether': 1452, 'visitId': 1, 'empName': '林姝', 'id': 1}], 'saleType': 3, 'saleId': 1, 'visitTimeBegin': '2018-02-02T00:00:00+08:00', 'visitOpinion': '拜访反馈信息拜访反馈信息拜访反馈信息拜访反馈信息拜访反馈信息拜访反馈信息拜访反馈信息拜访反馈信息拜访反馈信息拜访反馈信息拜访反馈信息拜访反馈信息拜访反馈信息拜访反馈信息拜访反馈信息拜访反馈信息拜访反馈信息拜访反馈信息拜访反馈信息拜访反馈信息拜访反馈信息拜访反馈信息拜访反馈信息拜访反馈信息拜访反馈信息拜访反馈信息拜访反馈信息拜访反馈信息拜访反馈信息拜访反馈信息拜访反馈信息拜访反馈信息拜访反馈信息55', 'empCreate': 1450, 'visitTimeEnd': '2018-02-03T00:00:00+08:00', 'visitId': 1, 'visitPhone': '15010101010', 'visitName': '客户经理', 'visitTitle': '日常拜访'}, {'gmtModified': '2018-02-06T16:52:48+08:00', 'gmtCreate': '2018-02-06T16:13:38+08:00', 'togethers': [{'empTogether': 1526, 'visitId': 2, 'empName': '盛秀玲', 'id': 2}], 'saleType': 2, 'saleId': 9, 'visitTimeBegin': '2018-02-06T16:12:33+08:00', 'visitOpinion': '就是大家卡佛玩儿叫我阿将粉丝哦地方就是封建势力的风景罗问价哦是减肥是否就是就是锻炼腹肌巍峨佛教圣地房间数量大幅解放军数据就是大家卡佛玩儿叫我阿将粉丝哦地方就是封建势力的风景罗问价哦是减肥是否就是就是锻炼腹肌巍峨佛教圣地房间数量大幅解放军数据就是大家卡佛玩儿叫我阿将粉丝哦地方就是封建势力的风景罗问价哦是减肥是否就是就是锻炼腹肌巍峨佛教圣地房间数量大幅解放军数据连睡觉的房间我诶居然是凡所说的减肥来到减', 'empCreate': 2, 'visitTimeEnd': '2018-02-06T16:30:33+08:00', 'visitId': 2, 'visitPhone': '15116325589', 'visitName': '王先生', 'visitTitle': '日常拜访'}, {'gmtModified': '2018-02-06T16:15:48+08:00', 'gmtCreate': '2018-02-06T16:15:48+08:00', 'togethers': [{'empTogether': 1526, 'visitId': 3, 'empName': '盛秀玲', 'id': 3}], 'saleType': 2, 'saleId': 9, 'visitTimeBegin': '2018-02-06T00:00:00+08:00', 'empCreate': 2, 'visitTimeEnd': '2018-02-07T00:00:00+08:00', 'visitId': 3, 'visitPhone': '15114782556', 'visitName': '累计经纬街及非金属的风景lsdjfiej', 'visitTitle': '娇兰瞬间跌落时可接待否封建士大夫吉林省的'}, {'gmtModified': '2018-02-06T17:02:48+08:00', 'gmtCreate': '2018-02-06T16:55:48+08:00', 'togethers': [{'empTogether': 1526, 'visitId': 4, 'empName': '盛秀玲', 'id': 4}], 'saleType': 2, 'saleId': 9, 'visitTimeBegin': '2018-02-07T16:54:35+08:00', 'visitOpinion': '电饭锅是打发士大夫', 'empCreate': 2, 'visitTimeEnd': '2018-02-07T16:54:35+08:00', 'visitId': 4, 'visitPhone': '15116398856', 'visitName': '企业负责人李先生', 'visitTitle': '了解客户需求和探知客户意向'}, {'gmtModified': '2018-02-06T17:46:38+08:00', 'gmtCreate': '2018-02-06T17:46:17+08:00', 'togethers': [{'empTogether': 1452, 'visitId': 5, 'empName': '林姝', 'id': 5}], 'saleType': 3, 'saleId': 2, 'visitTimeBegin': '2018-02-06T00:00:00+08:00', 'visitOpinion': '拜访反馈信息其他原因输单其他原因输单其他原因输单其他原因输单其他原因输单其他原因输单其他原因输单其他原因输单其他原因输单其他原因输单其他原因输单其他原因输单其他原因输单其他原因输单其他原因输单其他原因输单其他原因输单其他原因输单其他原因输单其他原因输单其他原因输单其他原因输单其他原因输单其他原因输单其他原因输单其他原因输单其他原因输单其他原因输单其他原因输单其他原因输单其他原因输单其他原因输单其他', 'empCreate': 1465, 'visitTimeEnd': '2018-02-07T00:00:00+08:00', 'visitId': 5, 'visitPhone': '15074980908', 'visitName': '公司经理', 'visitTitle': '日常拜访'}, {'gmtModified': '2018-02-07T16:10:29+08:00', 'gmtCreate': '2018-02-07T16:10:29+08:00', 'togethers': [{'empTogether': 1452, 'visitId': 6, 'empName': '林姝', 'id': 6}], 'saleType': 3, 'saleId': 6, 'visitTimeBegin': '2018-02-07T13:00:00+08:00', 'empCreate': 1450, 'visitTimeEnd': '2018-02-07T23:59:59+08:00', 'visitId': 6, 'visitPhone': '18600000000', 'visitName': '公司经理', 'visitTitle': '日常拜访'}, {'gmtModified': '2018-02-07T16:36:48+08:00', 'gmtCreate': '2018-02-07T16:36:48+08:00', 'togethers': [{'empTogether': 1452, 'visitId': 7, 'empName': '林姝', 'id': 7}], 'saleType': 3, 'saleId': 1, 'visitTimeBegin': '2018-02-01T16:39:02+08:00', 'empCreate': 1450, 'visitTimeEnd': '2018-02-07T18:39:02+08:00', 'visitId': 7, 'visitPhone': '15074980908', 'visitName': '公司总经理', 'visitTitle': '商务洽谈'}, {'gmtModified': '2018-02-07T16:40:28+08:00', 'gmtCreate': '2018-02-07T16:40:28+08:00', 'togethers': [{'empTogether': 1145, 'visitId': 8, 'empName': '销售部员工1', 'id': 8}], 'saleType': 3, 'saleId': 1, 'visitTimeBegin': '2018-02-07T14:00:00+08:00', 'empCreate': 1450, 'visitTimeEnd': '2018-02-07T19:00:00+08:00', 'visitId': 8, 'visitPhone': '15074980908', 'visitName': '领导只能输入汉字吗数字不行吗什么规定好吧', 'visitTitle': '合同签订'}, {'gmtModified': '2018-02-07T17:17:01+08:00', 'gmtCreate': '2018-02-07T17:17:01+08:00', 'togethers': [{'empTogether': 1450, 'visitId': 9, 'empName': '盛秀玲', 'id': 9}], 'saleType': 3, 'saleId': 1, 'visitTimeBegin': '2018-02-07T08:00:00+08:00', 'empCreate': 1450, 'visitTimeEnd': '2018-02-07T17:00:00+08:00', 'visitId': 9, 'visitPhone': '15074980908', 'visitName': '拜访其他原因字数超限验证拜访其他原因字数', 'visitTitle': '拜访其他原因字数超限验证拜访其他原因字数'}, {'gmtModified': '2018-02-07T17:22:07+08:00', 'gmtCreate': '2018-02-07T17:22:07+08:00', 'togethers': [{'empTogether': 1450, 'visitId': 10, 'empName': '盛秀玲', 'id': 10}], 'saleType': 3, 'saleId': 1, 'visitTimeBegin': '2018-02-07T17:24:35+08:00', 'empCreate': 1450, 'visitTimeEnd': '2018-02-07T17:24:35+08:00', 'visitId': 10, 'visitPhone': '15010101010', 'visitName': '测试', 'visitTitle': '合同签订'}]}, 'result': 200, 'code': 0},预期:code=403
[2018-05-23 11:57:20.171000] INFO: jiekou: 当前模块 断言测试结果
[2018-05-23 11:57:20.172000] INFO: jiekou: 全部args参数参数信息 , ()
[2018-05-23 11:57:20.173000] INFO: jiekou: 全部kwargs参数信息 , {'fanhuijson': {'result_act': {'page': {'page': 1, 'totalCount': 42, 'prePage': 1, 'nextPage': 2, 'lastPage': False, 'firstPage': True, 'offset': 0, 'hasPrePage': False, 'hasNextPage': True, 'limit': 10, 'startRow': 1, 'endRow': 10, 'totalPages': 5}, 'data': [{'gmtModified': '2018-02-07T17:08:01+08:00', 'gmtCreate': '2018-02-02T15:11:32+08:00', 'togethers': [{'empTogether': 1452, 'visitId': 1, 'empName': '林姝', 'id': 1}], 'saleType': 3, 'saleId': 1, 'visitTimeBegin': '2018-02-02T00:00:00+08:00', 'visitOpinion': '拜访反馈信息拜访反馈信息拜访反馈信息拜访反馈信息拜访反馈信息拜访反馈信息拜访反馈信息拜访反馈信息拜访反馈信息拜访反馈信息拜访反馈信息拜访反馈信息拜访反馈信息拜访反馈信息拜访反馈信息拜访反馈信息拜访反馈信息拜访反馈信息拜访反馈信息拜访反馈信息拜访反馈信息拜访反馈信息拜访反馈信息拜访反馈信息拜访反馈信息拜访反馈信息拜访反馈信息拜访反馈信息拜访反馈信息拜访反馈信息拜访反馈信息拜访反馈信息拜访反馈信息55', 'empCreate': 1450, 'visitTimeEnd': '2018-02-03T00:00:00+08:00', 'visitId': 1, 'visitPhone': '15010101010', 'visitName': '客户经理', 'visitTitle': '日常拜访'}, {'gmtModified': '2018-02-06T16:52:48+08:00', 'gmtCreate': '2018-02-06T16:13:38+08:00', 'togethers': [{'empTogether': 1526, 'visitId': 2, 'empName': '盛秀玲', 'id': 2}], 'saleType': 2, 'saleId': 9, 'visitTimeBegin': '2018-02-06T16:12:33+08:00', 'visitOpinion': '就是大家卡佛玩儿叫我阿将粉丝哦地方就是封建势力的风景罗问价哦是减肥是否就是就是锻炼腹肌巍峨佛教圣地房间数量大幅解放军数据就是大家卡佛玩儿叫我阿将粉丝哦地方就是封建势力的风景罗问价哦是减肥是否就是就是锻炼腹肌巍峨佛教圣地房间数量大幅解放军数据就是大家卡佛玩儿叫我阿将粉丝哦地方就是封建势力的风景罗问价哦是减肥是否就是就是锻炼腹肌巍峨佛教圣地房间数量大幅解放军数据连睡觉的房间我诶居然是凡所说的减肥来到减', 'empCreate': 2, 'visitTimeEnd': '2018-02-06T16:30:33+08:00', 'visitId': 2, 'visitPhone': '15116325589', 'visitName': '王先生', 'visitTitle': '日常拜访'}, {'gmtModified': '2018-02-06T16:15:48+08:00', 'gmtCreate': '2018-02-06T16:15:48+08:00', 'togethers': [{'empTogether': 1526, 'visitId': 3, 'empName': '盛秀玲', 'id': 3}], 'saleType': 2, 'saleId': 9, 'visitTimeBegin': '2018-02-06T00:00:00+08:00', 'empCreate': 2, 'visitTimeEnd': '2018-02-07T00:00:00+08:00', 'visitId': 3, 'visitPhone': '15114782556', 'visitName': '累计经纬街及非金属的风景lsdjfiej', 'visitTitle': '娇兰瞬间跌落时可接待否封建士大夫吉林省的'}, {'gmtModified': '2018-02-06T17:02:48+08:00', 'gmtCreate': '2018-02-06T16:55:48+08:00', 'togethers': [{'empTogether': 1526, 'visitId': 4, 'empName': '盛秀玲', 'id': 4}], 'saleType': 2, 'saleId': 9, 'visitTimeBegin': '2018-02-07T16:54:35+08:00', 'visitOpinion': '电饭锅是打发士大夫', 'empCreate': 2, 'visitTimeEnd': '2018-02-07T16:54:35+08:00', 'visitId': 4, 'visitPhone': '15116398856', 'visitName': '企业负责人李先生', 'visitTitle': '了解客户需求和探知客户意向'}, {'gmtModified': '2018-02-06T17:46:38+08:00', 'gmtCreate': '2018-02-06T17:46:17+08:00', 'togethers': [{'empTogether': 1452, 'visitId': 5, 'empName': '林姝', 'id': 5}], 'saleType': 3, 'saleId': 2, 'visitTimeBegin': '2018-02-06T00:00:00+08:00', 'visitOpinion': '拜访反馈信息其他原因输单其他原因输单其他原因输单其他原因输单其他原因输单其他原因输单其他原因输单其他原因输单其他原因输单其他原因输单其他原因输单其他原因输单其他原因输单其他原因输单其他原因输单其他原因输单其他原因输单其他原因输单其他原因输单其他原因输单其他原因输单其他原因输单其他原因输单其他原因输单其他原因输单其他原因输单其他原因输单其他原因输单其他原因输单其他原因输单其他原因输单其他原因输单其他', 'empCreate': 1465, 'visitTimeEnd': '2018-02-07T00:00:00+08:00', 'visitId': 5, 'visitPhone': '15074980908', 'visitName': '公司经理', 'visitTitle': '日常拜访'}, {'gmtModified': '2018-02-07T16:10:29+08:00', 'gmtCreate': '2018-02-07T16:10:29+08:00', 'togethers': [{'empTogether': 1452, 'visitId': 6, 'empName': '林姝', 'id': 6}], 'saleType': 3, 'saleId': 6, 'visitTimeBegin': '2018-02-07T13:00:00+08:00', 'empCreate': 1450, 'visitTimeEnd': '2018-02-07T23:59:59+08:00', 'visitId': 6, 'visitPhone': '18600000000', 'visitName': '公司经理', 'visitTitle': '日常拜访'}, {'gmtModified': '2018-02-07T16:36:48+08:00', 'gmtCreate': '2018-02-07T16:36:48+08:00', 'togethers': [{'empTogether': 1452, 'visitId': 7, 'empName': '林姝', 'id': 7}], 'saleType': 3, 'saleId': 1, 'visitTimeBegin': '2018-02-01T16:39:02+08:00', 'empCreate': 1450, 'visitTimeEnd': '2018-02-07T18:39:02+08:00', 'visitId': 7, 'visitPhone': '15074980908', 'visitName': '公司总经理', 'visitTitle': '商务洽谈'}, {'gmtModified': '2018-02-07T16:40:28+08:00', 'gmtCreate': '2018-02-07T16:40:28+08:00', 'togethers': [{'empTogether': 1145, 'visitId': 8, 'empName': '销售部员工1', 'id': 8}], 'saleType': 3, 'saleId': 1, 'visitTimeBegin': '2018-02-07T14:00:00+08:00', 'empCreate': 1450, 'visitTimeEnd': '2018-02-07T19:00:00+08:00', 'visitId': 8, 'visitPhone': '15074980908', 'visitName': '领导只能输入汉字吗数字不行吗什么规定好吧', 'visitTitle': '合同签订'}, {'gmtModified': '2018-02-07T17:17:01+08:00', 'gmtCreate': '2018-02-07T17:17:01+08:00', 'togethers': [{'empTogether': 1450, 'visitId': 9, 'empName': '盛秀玲', 'id': 9}], 'saleType': 3, 'saleId': 1, 'visitTimeBegin': '2018-02-07T08:00:00+08:00', 'empCreate': 1450, 'visitTimeEnd': '2018-02-07T17:00:00+08:00', 'visitId': 9, 'visitPhone': '15074980908', 'visitName': '拜访其他原因字数超限验证拜访其他原因字数', 'visitTitle': '拜访其他原因字数超限验证拜访其他原因字数'}, {'gmtModified': '2018-02-07T17:22:07+08:00', 'gmtCreate': '2018-02-07T17:22:07+08:00', 'togethers': [{'empTogether': 1450, 'visitId': 10, 'empName': '盛秀玲', 'id': 10}], 'saleType': 3, 'saleId': 1, 'visitTimeBegin': '2018-02-07T17:24:35+08:00', 'empCreate': 1450, 'visitTimeEnd': '2018-02-07T17:24:35+08:00', 'visitId': 10, 'visitPhone': '15010101010', 'visitName': '测试', 'visitTitle': '合同签订'}]}, 'result': 200, 'code': 0}, 'asserqiwang': 'code=403'}
[2018-05-23 11:57:20.200000] INFO: jiekou: post请求出错，出错原因:No JSON object could be decoded
[2018-05-23 11:57:20.219000] INFO: jiekou: inputdata> 参数:{'password':'1318'}, url:http://sp.ejw.cn/crm/v1/slclue ,返回:{'result': 401, 'code': 0},预期:code=403
[2018-05-23 11:57:20.220000] INFO: jiekou: 当前模块 断言测试结果
[2018-05-23 11:57:20.221000] INFO: jiekou: 全部args参数参数信息 , ()
[2018-05-23 11:57:20.222000] INFO: jiekou: 全部kwargs参数信息 , {'fanhuijson': {'result': 401, 'code': 0}, 'asserqiwang': 'code=403'}
[2018-05-23 11:57:20.239000] INFO: jiekou: inputdata> 参数:{'password':'1319'}, url:http://sp.ejw.cn/crm/v1/slcustomer-clean ,返回:{'result': 401, 'code': 0},预期:code=403
[2018-05-23 11:57:20.240000] INFO: jiekou: 当前模块 断言测试结果
[2018-05-23 11:57:20.241000] INFO: jiekou: 全部args参数参数信息 , ()
[2018-05-23 11:57:20.242000] INFO: jiekou: 全部kwargs参数信息 , {'fanhuijson': {'result': 401, 'code': 0}, 'asserqiwang': 'code=403'}
[2018-05-23 11:57:20.259000] INFO: jiekou: inputdata> 参数:{'password':'1320'}, url:http://sp.ejw.cn/crm/v1/slprotect/{protectId}/principal ,返回:{'result': 401, 'code': 0},预期:code=403
[2018-05-23 11:57:20.260000] INFO: jiekou: 当前模块 断言测试结果
[2018-05-23 11:57:20.261000] INFO: jiekou: 全部args参数参数信息 , ()
[2018-05-23 11:57:20.262000] INFO: jiekou: 全部kwargs参数信息 , {'fanhuijson': {'result': 401, 'code': 0}, 'asserqiwang': 'code=403'}
[2018-05-23 11:57:20.283000] INFO: jiekou: get请求出错，出错原因:No JSON object could be decoded
[2018-05-23 11:57:20.304000] INFO: jiekou: get请求出错，出错原因:No JSON object could be decoded
[2018-05-23 11:57:20.328000] INFO: jiekou: inputdata> 参数:{'password':'1323'}, url:http://sp.ejw.cn/crm/v1/partner/{partnerId}/customer-types ,返回:{'result': 401, 'code': 0},预期:code=403
[2018-05-23 11:57:20.329000] INFO: jiekou: 当前模块 断言测试结果
[2018-05-23 11:57:20.330000] INFO: jiekou: 全部args参数参数信息 , ()
[2018-05-23 11:57:20.331000] INFO: jiekou: 全部kwargs参数信息 , {'fanhuijson': {'result': 401, 'code': 0}, 'asserqiwang': 'code=403'}
[2018-05-23 11:57:20.351000] INFO: jiekou: get请求出错，出错原因:No JSON object could be decoded
[2018-05-23 11:57:20.372000] INFO: jiekou: get请求出错，出错原因:No JSON object could be decoded
[2018-05-23 11:57:20.392000] INFO: jiekou: inputdata> 参数:{'password':'1326'}, url:http://sp.ejw.cn/crm/v1/mkprojects-schemes ,返回:{'result': 401, 'code': 0},预期:code=403
[2018-05-23 11:57:20.393000] INFO: jiekou: 当前模块 断言测试结果
[2018-05-23 11:57:20.394000] INFO: jiekou: 全部args参数参数信息 , ()
[2018-05-23 11:57:20.395000] INFO: jiekou: 全部kwargs参数信息 , {'fanhuijson': {'result': 401, 'code': 0}, 'asserqiwang': 'code=403'}
[2018-05-23 11:57:20.414000] INFO: jiekou: inputdata> 参数:{'password':'1327'}, url:http://sp.ejw.cn/crm/v1/slprotect/{protectId}/shares ,返回:{'result': 401, 'code': 0},预期:code=403
[2018-05-23 11:57:20.415000] INFO: jiekou: 当前模块 断言测试结果
[2018-05-23 11:57:20.415000] INFO: jiekou: 全部args参数参数信息 , ()
[2018-05-23 11:57:20.416000] INFO: jiekou: 全部kwargs参数信息 , {'fanhuijson': {'result': 401, 'code': 0}, 'asserqiwang': 'code=403'}
[2018-05-23 11:57:20.433000] INFO: jiekou: post请求出错，出错原因:No JSON object could be decoded
[2018-05-23 11:57:20.454000] INFO: jiekou: get请求出错，出错原因:No JSON object could be decoded
[2018-05-23 11:57:20.471000] INFO: jiekou: inputdata> 参数:{'password':'1330'}, url:http://sp.ejw.cn/crm/v1/mkprojects-all ,返回:{'result': 401, 'code': 0},预期:code=403
[2018-05-23 11:57:20.472000] INFO: jiekou: 当前模块 断言测试结果
[2018-05-23 11:57:20.472000] INFO: jiekou: 全部args参数参数信息 , ()
[2018-05-23 11:57:20.473000] INFO: jiekou: 全部kwargs参数信息 , {'fanhuijson': {'result': 401, 'code': 0}, 'asserqiwang': 'code=403'}
[2018-05-23 11:57:20.499000] INFO: jiekou: inputdata> 参数:{'password':'1331'}, url:http://sp.ejw.cn/crm/v1/slcustomer ,返回:{'result_act': {'errors': [], 'message': '不支持当前请求方法', 'code': 405}, 'result': 405, 'code': 0},预期:code=403
[2018-05-23 11:57:20.500000] INFO: jiekou: 当前模块 断言测试结果
[2018-05-23 11:57:20.501000] INFO: jiekou: 全部args参数参数信息 , ()
[2018-05-23 11:57:20.501000] INFO: jiekou: 全部kwargs参数信息 , {'fanhuijson': {'result_act': {'errors': [], 'message': '不支持当前请求方法', 'code': 405}, 'result': 405, 'code': 0}, 'asserqiwang': 'code=403'}
[2018-05-23 11:57:20.521000] INFO: jiekou: inputdata> 参数:{'password':'1332'}, url:http://sp.ejw.cn/crm/v1/partner/{partnerId}/project-type/{typeId}/use ,返回:{'result': 401, 'code': 0},预期:code=403
[2018-05-23 11:57:20.522000] INFO: jiekou: 当前模块 断言测试结果
[2018-05-23 11:57:20.522000] INFO: jiekou: 全部args参数参数信息 , ()
[2018-05-23 11:57:20.523000] INFO: jiekou: 全部kwargs参数信息 , {'fanhuijson': {'result': 401, 'code': 0}, 'asserqiwang': 'code=403'}
[2018-05-23 11:57:20.550000] INFO: jiekou: get请求出错，出错原因:No JSON object could be decoded
[2018-05-23 11:57:20.575000] INFO: jiekou: inputdata> 参数:{'password':'1334'}, url:http://sp.ejw.cn/crm/v1/slcustomer/validstatus ,返回:{'result_act': {'errors': [], 'message': '请求参数异常', 'code': 400}, 'result': 400, 'code': 0},预期:code=403
[2018-05-23 11:57:20.576000] INFO: jiekou: 当前模块 断言测试结果
[2018-05-23 11:57:20.577000] INFO: jiekou: 全部args参数参数信息 , ()
[2018-05-23 11:57:20.577000] INFO: jiekou: 全部kwargs参数信息 , {'fanhuijson': {'result_act': {'errors': [], 'message': '请求参数异常', 'code': 400}, 'result': 400, 'code': 0}, 'asserqiwang': 'code=403'}
[2018-05-23 11:57:20.593000] INFO: jiekou: inputdata> 参数:{'password':'1335'}, url:http://sp.ejw.cn/crm/v1/mkverifies ,返回:{'result': 401, 'code': 0},预期:code=403
[2018-05-23 11:57:20.593000] INFO: jiekou: 当前模块 断言测试结果
[2018-05-23 11:57:20.594000] INFO: jiekou: 全部args参数参数信息 , ()
[2018-05-23 11:57:20.594000] INFO: jiekou: 全部kwargs参数信息 , {'fanhuijson': {'result': 401, 'code': 0}, 'asserqiwang': 'code=403'}
[2018-05-23 11:57:20.611000] INFO: jiekou: inputdata> 参数:{'password':'1336'}, url:http://sp.ejw.cn/crm/v1/mkscheme/{schemeId}/costs ,返回:{'result': 401, 'code': 0},预期:code=403
[2018-05-23 11:57:20.612000] INFO: jiekou: 当前模块 断言测试结果
[2018-05-23 11:57:20.612000] INFO: jiekou: 全部args参数参数信息 , ()
[2018-05-23 11:57:20.612000] INFO: jiekou: 全部kwargs参数信息 , {'fanhuijson': {'result': 401, 'code': 0}, 'asserqiwang': 'code=403'}
[2018-05-23 11:57:20.633000] INFO: jiekou: get请求出错，出错原因:No JSON object could be decoded
[2018-05-23 11:57:20.649000] INFO: jiekou: inputdata> 参数:{'password':'1338'}, url:http://sp.ejw.cn/crm/v1/sldaytasks/status ,返回:{'result': 401, 'code': 0},预期:code=403
[2018-05-23 11:57:20.650000] INFO: jiekou: 当前模块 断言测试结果
[2018-05-23 11:57:20.650000] INFO: jiekou: 全部args参数参数信息 , ()
[2018-05-23 11:57:20.650000] INFO: jiekou: 全部kwargs参数信息 , {'fanhuijson': {'result': 401, 'code': 0}, 'asserqiwang': 'code=403'}
[2018-05-23 11:57:20.674000] INFO: jiekou: inputdata> 参数:{'password':'1339'}, url:http://sp.ejw.cn/crm/v1/mkclue ,返回:{'result_act': {'errors': [], 'message': '不支持当前请求方法', 'code': 405}, 'result': 405, 'code': 0},预期:code=403
[2018-05-23 11:57:20.675000] INFO: jiekou: 当前模块 断言测试结果
[2018-05-23 11:57:20.675000] INFO: jiekou: 全部args参数参数信息 , ()
[2018-05-23 11:57:20.676000] INFO: jiekou: 全部kwargs参数信息 , {'fanhuijson': {'result_act': {'errors': [], 'message': '不支持当前请求方法', 'code': 405}, 'result': 405, 'code': 0}, 'asserqiwang': 'code=403'}
[2018-05-23 11:57:20.691000] INFO: jiekou: inputdata> 参数:{'password':'1340'}, url:http://sp.ejw.cn/crm/v1/slcustomer/{customerId}/shares ,返回:{'result': 401, 'code': 0},预期:code=403
[2018-05-23 11:57:20.692000] INFO: jiekou: 当前模块 断言测试结果
[2018-05-23 11:57:20.692000] INFO: jiekou: 全部args参数参数信息 , ()
[2018-05-23 11:57:20.693000] INFO: jiekou: 全部kwargs参数信息 , {'fanhuijson': {'result': 401, 'code': 0}, 'asserqiwang': 'code=403'}
[2018-05-23 11:57:20.712000] INFO: jiekou: post请求出错，出错原因:No JSON object could be decoded
